Log file open, 05/17/19 20:08:20
LogInit:Display: Running engine for game: BananaCollector
LogPlatformFile: Not using cached read wrapper
LogInit:Display: RandInit(-1890262627) SRandInit(-1890262626).
LogTaskGraph: Started task graph with 5 named threads and 6 total threads with 1 sets of task threads.
LogStats: Stats thread started at 0.319076
LogInit: Using libcurl 7.47.1
LogInit:  - built for x86_64-pc-win32
LogInit:  - supports SSL with OpenSSL/1.0.2g
LogInit:  - supports HTTP deflate (compression) using libz 1.2.8
LogInit:  - other features:
LogInit:      CURL_VERSION_SSL
LogInit:      CURL_VERSION_LIBZ
LogInit:      CURL_VERSION_IPV6
LogInit:      CURL_VERSION_ASYNCHDNS
LogInit:      CURL_VERSION_LARGEFILE
LogInit:      CURL_VERSION_IDN
LogInit:  CurlRequestOptions (configurable via config and command line):
LogInit:  - bVerifyPeer = false  - Libcurl will NOT verify peer certificate
LogInit:  - bUseHttpProxy = false  - Libcurl will NOT use HTTP proxy
LogInit:  - bDontReuseConnections = false  - Libcurl will reuse connections
LogInit:  - CertBundlePath = nullptr  - Libcurl will use whatever was configured at build time.
LogInit: Build: ++UE4+Release-4.15-CL-3450819
LogInit: Engine Version: 4.15.3-3450819+++UE4+Release-4.15
LogInit: Compatible Engine Version: 4.15.0-3299760+++UE4+Release-4.15
LogInit: Net CL: 3299760
LogDevObjectVersion: Number of dev versions registered: 14
LogDevObjectVersion:   Dev-Blueprints (B0D832E4-1F89-4F0D-ACCF-7EB736FD4AA2): 8
LogDevObjectVersion:   Dev-Build (E1C64328-A22C-4D53-A36C-8E866417BD8C): 0
LogDevObjectVersion:   Dev-Core (375EC13C-06E4-48FB-B500-84F0262A717E): 2
LogDevObjectVersion:   Dev-Editor (E4B068ED-F494-42E9-A231-DA0B2E46BB41): 14
LogDevObjectVersion:   Dev-Framework (CFFC743F-43B0-4480-9391-14DF171D2073): 22
LogDevObjectVersion:   Dev-Mobile (B02B49B5-BB20-44E9-A304-32B752E40360): 0
LogDevObjectVersion:   Dev-Networking (A4E4105C-59A1-49B5-A7C5-40C4547EDFEE): 0
LogDevObjectVersion:   Dev-Online (39C831C9-5AE6-47DC-9A44-9C173E1C8E7C): 0
LogDevObjectVersion:   Dev-Physics (78F01B33-EBEA-4F98-B9B4-84EACCB95AA2): 0
LogDevObjectVersion:   Dev-Platform (6631380F-2D4D-43E0-8009-CF276956A95A): 0
LogDevObjectVersion:   Dev-Rendering (12F88B9F-8875-4AFC-A67C-D90C383ABD29): 12
LogDevObjectVersion:   Dev-Sequencer (7B5AE74C-D270-4C10-A958-57980B212A5A): 3
LogDevObjectVersion:   Dev-VR (D7296918-1DD6-4BDD-9DE2-64A83CC13884): 0
LogDevObjectVersion:   Dev-LoadTimes (C2A15278-BFE7-4AFE-6C17-90FF531DF755): 1
LogInit: Compiled (64-bit): May 21 2017 11:02:34
LogInit: Compiled with Visual C++: 19.00.23026.00
LogInit: Build Configuration: Development
LogInit: Branch Name: ++UE4+Release-4.15
LogInit: Command line: -EpicPortal  -epicusername="SL RydEr" -epicuserid=75d3919b08194cf6acb7c63bb9aaf1cc -epiclocale=en-US
LogInit: Base directory: C:/Program Files/Epic Games/UE_4.15/Engine/Binaries/Win64/
LogInit: Installed Engine Build: 1
LogInit: Presizing for max 8388607 objects, including 0 objects not considered by GC, pre-allocating 0 bytes for permanent pool.
LogInit: Object subsystem initialized
[2019.05.17-14.38.23:170][  0]LogInit: Selected Device Profile: [Windows]
[2019.05.17-14.38.23:170][  0]LogInit: Applying CVar settings loaded from the selected device profile: [Windows]
[2019.05.17-14.38.23:185][  0]LogInit: Computer: LAPTOP-GOLB6O3O
[2019.05.17-14.38.23:185][  0]LogInit: User: Acer
[2019.05.17-14.38.23:185][  0]LogInit: CPU Page size=65536, Cores=2
[2019.05.17-14.38.23:185][  0]LogInit: High frequency timer resolution =10.000000 MHz
[2019.05.17-14.38.23:186][  0]LogMemory: Memory total: Physical=7.9GB (8GB approx)
[2019.05.17-14.38.23:186][  0]LogMemory: Platform Memory Stats for Windows
[2019.05.17-14.38.23:186][  0]LogMemory: Process Physical Memory: 262.03 MB used, 262.04 MB peak
[2019.05.17-14.38.23:186][  0]LogMemory: Process Virtual Memory: 262.07 MB used, 262.07 MB peak
[2019.05.17-14.38.23:186][  0]LogMemory: Physical Memory: 5685.84 MB used,  2372.75 MB free, 8058.59 MB total
[2019.05.17-14.38.23:186][  0]LogMemory: Virtual Memory: 4776.27 MB used,  2372.75 MB free, 134217728.00 MB total
[2019.05.17-14.38.23:510][  0]LogTextLocalizationManager: No specific translations for ('en-US') exist, so ('en') translations will be used.
[2019.05.17-14.38.29:868][  0]LogD3D11RHI: D3D11 adapters:
[2019.05.17-14.38.29:922][  0]LogD3D11RHI:    0. 'NVIDIA GeForce 920M' (Feature Level 11_0)
[2019.05.17-14.38.29:922][  0]LogD3D11RHI:       2020/0/4029 MB DedicatedVideo/DedicatedSystem/SharedSystem, Outputs:1, VendorId:0x10de
[2019.05.17-14.38.29:946][  0]LogD3D11RHI:    1. 'Intel(R) HD Graphics 520' (Feature Level 11_0)
[2019.05.17-14.38.29:946][  0]LogD3D11RHI:       128/0/4029 MB DedicatedVideo/DedicatedSystem/SharedSystem, Outputs:0, VendorId:0x8086
[2019.05.17-14.38.29:950][  0]LogD3D11RHI:    2. 'Microsoft Basic Render Driver' (Feature Level 11_0)
[2019.05.17-14.38.29:950][  0]LogD3D11RHI:       0/0/4029 MB DedicatedVideo/DedicatedSystem/SharedSystem, Outputs:0, VendorId:0x1414
[2019.05.17-14.38.29:950][  0]LogD3D11RHI: Chosen D3D11 Adapter: 0
[2019.05.17-14.38.30:069][  0]LogD3D11RHI: Creating new Direct3DDevice
[2019.05.17-14.38.30:069][  0]LogD3D11RHI:     GPU DeviceId: 0x1299 (for the marketing name, search the web for "GPU Device Id")
[2019.05.17-14.38.30:069][  0]LogWindows: EnumDisplayDevices:
[2019.05.17-14.38.30:069][  0]LogWindows:    0. 'Intel(R) HD Graphics 520' (P:1 D:1)
[2019.05.17-14.38.30:070][  0]LogWindows:    1. 'Intel(R) HD Graphics 520' (P:0 D:0)
[2019.05.17-14.38.30:070][  0]LogWindows:    2. 'Intel(R) HD Graphics 520' (P:0 D:0)
[2019.05.17-14.38.30:070][  0]LogWindows: DebugString: GetVideoDriverDetailsInvalid PrimaryIsNotTheChoosenAdapter GetVideoDriverDetailsInvalid PrimaryIsNotTheChoosenAdapter GetVideoDriverDetailsInvalid PrimaryIsNotTheChoosenAdapter FoundDriverCount:0 
[2019.05.17-14.38.30:070][  0]LogD3D11RHI:     Adapter Name: NVIDIA GeForce 920M
[2019.05.17-14.38.30:070][  0]LogD3D11RHI:   Driver Version: Unknown (internal:Unknown, unified:Unknown)
[2019.05.17-14.38.30:070][  0]LogD3D11RHI:      Driver Date: Unknown
[2019.05.17-14.38.30:070][  0]LogRHI: Texture pool is 1361 MB (70% of 1945 MB)
[2019.05.17-14.38.30:102][  0]LogD3D11RHI:Warning: Timestamp queries are currently disabled on this hardware due to instability. Realtime GPU stats will not be available. You can override this behaviour by setting r.NVIDIATimestampWorkaround to 0
[2019.05.17-14.38.30:104][  0]LogD3D11RHI: Async texture creation enabled
[2019.05.17-14.38.30:124][  0]LogD3D11RHI: GPU Timing Frequency: 1000.000000 (Debug: 2 1)
[2019.05.17-14.38.30:126][  0]LogShaderCompilers: Guid format shader working directory is -28 characters bigger than the processId version (E:/ACEDAMIC/3rd Year/SCS 3113 - Game development/BananaCollectorStarter/Intermediate/Shaders/WorkingDirectory/205096/).
[2019.05.17-14.38.30:126][  0]LogShaderCompilers: Cleaned the shader compiler working directory 'C:/Users/Acer/AppData/Local/Temp/UnrealShaderWorkingDir/F13C37E94B155F966FBEA6B8488648C7/'.
[2019.05.17-14.38.30:126][  0]LogShaderCompilers:Display: Using Local Shader Compiler.
[2019.05.17-14.38.36:957][  0]LogTemp:Display: Loaded TP AllDesktopTargetPlatform
[2019.05.17-14.38.37:160][  0]LogTemp:Display: Loaded TP MacClientTargetPlatform
[2019.05.17-14.38.37:348][  0]LogTemp:Display: Loaded TP MacNoEditorTargetPlatform
[2019.05.17-14.38.37:556][  0]LogTemp:Display: Loaded TP MacServerTargetPlatform
[2019.05.17-14.38.37:786][  0]LogTemp:Display: Loaded TP MacTargetPlatform
[2019.05.17-14.38.38:004][  0]LogTemp:Display: Loaded TP WindowsClientTargetPlatform
[2019.05.17-14.38.38:195][  0]LogTemp:Display: Loaded TP WindowsNoEditorTargetPlatform
[2019.05.17-14.38.38:445][  0]LogTemp:Display: Loaded TP WindowsServerTargetPlatform
[2019.05.17-14.38.38:592][  0]LogTemp:Display: Loaded TP WindowsTargetPlatform
[2019.05.17-14.38.38:841][  0]LogTemp:Display: Loaded TP AndroidTargetPlatform
[2019.05.17-14.38.39:055][  0]LogTemp:Display: Loaded TP Android_ASTCTargetPlatform
[2019.05.17-14.38.39:230][  0]LogTemp:Display: Loaded TP Android_ATCTargetPlatform
[2019.05.17-14.38.39:419][  0]LogTemp:Display: Loaded TP Android_DXTTargetPlatform
[2019.05.17-14.38.39:587][  0]LogTemp:Display: Loaded TP Android_ETC1TargetPlatform
[2019.05.17-14.38.39:763][  0]LogTemp:Display: Loaded TP Android_ETC2TargetPlatform
[2019.05.17-14.38.40:138][  0]LogTemp:Display: Loaded TP Android_MultiTargetPlatform
[2019.05.17-14.38.40:138][  0]LogTemp:Display: Loaded TP Android_PVRTCTargetPlatform
[2019.05.17-14.38.40:285][  0]LogTemp:Display: Loaded TP HTML5TargetPlatform
[2019.05.17-14.38.40:575][  0]LogTemp:Display: Loaded TP IOSTargetPlatform
[2019.05.17-14.38.40:693][  0]LogTemp:Display: Loaded TP TVOSTargetPlatform
[2019.05.17-14.38.40:904][  0]LogTemp:Display: Loaded TP LinuxClientTargetPlatform
[2019.05.17-14.38.41:119][  0]LogTemp:Display: Loaded TP LinuxNoEditorTargetPlatform
[2019.05.17-14.38.41:339][  0]LogTemp:Display: Loaded TP LinuxServerTargetPlatform
[2019.05.17-14.38.41:533][  0]LogTemp:Display: Loaded TP LinuxTargetPlatform
[2019.05.17-14.38.41:533][  0]LogTargetPlatformManager:Display: Building Assets For Windows
[2019.05.17-14.38.43:350][  0]LogDerivedDataCache:Display: Max Cache Size: 512 MB
[2019.05.17-14.38.43:424][  0]LogDerivedDataCache: Loaded boot cache 0.07s 50MB C:/Users/Acer/AppData/Local/UnrealEngine/4.15/DerivedDataCache/Boot.ddc.
[2019.05.17-14.38.43:424][  0]LogDerivedDataCache:Display: Loaded Boot cache: C:/Users/Acer/AppData/Local/UnrealEngine/4.15/DerivedDataCache/Boot.ddc
[2019.05.17-14.38.43:424][  0]LogDerivedDataCache: FDerivedDataBackendGraph:  Pak pak cache file E:/ACEDAMIC/3rd Year/SCS 3113 - Game development/BananaCollectorStarter/DerivedDataCache/DDC.ddp not found, will not use a pak cache.
[2019.05.17-14.38.43:424][  0]LogDerivedDataCache: Unable to find inner node Pak for hierarchical cache Hierarchy.
[2019.05.17-14.38.43:424][  0]LogDerivedDataCache: FDerivedDataBackendGraph:  CompressedPak pak cache file E:/ACEDAMIC/3rd Year/SCS 3113 - Game development/BananaCollectorStarter/DerivedDataCache/Compressed.ddp not found, will not use a pak cache.
[2019.05.17-14.38.43:424][  0]LogDerivedDataCache: Unable to find inner node CompressedPak for hierarchical cache Hierarchy.
[2019.05.17-14.38.43:465][  0]LogDerivedDataCache:Display: Pak cache opened for reading ../../../Engine/DerivedDataCache/Compressed.ddp.
[2019.05.17-14.38.43:478][  0]LogDerivedDataCache: Using Local data cache path C:/Users/Acer/AppData/Local/UnrealEngine/Common/DerivedDataCache: Writable
[2019.05.17-14.38.43:506][  0]LogSlate: Using Freetype 2.6.0
[2019.05.17-14.38.43:515][  0]LogSlate: SlateFontCache - WITH_FREETYPE: 1, WITH_HARFBUZZ: 1
[2019.05.17-14.38.43:515][  0]LogSlate: SlateFontCache - WITH_FREETYPE: 1, WITH_HARFBUZZ: 1
[2019.05.17-14.38.46:192][  0]LogInit: Selected Device Profile: [Windows]
[2019.05.17-14.38.46:200][  0]LogContentStreaming: Texture pool size is 0.00 MB
[2019.05.17-14.38.46:873][  0]LogMeshUtilities: Using QuadricMeshReduction for automatic static mesh reduction
[2019.05.17-14.38.47:057][  0]LogSimplygon: Simplygon DLL not present - disabling.
[2019.05.17-14.38.47:266][  0]LogMeshUtilities: Using SimplygonSwarm for distributed automatic mesh merging
[2019.05.17-14.38.47:266][  0]LogMeshUtilities: No automatic skeletal mesh reduction module available
[2019.05.17-14.38.47:266][  0]LogMeshUtilities: No automatic mesh merging module available
[2019.05.17-14.38.49:021][  0]LogNetVersion: GetLocalNetworkVersion: CL: 3299760, ProjectName: bananacollector, ProjectVersion: , EngineNetworkVersion: 2, GameNetworkVersion: 0, NetworkChecksum: 2521614572
[2019.05.17-14.38.49:150][  0]LogAssetRegistry: FAssetRegistry took 0.0243 seconds to start up
[2019.05.17-14.38.49:510][  0]LogPackageLocalizationCache: Processed 3 localized package path(s) for 2 prioritized culture(s) in 0.223142 seconds
[2019.05.17-14.38.49:526][  0]LogUObjectArray: 32493 objects as part of root set at end of initial load.
[2019.05.17-14.38.49:526][  0]LogUObjectAllocator: 7077024 out of 0 bytes used by permanent object pool.
[2019.05.17-14.38.49:526][  0]LogUObjectArray: CloseDisregardForGC: 0/0 objects in disregard for GC pool
[2019.05.17-14.38.50:058][  0]LogInit: WinSock: version 1.1 (2.2), MaxSocks=32767, MaxUdp=65467
[2019.05.17-14.38.59:013][  0]LogTcpMessaging: Initializing TcpMessaging bridge
[2019.05.17-14.38.59:155][  0]LogUdpMessaging: Initializing bridge on interface 0.0.0.0:0 to multicast group 230.0.0.1:6666.
[2019.05.17-14.39.01:010][  0]LogMaterial: Uniform references updated for custom material expression Custom.
[2019.05.17-14.39.02:654][  0]SourceControl: Info Source control is disabled
[2019.05.17-14.39.02:842][  0]SourceControl: Info Source control is disabled
[2019.05.17-14.39.03:101][  0]SourceControl: Info Source control is disabled
[2019.05.17-14.39.03:400][  0]SourceControl: Info Source control is disabled
[2019.05.17-14.39.08:611][  0]LogEngine: Initializing Engine...
[2019.05.17-14.39.08:612][  0]LogHMD: Failed to initialize OpenVR with code 110
[2019.05.17-14.39.08:976][  0]LogStats: UGameplayTagsManager::ConstructGameplayTagTree: Construct from data asset -  0.000 s
[2019.05.17-14.39.08:976][  0]LogStats: UGameplayTagsManager::ConstructGameplayTagTree: GameplayTagTreeChangedEvent.Broadcast -  0.000 s
[2019.05.17-14.39.09:684][  0]LogAIModule: Creating AISystem for world Untitled
[2019.05.17-14.39.09:735][  0]LogInit: XAudio2 using 'Speakers (Realtek High Definition Audio)' : 2 channels at 48 kHz using 32 bits per sample (channel mask 0x3)
[2019.05.17-14.39.09:818][  0]LogInit: FAudioDevice initialized.
[2019.05.17-14.39.09:864][  0]LogDerivedDataCache: Saved boot cache 0.05s 50MB C:/Users/Acer/AppData/Local/UnrealEngine/4.15/DerivedDataCache/Boot.ddc.
[2019.05.17-14.39.09:871][  0]LogInit: Texture streaming: Enabled
[2019.05.17-14.39.10:332][  0]LogEngineSessionManager: EngineSessionManager initialized
[2019.05.17-14.39.10:757][  0]LogInit: Transaction tracking system initialized
[2019.05.17-14.39.12:551][  0]BlueprintLog: New page: Editor Load
[2019.05.17-14.39.21:325][  0]LocalizationService: Info Localization service is disabled
[2019.05.17-14.39.27:833][  0]LogConsoleResponse:Display: 
[2019.05.17-14.39.28:230][  0]LogCook:Display: Max memory allowance for cook 16384mb min free memory 0mb
[2019.05.17-14.39.28:230][  0]LogCook:Display: Mobile HDR setting 1
[2019.05.17-14.39.28:341][  0]LogFileCache: Scanning file cache for directory 'E:/ACEDAMIC/3rd Year/SCS 3113 - Game development/BananaCollectorStarter/Content/' took 0.01s
[2019.05.17-14.39.35:663][  0]SourceControl: Info Source control is disabled
[2019.05.17-14.39.35:665][  0]Cmd: MAP LOAD FILE="E:/ACEDAMIC/3rd Year/SCS 3113 - Game development/BananaCollectorStarter/Content/BananaCollector/Maps/TutorialMap.umap" TEMPLATE=0 SHOWPROGRESS=1 FEATURELEVEL=3
[2019.05.17-14.39.35:665][  0]LightingResults: New page: Lighting Build
[2019.05.17-14.39.36:652][  0]MapCheck: New page: Map Check
[2019.05.17-14.39.36:652][  0]LightingResults: New page: Lighting Build
[2019.05.17-14.39.38:733][  0]LogAIModule: Creating AISystem for world TutorialMap
[2019.05.17-14.39.38:810][  0]LogEditorServer: Finished looking for orphan Actors (0.000 secs)
[2019.05.17-14.39.38:811][  0]Cmd: MAP CHECKDEP NOCLEARLOG
[2019.05.17-14.39.39:007][  0]MapCheck: Info Map check complete: 0 Error(s), 0 Warning(s), took 195.92ms to complete.
[2019.05.17-14.39.39:007][  0]LogFileHelpers: Loading map 'TutorialMap' took 3.343
[2019.05.17-14.39.39:503][  0]LogCollectionManager: Loaded 0 collections in 0.003448 seconds
[2019.05.17-14.39.39:714][  0]LogFileCache: Scanning file cache for directory 'E:/ACEDAMIC/3rd Year/SCS 3113 - Game development/BananaCollectorStarter/Saved/Collections/' took 0.01s
[2019.05.17-14.39.39:714][  0]LogFileCache: Scanning file cache for directory 'E:/ACEDAMIC/3rd Year/SCS 3113 - Game development/BananaCollectorStarter/Content/Developers/Acer/Collections/' took 0.01s
[2019.05.17-14.39.39:714][  0]LogFileCache: Scanning file cache for directory 'E:/ACEDAMIC/3rd Year/SCS 3113 - Game development/BananaCollectorStarter/Content/Collections/' took 0.01s
[2019.05.17-14.39.39:714][  0]LogCollectionManager: Rebuilt the GUID cache for 0 collections in 0.000004 seconds
[2019.05.17-14.39.39:739][  0]LogContentBrowser: Native class hierarchy populated in 0.0238 seconds. Added 2245 classes and 453 folders.
[2019.05.17-14.39.40:056][  0]LogContentBrowser: Native class hierarchy updated for 'WidgetCarousel' in 0.0007 seconds. Added 0 classes and 0 folders.
[2019.05.17-14.39.40:191][  0]LogContentBrowser: Native class hierarchy updated for 'AddContentDialog' in 0.0007 seconds. Added 0 classes and 0 folders.
[2019.05.17-14.39.40:378][  0]LogContentBrowser: Native class hierarchy updated for 'SceneOutliner' in 0.0007 seconds. Added 1 classes and 2 folders.
[2019.05.17-14.39.40:781][  0]LogCrashTracker: Crashtracker disabled due to settings.
[2019.05.17-14.39.40:805][  0]LogUObjectGlobals:Warning: Failed to find object 'Class None.'
[2019.05.17-14.39.41:023][  0]LogContentBrowser: Native class hierarchy updated for 'HierarchicalLODOutliner' in 0.0047 seconds. Added 1 classes and 2 folders.
[2019.05.17-14.39.41:024][  0]LogLoad: (Engine Initialization) Total time: 83.57 seconds
[2019.05.17-14.39.41:024][  0]LogLoad: (Engine Initialization) Total Blueprint compile time: 0.90 seconds
[2019.05.17-14.39.41:024][  0]LogExternalProfiler: No external profilers were discovered.  External profiling features will not be available.
[2019.05.17-14.39.41:043][  0]LogOcInput: OculusInput pre-init called
[2019.05.17-14.39.41:065][  0]LogContentStreaming: Texture pool size now 1000 MB
[2019.05.17-14.39.41:068][  0]LogSlate: Took 0.000603 seconds to synchronously load lazily loaded font '../../../Engine/Content/Slate/Fonts/Roboto-Regular.ttf' (155K)
[2019.05.17-14.39.41:078][  0]LogSlate: Took 0.000645 seconds to synchronously load lazily loaded font '../../../Engine/Content/Slate/Fonts/Roboto-Bold.ttf' (160K)
[2019.05.17-14.39.41:096][  0]LogSlate: Took 0.000434 seconds to synchronously load lazily loaded font '../../../Engine/Content/Editor/Slate/Fonts/FontAwesome.ttf' (139K)
[2019.05.17-14.39.41:392][  0]LogSlate: Took 0.000420 seconds to synchronously load lazily loaded font '../../../Engine/Content/Slate/Fonts/Roboto-Light.ttf' (159K)
[2019.05.17-14.39.41:502][  0]LogRenderer: Reallocating scene render targets to support 856x380 NumSamples 1 (Frame:2).
[2019.05.17-14.40.09:148][299]LogAssetRegistry: Asset discovery search completed in 80.0218 seconds
[2019.05.17-14.40.09:148][299]LogCollectionManager: Rebuilt the object cache for 0 collections in 0.000008 seconds (found 0 objects)
[2019.05.17-14.40.09:148][299]LogCollectionManager: Fixed up redirectors for 0 collections in 0.000039 seconds (updated 0 objects)
[2019.05.17-14.53.22:161][127]LogSlate: Took 0.000280 seconds to synchronously load lazily loaded font '../../../Engine/Content/Slate/Fonts/Roboto-Light.ttf' (159K)
[2019.05.17-14.53.23:079][127]LogSlate: Took 0.000256 seconds to synchronously load lazily loaded font '../../../Engine/Content/Slate/Fonts/Roboto-Regular.ttf' (155K)
[2019.05.17-14.53.24:578][127]LogContentBrowser: Native class hierarchy updated for 'BlueprintGraph' in 0.0014 seconds. Added 112 classes and 0 folders.
[2019.05.17-14.53.28:185][127]LogSlate: Took 0.015199 seconds to synchronously load lazily loaded font '../../../Engine/Content/Editor/Slate/Fonts/Roboto-BoldCondensed.ttf' (158K)
[2019.05.17-14.53.29:144][128]LogSlate: Took 0.044821 seconds to synchronously load lazily loaded font '../../../Engine/Content/Editor/Slate/Fonts/Roboto-Italic.ttf' (157K)
[2019.05.17-14.55.46:116][759]LogSlate: Took 0.000345 seconds to synchronously load lazily loaded font '../../../Engine/Content/Slate/Fonts/Roboto-Light.ttf' (159K)
[2019.05.17-14.55.55:281][786]LogFileHelpers: Editor autosave (incl. sublevels) for '/Game/BananaCollector/Maps/TutorialMap' took 0.089
[2019.05.17-14.55.55:330][786]OBJ SavePackage: Generating thumbnails for [0] asset(s) in package [/Game/BananaCollector/Blueprints/BP_Player] ([1] browsable assets)...
[2019.05.17-14.55.55:330][786]OBJ SavePackage: Finished generating thumbnails for package [/Game/BananaCollector/Blueprints/BP_Player]
[2019.05.17-14.55.55:370][786]LogSavePackage: Save=12.83ms
[2019.05.17-14.55.55:370][786]LogSavePackage: Moving 'E:/ACEDAMIC/3rd Year/SCS 3113 - Game development/BananaCollectorStarter/Saved/BP_Player_Auto1BA92368A48CA187956238CBAF2C5D865.tmp' to 'E:/ACEDAMIC/3rd Year/SCS 3113 - Game development/BananaCollectorStarter/Saved/Autosaves/Game/BananaCollector/Blueprints/BP_Player_Auto1.uasset'
[2019.05.17-14.55.55:371][786]LogSavePackage:Display: Finished SavePackage E:/ACEDAMIC/3rd Year/SCS 3113 - Game development/BananaCollectorStarter/Saved/Autosaves/Game/BananaCollector/Blueprints/BP_Player_Auto1.uasset
[2019.05.17-14.55.55:372][786]LogFileHelpers: Auto-saving content packages took 0.088
[2019.05.17-15.02.13:361][180]LogRenderer: Reallocating scene render targets to support 856x600 NumSamples 1 (Frame:36627).
[2019.05.17-15.07.00:514][115]LogFileHelpers: Editor autosave (incl. sublevels) for '/Game/BananaCollector/Maps/TutorialMap' took 0.132
[2019.05.17-15.07.00:521][115]OBJ SavePackage: Generating thumbnails for [0] asset(s) in package [/Game/BananaCollector/Blueprints/BP_Player] ([1] browsable assets)...
[2019.05.17-15.07.00:521][115]OBJ SavePackage: Finished generating thumbnails for package [/Game/BananaCollector/Blueprints/BP_Player]
[2019.05.17-15.07.00:559][115]LogSavePackage: Save=32.20ms
[2019.05.17-15.07.00:559][115]LogSavePackage: Moving 'E:/ACEDAMIC/3rd Year/SCS 3113 - Game development/BananaCollectorStarter/Saved/BP_Player_Auto241EF68AE429A96190DEA91A466B2EF07.tmp' to 'E:/ACEDAMIC/3rd Year/SCS 3113 - Game development/BananaCollectorStarter/Saved/Autosaves/Game/BananaCollector/Blueprints/BP_Player_Auto2.uasset'
[2019.05.17-15.07.00:562][115]LogSavePackage:Display: Finished SavePackage E:/ACEDAMIC/3rd Year/SCS 3113 - Game development/BananaCollectorStarter/Saved/Autosaves/Game/BananaCollector/Blueprints/BP_Player_Auto2.uasset
[2019.05.17-15.07.00:562][115]LogFileHelpers: Auto-saving content packages took 0.046
[2019.05.17-15.13.52:097][207]BlueprintLog: New page: Compile BP_Player
[2019.05.17-15.17.00:886][486]LogFileHelpers: Editor autosave (incl. sublevels) for '/Game/BananaCollector/Maps/TutorialMap' took 0.074
[2019.05.17-15.17.00:889][486]OBJ SavePackage: Generating thumbnails for [1] asset(s) in package [/Game/BananaCollector/Blueprints/BP_Player] ([1] browsable assets)...
[2019.05.17-15.17.00:997][486]OBJ SavePackage:     Rendered thumbnail for [Blueprint /Game/BananaCollector/Blueprints/BP_Player.BP_Player]
[2019.05.17-15.17.00:997][486]OBJ SavePackage: Finished generating thumbnails for package [/Game/BananaCollector/Blueprints/BP_Player]
[2019.05.17-15.17.01:042][486]LogSavePackage: Save=42.57ms
[2019.05.17-15.17.01:042][486]LogSavePackage: Moving 'E:/ACEDAMIC/3rd Year/SCS 3113 - Game development/BananaCollectorStarter/Saved/BP_Player_Auto3CC28E970440AEFA941E4C4B9924B4C51.tmp' to 'E:/ACEDAMIC/3rd Year/SCS 3113 - Game development/BananaCollectorStarter/Saved/Autosaves/Game/BananaCollector/Blueprints/BP_Player_Auto3.uasset'
[2019.05.17-15.17.01:047][486]LogSavePackage:Display: Finished SavePackage E:/ACEDAMIC/3rd Year/SCS 3113 - Game development/BananaCollectorStarter/Saved/Autosaves/Game/BananaCollector/Blueprints/BP_Player_Auto3.uasset
[2019.05.17-15.17.01:048][486]LogFileHelpers: Auto-saving content packages took 0.160
[2019.05.17-16.32.54:504][ 42]LogSlate:Warning: Prevented a slow task dialog from being summoned while a context menu was open
[2019.05.17-16.38.20:354][557]BlueprintLog: New page: Compile GM_Tutorial
[2019.05.17-16.38.23:743][667]LogActorComponent: UnregisterComponent: (/Engine/Transient.EditorFloorComp) Not registered. Aborting.
[2019.05.17-16.39.29:810][723]LogSlate:Warning: Prevented a slow task dialog from being summoned while a context menu was open
[2019.05.17-16.40.23:235][194]LogSavePackage: Save=973.72ms
[2019.05.17-16.40.23:235][194]LogSavePackage: Moving 'E:/ACEDAMIC/3rd Year/SCS 3113 - Game development/BananaCollectorStarter/Saved/TutorialMap_Auto4C9420C3547F88A183527ADA9639B5EE4.tmp' to 'E:/ACEDAMIC/3rd Year/SCS 3113 - Game development/BananaCollectorStarter/Saved/Autosaves/Game/BananaCollector/Maps/TutorialMap_Auto4.umap'
[2019.05.17-16.40.23:239][194]LogSavePackage:Display: Finished SavePackage E:/ACEDAMIC/3rd Year/SCS 3113 - Game development/BananaCollectorStarter/Saved/Autosaves/Game/BananaCollector/Maps/TutorialMap_Auto4.umap
[2019.05.17-16.40.23:274][194]LogFileHelpers: Editor autosave (incl. sublevels) for '/Game/BananaCollector/Maps/TutorialMap' took 1.168
[2019.05.17-16.40.23:274][194]LogFileHelpers: Editor autosave (incl. sublevels) for all levels took 1.168
[2019.05.17-16.40.23:286][194]OBJ SavePackage: Generating thumbnails for [0] asset(s) in package [/Game/BananaCollector/Blueprints/GM_Tutorial] ([1] browsable assets)...
[2019.05.17-16.40.23:286][194]OBJ SavePackage: Finished generating thumbnails for package [/Game/BananaCollector/Blueprints/GM_Tutorial]
[2019.05.17-16.40.23:350][194]LogSavePackage: Save=27.10ms
[2019.05.17-16.40.23:350][194]LogSavePackage: Moving 'E:/ACEDAMIC/3rd Year/SCS 3113 - Game development/BananaCollectorStarter/Saved/GM_Tutorial_Auto49B44AA1D42B21B038E7202AD34318026.tmp' to 'E:/ACEDAMIC/3rd Year/SCS 3113 - Game development/BananaCollectorStarter/Saved/Autosaves/Game/BananaCollector/Blueprints/GM_Tutorial_Auto4.uasset'
[2019.05.17-16.40.23:352][194]LogSavePackage:Display: Finished SavePackage E:/ACEDAMIC/3rd Year/SCS 3113 - Game development/BananaCollectorStarter/Saved/Autosaves/Game/BananaCollector/Blueprints/GM_Tutorial_Auto4.uasset
[2019.05.17-16.40.23:352][194]LogFileHelpers: Auto-saving content packages took 0.069
[2019.05.17-16.42.31:645][408]LogNavigationPoint: PostEditMove Clear paths rebuilt
[2019.05.17-16.42.41:298][762]LogNavigationPoint: PostEditMove Clear paths rebuilt
[2019.05.17-16.42.43:417][841]LogNavigationPoint: PostEditMove Clear paths rebuilt
[2019.05.17-16.42.56:461][243]LogNavigationPoint: PostEditMove Clear paths rebuilt
[2019.05.17-16.42.59:145][347]LogNavigationPoint: PostEditMove Clear paths rebuilt
[2019.05.17-16.43.11:374][760]LogNavigationPoint: PostEditMove Clear paths rebuilt
[2019.05.17-16.43.21:139][104]Cmd: DELETE
[2019.05.17-16.43.21:154][104]Cmd: ACTOR DELETE
[2019.05.17-16.43.21:443][104]LogEditorActor: Deleted Actor: PlayerStart
[2019.05.17-16.43.21:572][104]LogEditorActor: Deleted 1 Actors (0.158 secs)
[2019.05.17-16.43.33:528][506]LogEditorViewport: Clicking on Actor (LMB): StaticMeshActor (Cube)
[2019.05.17-16.43.40:097][720]LogEditorViewport: Clicking on Actor (context menu): StaticMeshActor (Cube)
[2019.05.17-16.43.41:452][758]LogEditorViewport: Clicking on Actor (LMB): StaticMeshActor (Cube)
[2019.05.17-16.44.43:269][674]LogTemp: Repeting last play command: Selected Viewport
[2019.05.17-16.44.43:337][674]LogBlueprintUserMessages: Early PlayInEditor Detection: Level '/Game/BananaCollector/Maps/TutorialMap.TutorialMap:PersistentLevel' has LevelScriptBlueprint '/Game/BananaCollector/Maps/TutorialMap.TutorialMap:PersistentLevel.TutorialMap' with GeneratedClass '/Game/BananaCollector/Maps/TutorialMap.TutorialMap_C' with ClassGeneratedBy '/Game/BananaCollector/Maps/TutorialMap.TutorialMap:PersistentLevel.TutorialMap'
[2019.05.17-16.44.43:344][674]LogPlayLevel: PlayLevel: No blueprints needed recompiling
[2019.05.17-16.44.43:575][674]PIE: New page: PIE session: TutorialMap (May 18, 2019, 3:44:43 AM)
[2019.05.17-16.44.43:610][674]LogPlayLevel: Creating play world package: /Game/BananaCollector/Maps/UEDPIE_0_TutorialMap
[2019.05.17-16.44.43:676][674]LogPlayLevel: PIE: StaticDuplicateObject took: (0.066346s)
[2019.05.17-16.44.43:680][674]LogAIModule: Creating AISystem for world TutorialMap
[2019.05.17-16.44.43:681][674]LogPlayLevel: PIE: World Init took: (0.004750s)
[2019.05.17-16.44.43:699][674]LogPlayLevel: PIE: Created PIE world by copying editor world from /Game/BananaCollector/Maps/TutorialMap.TutorialMap to /Game/BananaCollector/Maps/UEDPIE_0_TutorialMap.TutorialMap (0.088681s)
[2019.05.17-16.44.43:856][674]LogInit: XAudio2 using 'Speakers (Realtek High Definition Audio)' : 2 channels at 48 kHz using 32 bits per sample (channel mask 0x3)
[2019.05.17-16.44.43:911][674]LogInit: FAudioDevice initialized.
[2019.05.17-16.44.44:151][674]LogLoad: Game class is 'GM_Tutorial_C'
[2019.05.17-16.44.44:373][674]LogWorld: Bringing World /Game/BananaCollector/Maps/UEDPIE_0_TutorialMap.TutorialMap up for play (max tick rate 60) at 2019.05.17-22.14.44
[2019.05.17-16.44.44:424][674]LogWorld: Bringing up level for play took: 0.055170
[2019.05.17-16.44.44:956][674]LogContentBrowser: Native class hierarchy updated for 'MovieSceneCapture' in 0.0096 seconds. Added 11 classes and 0 folders.
[2019.05.17-16.44.45:063][674]PIE: Info Play in editor start time for /Game/BananaCollector/Maps/UEDPIE_0_TutorialMap 1.995
[2019.05.17-16.44.45:065][674]LogBlueprintUserMessages: Late PlayInEditor Detection: Level '/Game/BananaCollector/Maps/TutorialMap.TutorialMap:PersistentLevel' has LevelScriptBlueprint '/Game/BananaCollector/Maps/TutorialMap.TutorialMap:PersistentLevel.TutorialMap' with GeneratedClass '/Game/BananaCollector/Maps/TutorialMap.TutorialMap_C' with ClassGeneratedBy '/Game/BananaCollector/Maps/TutorialMap.TutorialMap:PersistentLevel.TutorialMap'
[2019.05.17-16.45.49:018][407]LogBlueprintUserMessages: Early EndPlayMap Detection: Level '/Game/BananaCollector/Maps/TutorialMap.TutorialMap:PersistentLevel' has LevelScriptBlueprint '/Game/BananaCollector/Maps/TutorialMap.TutorialMap:PersistentLevel.TutorialMap' with GeneratedClass '/Game/BananaCollector/Maps/TutorialMap.TutorialMap_C' with ClassGeneratedBy '/Game/BananaCollector/Maps/TutorialMap.TutorialMap:PersistentLevel.TutorialMap'
[2019.05.17-16.45.49:305][407]LogBlueprintUserMessages: Late EndPlayMap Detection: Level '/Game/BananaCollector/Maps/TutorialMap.TutorialMap:PersistentLevel' has LevelScriptBlueprint '/Game/BananaCollector/Maps/TutorialMap.TutorialMap:PersistentLevel.TutorialMap' with GeneratedClass '/Game/BananaCollector/Maps/TutorialMap.TutorialMap_C' with ClassGeneratedBy '/Game/BananaCollector/Maps/TutorialMap.TutorialMap:PersistentLevel.TutorialMap'
[2019.05.17-16.51.30:377][673]LogSavePackage: Save=654.98ms
[2019.05.17-16.51.30:377][673]LogSavePackage: Moving 'E:/ACEDAMIC/3rd Year/SCS 3113 - Game development/BananaCollectorStarter/Saved/TutorialMap_Auto586D813984CF67584880216989FD54E83.tmp' to 'E:/ACEDAMIC/3rd Year/SCS 3113 - Game development/BananaCollectorStarter/Saved/Autosaves/Game/BananaCollector/Maps/TutorialMap_Auto5.umap'
[2019.05.17-16.51.30:380][673]LogSavePackage:Display: Finished SavePackage E:/ACEDAMIC/3rd Year/SCS 3113 - Game development/BananaCollectorStarter/Saved/Autosaves/Game/BananaCollector/Maps/TutorialMap_Auto5.umap
[2019.05.17-16.51.30:388][673]LogFileHelpers: Editor autosave (incl. sublevels) for '/Game/BananaCollector/Maps/TutorialMap' took 0.834
[2019.05.17-16.51.30:388][673]LogFileHelpers: Editor autosave (incl. sublevels) for all levels took 0.834
[2019.05.17-17.00.26:311][230]LogSavePackage: Save=310.52ms
[2019.05.17-17.00.26:311][230]LogSavePackage: Moving 'E:/ACEDAMIC/3rd Year/SCS 3113 - Game development/BananaCollectorStarter/Saved/TutorialMap5900941A4BAF66FD576DB6AE918DA381.tmp' to 'E:/ACEDAMIC/3rd Year/SCS 3113 - Game development/BananaCollectorStarter/Content/BananaCollector/Maps/TutorialMap.umap'
[2019.05.17-17.00.26:317][230]LogSavePackage:Display: Finished SavePackage E:/ACEDAMIC/3rd Year/SCS 3113 - Game development/BananaCollectorStarter/Content/BananaCollector/Maps/TutorialMap.umap
[2019.05.17-17.00.26:416][230]LogFileHelpers: Saving map 'TutorialMap' took 0.896
[2019.05.17-17.00.26:562][230]LogSavePackage: Save=45.59ms
[2019.05.17-17.00.26:562][230]LogSavePackage: Moving 'E:/ACEDAMIC/3rd Year/SCS 3113 - Game development/BananaCollectorStarter/Saved/BP_PlayerE16996A2401389D744810AA199B7444B.tmp' to 'E:/ACEDAMIC/3rd Year/SCS 3113 - Game development/BananaCollectorStarter/Content/BananaCollector/Blueprints/BP_Player.uasset'
[2019.05.17-17.00.26:609][230]LogSavePackage:Display: Finished SavePackage E:/ACEDAMIC/3rd Year/SCS 3113 - Game development/BananaCollectorStarter/Content/BananaCollector/Blueprints/BP_Player.uasset
[2019.05.17-17.00.26:661][230]LogSavePackage: Save=26.67ms
[2019.05.17-17.00.26:661][230]LogSavePackage: Moving 'E:/ACEDAMIC/3rd Year/SCS 3113 - Game development/BananaCollectorStarter/Saved/GM_TutorialB23085784D21E28F918E78845684DF11.tmp' to 'E:/ACEDAMIC/3rd Year/SCS 3113 - Game development/BananaCollectorStarter/Content/BananaCollector/Blueprints/GM_Tutorial.uasset'
[2019.05.17-17.00.26:678][230]LogSavePackage:Display: Finished SavePackage E:/ACEDAMIC/3rd Year/SCS 3113 - Game development/BananaCollectorStarter/Content/BananaCollector/Blueprints/GM_Tutorial.uasset
[2019.05.17-17.00.48:464][440]LogWindowsTextInputMethodSystem:Display: IME system now deactivated.
[2019.05.17-17.00.50:178][441]Cmd: QUIT_EDITOR
[2019.05.17-17.00.55:519][441]LogExit: Preparing to exit.
[2019.05.17-17.01.02:669][441]LogExit: Editor shut down
[2019.05.17-17.01.02:672][441]LogExit: Transaction tracking system shut down
[2019.05.17-17.01.11:651][441]LogObj: Freed 0b from 0 cluster array pools.
[2019.05.17-17.01.11:656][441]LogExit: Object subsystem successfully closed.
[2019.05.17-17.01.12:657][441]LogD3D11RHI: Shutdown
[2019.05.17-17.01.12:657][441]LogD3D11RHI: CleanupD3DDevice
[2019.05.17-17.01.14:362][441]LogD3D11RHI: ~FD3D11DynamicRHI
[2019.05.17-17.01.16:513][441]LogModuleManager: Shutting down and abandoning module MovieSceneCapture (506)
[2019.05.17-17.01.16:513][441]LogModuleManager: Shutting down and abandoning module HierarchicalLODUtilities (504)
[2019.05.17-17.01.16:530][441]LogModuleManager: Shutting down and abandoning module BlueprintGraph (502)
[2019.05.17-17.01.16:530][441]LogModuleManager: Shutting down and abandoning module BlueprintProfiler (500)
[2019.05.17-17.01.16:555][441]LogModuleManager: Shutting down and abandoning module HierarchicalLODOutliner (498)
[2019.05.17-17.01.16:570][441]LogModuleManager: Shutting down and abandoning module CrashTracker (496)
[2019.05.17-17.01.16:583][441]LogModuleManager: Shutting down and abandoning module SceneOutliner (494)
[2019.05.17-17.01.16:583][441]LogModuleManager: Shutting down and abandoning module AddContentDialog (492)
[2019.05.17-17.01.16:614][441]LogDirectoryWatcher: A directory notification for 'C:/Program Files/Epic Games/UE_4.15/FeaturePacks/' was aborted.
[2019.05.17-17.01.16:638][441]LogModuleManager: Shutting down and abandoning module WidgetCarousel (491)
[2019.05.17-17.01.16:638][441]LogModuleManager: Shutting down and abandoning module EditorWidgets (488)
[2019.05.17-17.01.16:638][441]LogModuleManager: Shutting down and abandoning module CollectionManager (486)
[2019.05.17-17.01.16:682][441]LogDirectoryWatcher: A directory notification for 'E:/ACEDAMIC/3rd Year/SCS 3113 - Game development/BananaCollectorStarter/Content/Collections/' was aborted.
[2019.05.17-17.01.16:683][441]LogDirectoryWatcher: A directory notification for 'E:/ACEDAMIC/3rd Year/SCS 3113 - Game development/BananaCollectorStarter/Content/Developers/Acer/Collections/' was aborted.
[2019.05.17-17.01.16:683][441]LogDirectoryWatcher: A directory notification for 'E:/ACEDAMIC/3rd Year/SCS 3113 - Game development/BananaCollectorStarter/Saved/Collections/' was aborted.
[2019.05.17-17.01.16:683][441]LogModuleManager: Shutting down and abandoning module StatsViewer (484)
[2019.05.17-17.01.16:708][441]LogModuleManager: Shutting down and abandoning module FoliageEdit (482)
[2019.05.17-17.01.16:708][441]LogModuleManager: Shutting down and abandoning module LandscapeEditor (480)
[2019.05.17-17.01.16:917][441]LogModuleManager: Shutting down and abandoning module SceneDepthPickerMode (478)
[2019.05.17-17.01.16:917][441]LogModuleManager: Shutting down and abandoning module ActorPickerMode (476)
[2019.05.17-17.01.16:917][441]LogModuleManager: Shutting down and abandoning module GeometryMode (474)
[2019.05.17-17.01.16:989][441]LogModuleManager: Shutting down and abandoning module TextureAlignMode (472)
[2019.05.17-17.01.16:989][441]LogModuleManager: Shutting down and abandoning module BspMode (470)
[2019.05.17-17.01.17:006][441]LogModuleManager: Shutting down and abandoning module HardwareSurvey (468)
[2019.05.17-17.01.17:035][441]LogModuleManager: Shutting down and abandoning module SequenceRecorderSections (466)
[2019.05.17-17.01.17:062][441]LogModuleManager: Shutting down and abandoning module AutomationWorker (464)
[2019.05.17-17.01.17:097][441]LogModuleManager: Shutting down and abandoning module MatineeToLevelSequence (462)
[2019.05.17-17.01.17:133][441]LogModuleManager: Shutting down and abandoning module LevelSequenceEditor (460)
[2019.05.17-17.01.17:448][441]LogModuleManager: Shutting down and abandoning module PlacementMode (459)
[2019.05.17-17.01.17:448][441]LogModuleManager: Shutting down and abandoning module WmfMediaFactory (456)
[2019.05.17-17.01.17:448][441]LogModuleManager: Shutting down and abandoning module WmfMediaEditor (454)
[2019.05.17-17.01.17:448][441]LogModuleManager: Shutting down and abandoning module MfMediaFactory (452)
[2019.05.17-17.01.17:448][441]LogModuleManager: Shutting down and abandoning module MfMediaEditor (450)
[2019.05.17-17.01.17:448][441]LogModuleManager: Shutting down and abandoning module AvfMediaFactory (448)
[2019.05.17-17.01.17:448][441]LogModuleManager: Shutting down and abandoning module AvfMediaEditor (446)
[2019.05.17-17.01.17:448][441]LogModuleManager: Shutting down and abandoning module AndroidMediaFactory (444)
[2019.05.17-17.01.17:449][441]LogModuleManager: Shutting down and abandoning module Media (443)
[2019.05.17-17.01.17:449][441]LogModuleManager: Shutting down and abandoning module AndroidMediaEditor (440)
[2019.05.17-17.01.17:449][441]LogModuleManager: Shutting down and abandoning module CharacterAI (438)
[2019.05.17-17.01.17:479][441]LogModuleManager: Shutting down and abandoning module AudioCapture (436)
[2019.05.17-17.01.17:516][441]LogModuleManager: Shutting down and abandoning module SequenceRecorder (435)
[2019.05.17-17.01.17:951][441]LogModuleManager: Shutting down and abandoning module SmartSnapping (432)
[2019.05.17-17.01.17:973][441]LogModuleManager: Shutting down and abandoning module SessionServices (430)
[2019.05.17-17.01.17:973][441]LogModuleManager: Shutting down and abandoning module ViewportSnapping (428)
[2019.05.17-17.01.18:027][441]LogModuleManager: Shutting down and abandoning module ViewportInteraction (426)
[2019.05.17-17.01.18:027][441]LogModuleManager: Shutting down and abandoning module LogVisualizer (424)
[2019.05.17-17.01.18:217][441]LogModuleManager: Shutting down and abandoning module IntroTutorials (422)
[2019.05.17-17.01.18:249][441]LogModuleManager: Shutting down and abandoning module GameProjectGeneration (421)
[2019.05.17-17.01.18:286][441]LogModuleManager: Shutting down and abandoning module EditorLiveStreaming (418)
[2019.05.17-17.01.18:287][441]LogModuleManager: Shutting down and abandoning module IOSPlatformEditor (416)
[2019.05.17-17.01.18:287][441]LogModuleManager: Shutting down and abandoning module HTML5PlatformEditor (414)
[2019.05.17-17.01.18:287][441]LogModuleManager: Shutting down and abandoning module AndroidPlatformEditor (412)
[2019.05.17-17.01.18:312][441]LogModuleManager: Shutting down and abandoning module AndroidDeviceDetection (411)
[2019.05.17-17.01.18:359][441]LogModuleManager: Shutting down and abandoning module IOSRuntimeSettings (408)
[2019.05.17-17.01.18:359][441]LogModuleManager: Shutting down and abandoning module AndroidRuntimeSettings (406)
[2019.05.17-17.01.18:359][441]LogModuleManager: Shutting down and abandoning module InputBindingEditor (404)
[2019.05.17-17.01.18:383][441]LogModuleManager: Shutting down and abandoning module NiagaraEditor (402)
[2019.05.17-17.01.18:446][441]LogModuleManager: Shutting down and abandoning module MergeActors (400)
[2019.05.17-17.01.18:519][441]LogModuleManager: Shutting down and abandoning module SizeMap (398)
[2019.05.17-17.01.18:533][441]LogModuleManager: Shutting down and abandoning module TreeMap (396)
[2019.05.17-17.01.18:579][441]LogModuleManager: Shutting down and abandoning module ReferenceViewer (394)
[2019.05.17-17.01.18:580][441]LogModuleManager: Shutting down and abandoning module LocalizationDashboard (392)
[2019.05.17-17.01.18:624][441]LogModuleManager: Shutting down and abandoning module LocalizationService (391)
[2019.05.17-17.01.18:636][441]LogModuleManager: Shutting down and abandoning module HardwareTargeting (388)
[2019.05.17-17.01.18:644][441]LogModuleManager: Shutting down and abandoning module DeviceProfileEditor (386)
[2019.05.17-17.01.18:660][441]LogModuleManager: Shutting down and abandoning module UndoHistory (384)
[2019.05.17-17.01.18:702][441]LogModuleManager: Shutting down and abandoning module UserFeedback (382)
[2019.05.17-17.01.18:702][441]LogModuleManager: Shutting down and abandoning module XmlParser (380)
[2019.05.17-17.01.18:710][441]LogModuleManager: Shutting down and abandoning module Blutility (378)
[2019.05.17-17.01.18:710][441]LogModuleManager: Shutting down and abandoning module ProjectSettingsViewer (376)
[2019.05.17-17.01.18:711][441]LogModuleManager: Shutting down and abandoning module ProjectTargetPlatformEditor (375)
[2019.05.17-17.01.18:711][441]LogModuleManager: Shutting down and abandoning module EditorSettingsViewer (372)
[2019.05.17-17.01.18:711][441]LogModuleManager: Shutting down and abandoning module SettingsEditor (370)
[2019.05.17-17.01.18:732][441]LogModuleManager: Shutting down and abandoning module ProjectLauncher (368)
[2019.05.17-17.01.18:756][441]LogModuleManager: Shutting down and abandoning module SessionFrontend (366)
[2019.05.17-17.01.18:828][441]LogModuleManager: Shutting down and abandoning module ProfilerClient (364)
[2019.05.17-17.01.18:859][441]LogModuleManager: Shutting down and abandoning module DeviceManager (362)
[2019.05.17-17.01.18:875][441]LogModuleManager: Shutting down and abandoning module TargetDeviceServices (361)
[2019.05.17-17.01.18:937][441]LogModuleManager: Shutting down and abandoning module AutomationController (358)
[2019.05.17-17.01.19:012][441]LogModuleManager: Shutting down and abandoning module AutomationWindow (356)
[2019.05.17-17.01.19:038][441]LogModuleManager: Shutting down and abandoning module Layers (354)
[2019.05.17-17.01.19:099][441]LogModuleManager: Shutting down and abandoning module ComponentVisualizers (352)
[2019.05.17-17.01.19:099][441]LogModuleManager: Shutting down and abandoning module DetailCustomizations (350)
[2019.05.17-17.01.19:166][441]LogModuleManager: Shutting down and abandoning module PackagesDialog (348)
[2019.05.17-17.01.19:243][441]LogModuleManager: Shutting down and abandoning module Persona (346)
[2019.05.17-17.01.19:432][441]LogModuleManager: Shutting down and abandoning module AnimGraph (345)
[2019.05.17-17.01.19:432][441]LogModuleManager: Shutting down and abandoning module Kismet (342)
[2019.05.17-17.01.19:488][441]LogModuleManager: Shutting down and abandoning module GraphEditor (340)
[2019.05.17-17.01.19:488][441]LogModuleManager: Shutting down and abandoning module ClassViewer (338)
[2019.05.17-17.01.19:491][441]LogModuleManager: Shutting down and abandoning module Toolbox (336)
[2019.05.17-17.01.19:520][441]LogModuleManager: Shutting down and abandoning module ModuleUI (334)
[2019.05.17-17.01.19:548][441]LogModuleManager: Shutting down and abandoning module MovieSceneTools (332)
[2019.05.17-17.01.19:557][441]LogModuleManager: Shutting down and abandoning module OutputLog (330)
[2019.05.17-17.01.19:573][441]LogModuleManager: Shutting down and abandoning module GammaUI (328)
[2019.05.17-17.01.19:593][441]LogModuleManager: Shutting down and abandoning module Documentation (326)
[2019.05.17-17.01.19:593][441]LogModuleManager: Shutting down and abandoning module Niagara (324)
[2019.05.17-17.01.19:593][441]LogModuleManager: Shutting down and abandoning module StreamingPauseRendering (322)
[2019.05.17-17.01.19:593][441]LogModuleManager: Shutting down and abandoning module AnalyticsET (320)
[2019.05.17-17.01.19:593][441]LogModuleManager: Shutting down and abandoning module PortalServices (318)
[2019.05.17-17.01.19:593][441]LogModuleManager: Shutting down and abandoning module PortalRpc (316)
[2019.05.17-17.01.19:593][441]LogModuleManager: Shutting down and abandoning module MessagingRpc (314)
[2019.05.17-17.01.19:593][441]LogModuleManager: Shutting down and abandoning module AIModule (312)
[2019.05.17-17.01.19:593][441]LogModuleManager: Shutting down and abandoning module GameplayDebugger (311)
[2019.05.17-17.01.19:623][441]LogModuleManager: Shutting down and abandoning module AITestSuite (309)
[2019.05.17-17.01.19:623][441]LogModuleManager: Shutting down and abandoning module ProfilerService (306)
[2019.05.17-17.01.19:854][441]LogModuleManager: Shutting down and abandoning module TaskGraph (304)
[2019.05.17-17.01.19:969][441]LogModuleManager: Shutting down and abandoning module SteamVRController (302)
[2019.05.17-17.01.19:969][441]LogModuleManager: Shutting down and abandoning module SteamVR (300)
[2019.05.17-17.01.19:969][441]LogModuleManager: Shutting down and abandoning module ProceduralMeshComponentEditor (298)
[2019.05.17-17.01.19:969][441]LogModuleManager: Shutting down and abandoning module ProceduralMeshComponent (296)
[2019.05.17-17.01.19:988][441]LogModuleManager: Shutting down and abandoning module OculusLibrary (294)
[2019.05.17-17.01.19:988][441]LogModuleManager: Shutting down and abandoning module OculusInput (292)
[2019.05.17-17.01.19:988][441]LogModuleManager: Shutting down and abandoning module MobilePatchingUtils (290)
[2019.05.17-17.01.19:988][441]LogModuleManager: Shutting down and abandoning module CustomMeshComponent (288)
[2019.05.17-17.01.19:988][441]LogModuleManager: Shutting down and abandoning module CableComponent (286)
[2019.05.17-17.01.20:003][441]LogModuleManager: Shutting down and abandoning module ArchVisCharacter (284)
[2019.05.17-17.01.20:003][441]LogModuleManager: Shutting down and abandoning module MediaPlayerEditor (280)
[2019.05.17-17.01.20:026][441]LogModuleManager: Shutting down and abandoning module HTML5Networking (278)
[2019.05.17-17.01.20:026][441]LogModuleManager: Shutting down and abandoning module AlembicImporter (276)
[2019.05.17-17.01.20:041][441]LogModuleManager: Shutting down and abandoning module AlembicLibrary (275)
[2019.05.17-17.01.20:041][441]LogModuleManager: Shutting down and abandoning module GeometryCache (274)
[2019.05.17-17.01.20:050][441]LogModuleManager: Shutting down and abandoning module GeometryCacheEd (273)
[2019.05.17-17.01.20:050][441]LogModuleManager: Shutting down and abandoning module SuperSearchEditor (268)
[2019.05.17-17.01.20:050][441]LogModuleManager: Shutting down and abandoning module SuperSearch (267)
[2019.05.17-17.01.20:050][441]LogModuleManager: Shutting down and abandoning module SpeedTreeImporter (264)
[2019.05.17-17.01.20:050][441]LogModuleManager: Shutting down and abandoning module PluginBrowser (262)
[2019.05.17-17.01.20:090][441]LogModuleManager: Shutting down and abandoning module MobileLauncherProfileWizard (260)
[2019.05.17-17.01.20:112][441]LogModuleManager: Shutting down and abandoning module EpicSurvey (258)
[2019.05.17-17.01.20:112][441]LogModuleManager: Shutting down and abandoning module VisualStudioSourceCodeAccess (256)
[2019.05.17-17.01.20:112][441]LogModuleManager: Shutting down and abandoning module DesktopPlatform (255)
[2019.05.17-17.01.20:112][441]LogModuleManager: Shutting down and abandoning module UObjectPlugin (252)
[2019.05.17-17.01.20:112][441]LogModuleManager: Shutting down and abandoning module SubversionSourceControl (250)
[2019.05.17-17.01.20:138][441]LogModuleManager: Shutting down and abandoning module PerforceSourceControl (248)
[2019.05.17-17.01.20:159][441]LogModuleManager: Shutting down and abandoning module GitSourceControl (246)
[2019.05.17-17.01.20:167][441]LogModuleManager: Shutting down and abandoning module SourceControl (245)
[2019.05.17-17.01.20:192][441]LogModuleManager: Shutting down and abandoning module LightPropagationVolumeEditor (242)
[2019.05.17-17.01.20:192][441]LogModuleManager: Shutting down and abandoning module PaperTiledImporter (240)
[2019.05.17-17.01.20:192][441]LogModuleManager: Shutting down and abandoning module PaperSpriteSheetImporter (238)
[2019.05.17-17.01.20:192][441]LogModuleManager: Shutting down and abandoning module Paper2DEditor (236)
[2019.05.17-17.01.20:206][441]LogModuleManager: Shutting down and abandoning module MeshPaint (235)
[2019.05.17-17.01.20:224][441]LogModuleManager: Shutting down and abandoning module LevelEditor (233)
[2019.05.17-17.01.20:419][441]LogModuleManager: Shutting down and abandoning module PixelInspectorModule (232)
[2019.05.17-17.01.20:459][441]LogModuleManager: Shutting down and abandoning module MainFrame (230)
[2019.05.17-17.01.20:459][441]LogModuleManager: Shutting down and abandoning module HotReload (229)
[2019.05.17-17.01.20:483][441]LogModuleManager: Shutting down and abandoning module ContentBrowser (225)
[2019.05.17-17.01.20:491][441]LogModuleManager: Shutting down and abandoning module PhysXVehiclesEditor (222)
[2019.05.17-17.01.20:508][441]LogModuleManager: Shutting down and abandoning module PhysXVehicles (220)
[2019.05.17-17.01.20:508][441]LogModuleManager: Shutting down and abandoning module LocationServicesBPLibrary (218)
[2019.05.17-17.01.20:508][441]LogModuleManager: Shutting down and abandoning module UdpMessaging (216)
[2019.05.17-17.01.20:610][441]LogModuleManager: Shutting down and abandoning module TcpMessaging (214)
[2019.05.17-17.01.20:762][441]LogModuleManager: Shutting down and abandoning module GameplayTagsEditor (212)
[2019.05.17-17.01.20:845][441]LogModuleManager: Shutting down and abandoning module FacialAnimationEditor (210)
[2019.05.17-17.01.20:879][441]LogModuleManager: Shutting down and abandoning module FacialAnimation (208)
[2019.05.17-17.01.20:879][441]LogModuleManager: Shutting down and abandoning module LightPropagationVolumeRuntime (206)
[2019.05.17-17.01.20:879][441]LogModuleManager: Shutting down and abandoning module Paper2D (204)
[2019.05.17-17.01.20:889][441]LogModuleManager: Shutting down and abandoning module WindowsMoviePlayer (202)
[2019.05.17-17.01.20:920][441]LogModuleManager: Shutting down and abandoning module WmfMedia (200)
[2019.05.17-17.01.21:073][441]LogModuleManager: Shutting down and abandoning module MfMedia (198)
[2019.05.17-17.01.21:073][441]LogModuleManager: Shutting down and abandoning module MediaAssets (196)
[2019.05.17-17.01.21:073][441]LogModuleManager: Shutting down and abandoning module GameLiveStreaming (194)
[2019.05.17-17.01.21:114][441]LogModuleManager: Shutting down and abandoning module VREditor (192)
[2019.05.17-17.01.21:115][441]LogModuleManager: Shutting down and abandoning module GameplayTasksEditor (190)
[2019.05.17-17.01.21:115][441]LogModuleManager: Shutting down and abandoning module BehaviorTreeEditor (188)
[2019.05.17-17.01.21:286][441]LogModuleManager: Shutting down and abandoning module FunctionalTesting (186)
[2019.05.17-17.01.21:286][441]LogModuleManager: Shutting down and abandoning module CollisionAnalyzer (184)
[2019.05.17-17.01.21:386][441]LogModuleManager: Shutting down and abandoning module UMG (182)
[2019.05.17-17.01.21:477][441]LogModuleManager: Shutting down and abandoning module UMGEditor (181)
[2019.05.17-17.01.21:837][441]LogModuleManager: Shutting down and abandoning module Sequencer (180)
[2019.05.17-17.01.21:999][441]LogModuleManager: Shutting down and abandoning module AssetTools (178)
[2019.05.17-17.01.22:196][441]LogModuleManager: Shutting down and abandoning module MessageLog (177)
[2019.05.17-17.01.22:196][441]LogModuleManager: Shutting down and abandoning module WorkspaceMenuStructure (176)
[2019.05.17-17.01.22:196][441]LogModuleManager: Shutting down and abandoning module SlateReflector (170)
[2019.05.17-17.01.22:463][441]LogModuleManager: Shutting down and abandoning module Slate (168)
[2019.05.17-17.01.22:463][441]LogModuleManager: Shutting down and abandoning module EditorStyle (166)
[2019.05.17-17.01.22:560][441]LogModuleManager: Shutting down and abandoning module SourceCodeAccess (164)
[2019.05.17-17.01.22:665][441]LogModuleManager: Shutting down and abandoning module HeadMountedDisplay (162)
[2019.05.17-17.01.22:665][441]LogModuleManager: Shutting down and abandoning module XAudio2 (160)
[2019.05.17-17.01.22:665][441]LogModuleManager: Shutting down and abandoning module Networking (158)
[2019.05.17-17.01.22:665][441]LogModuleManager: Shutting down and abandoning module Core (154)
[2019.05.17-17.01.22:665][441]LogModuleManager: Shutting down and abandoning module AssetRegistry (152)
[2019.05.17-17.01.23:650][441]LogDirectoryWatcher: A directory notification for '../../../Engine/Content/' was aborted.
[2019.05.17-17.01.23:651][441]LogDirectoryWatcher: A directory notification for 'E:/ACEDAMIC/3rd Year/SCS 3113 - Game development/BananaCollectorStarter/Content/' was aborted.
[2019.05.17-17.01.23:651][441]LogDirectoryWatcher: A directory notification for '../../../Engine/Plugins/2D/Paper2D/Content/' was aborted.
[2019.05.17-17.01.23:677][441]LogModuleManager: Shutting down and abandoning module DirectoryWatcher (151)
[2019.05.17-17.01.23:685][441]LogModuleManager: Shutting down and abandoning module KismetCompiler (148)
[2019.05.17-17.01.23:685][441]LogModuleManager: Shutting down and abandoning module PhysXFormats (146)
[2019.05.17-17.01.23:685][441]LogModuleManager: Shutting down and abandoning module MeshUtilities (144)
[2019.05.17-17.01.23:738][441]LogModuleManager: Shutting down and abandoning module SimplygonSwarm (143)
[2019.05.17-17.01.23:807][441]LogModuleManager: Shutting down and abandoning module SimplygonMeshReduction (141)
[2019.05.17-17.01.23:807][441]LogModuleManager: Shutting down and abandoning module QuadricMeshReduction (139)
[2019.05.17-17.01.23:831][441]LogModuleManager: Shutting down and abandoning module PropertyEditor (137)
[2019.05.17-17.01.23:832][441]LogModuleManager: Shutting down and abandoning module DerivedDataCache (134)
[2019.05.17-17.01.23:895][441]LogDerivedDataCache: Shutdown
[2019.05.17-17.01.23:895][441]LogModuleManager: Shutting down and abandoning module TargetPlatform (132)
[2019.05.17-17.01.23:895][441]LogModuleManager: Shutting down and abandoning module VulkanShaderFormat (131)
[2019.05.17-17.01.23:917][441]LogModuleManager: Shutting down and abandoning module ShaderFormatOpenGL (129)
[2019.05.17-17.01.23:967][441]LogModuleManager: Shutting down and abandoning module ShaderFormatD3D (127)
[2019.05.17-17.01.23:989][441]LogModuleManager: Shutting down and abandoning module MetalShaderFormat (125)
[2019.05.17-17.01.24:064][441]LogModuleManager: Shutting down and abandoning module TextureFormatUncompressed (123)
[2019.05.17-17.01.24:064][441]LogModuleManager: Shutting down and abandoning module TextureFormatPVR (121)
[2019.05.17-17.01.24:064][441]LogModuleManager: Shutting down and abandoning module TextureFormatDXT (119)
[2019.05.17-17.01.24:079][441]LogModuleManager: Shutting down and abandoning module TextureFormatIntelISPCTexComp (117)
[2019.05.17-17.01.24:128][441]LogModuleManager: Shutting down and abandoning module TextureFormatASTC (115)
[2019.05.17-17.01.24:128][441]LogModuleManager: Shutting down and abandoning module ImageWrapper (114)
[2019.05.17-17.01.24:128][441]LogModuleManager: Shutting down and abandoning module TextureFormatAndroid (111)
[2019.05.17-17.01.24:128][441]LogModuleManager: Shutting down and abandoning module AudioFormatOpus (109)
[2019.05.17-17.01.24:151][441]LogModuleManager: Shutting down and abandoning module AudioFormatOgg (107)
[2019.05.17-17.01.24:151][441]LogModuleManager: Shutting down and abandoning module AudioFormatADPCM (105)
[2019.05.17-17.01.24:151][441]LogModuleManager: Shutting down and abandoning module LinuxTargetPlatform (103)
[2019.05.17-17.01.24:152][441]LogModuleManager: Shutting down and abandoning module LinuxServerTargetPlatform (101)
[2019.05.17-17.01.24:152][441]LogModuleManager: Shutting down and abandoning module LinuxNoEditorTargetPlatform (99)
[2019.05.17-17.01.24:152][441]LogModuleManager: Shutting down and abandoning module LinuxClientTargetPlatform (97)
[2019.05.17-17.01.24:152][441]LogModuleManager: Shutting down and abandoning module TVOSTargetPlatform (95)
[2019.05.17-17.01.24:152][441]LogModuleManager: Shutting down and abandoning module Messaging (93)
[2019.05.17-17.01.24:152][441]LogModuleManager: Shutting down and abandoning module IOSTargetPlatform (91)
[2019.05.17-17.01.24:152][441]LogModuleManager: Shutting down and abandoning module HTML5TargetPlatform (89)
[2019.05.17-17.01.24:152][441]LogModuleManager: Shutting down and abandoning module Android_PVRTCTargetPlatform (87)
[2019.05.17-17.01.24:152][441]LogModuleManager: Shutting down and abandoning module Android_MultiTargetPlatform (85)
[2019.05.17-17.01.24:152][441]LogModuleManager: Shutting down and abandoning module Android_ETC2TargetPlatform (83)
[2019.05.17-17.01.24:152][441]LogModuleManager: Shutting down and abandoning module Android_ETC1TargetPlatform (81)
[2019.05.17-17.01.24:152][441]LogModuleManager: Shutting down and abandoning module Android_DXTTargetPlatform (79)
[2019.05.17-17.01.24:152][441]LogModuleManager: Shutting down and abandoning module Android_ATCTargetPlatform (77)
[2019.05.17-17.01.24:152][441]LogModuleManager: Shutting down and abandoning module Android_ASTCTargetPlatform (75)
[2019.05.17-17.01.24:152][441]LogModuleManager: Shutting down and abandoning module AndroidTargetPlatform (73)
[2019.05.17-17.01.24:152][441]LogModuleManager: Shutting down and abandoning module WindowsTargetPlatform (71)
[2019.05.17-17.01.24:152][441]LogModuleManager: Shutting down and abandoning module WindowsServerTargetPlatform (69)
[2019.05.17-17.01.24:152][441]LogModuleManager: Shutting down and abandoning module WindowsNoEditorTargetPlatform (67)
[2019.05.17-17.01.24:152][441]LogModuleManager: Shutting down and abandoning module WindowsClientTargetPlatform (65)
[2019.05.17-17.01.24:153][441]LogModuleManager: Shutting down and abandoning module MacTargetPlatform (63)
[2019.05.17-17.01.24:153][441]LogModuleManager: Shutting down and abandoning module MacServerTargetPlatform (61)
[2019.05.17-17.01.24:153][441]LogModuleManager: Shutting down and abandoning module MacNoEditorTargetPlatform (59)
[2019.05.17-17.01.24:153][441]LogModuleManager: Shutting down and abandoning module MacClientTargetPlatform (57)
[2019.05.17-17.01.24:153][441]LogModuleManager: Shutting down and abandoning module AllDesktopTargetPlatform (55)
[2019.05.17-17.01.24:153][441]LogModuleManager: Shutting down and abandoning module InputCore (52)
[2019.05.17-17.01.24:153][441]LogModuleManager: Shutting down and abandoning module Settings (50)
[2019.05.17-17.01.24:153][441]LogModuleManager: Shutting down and abandoning module OculusRift (48)
[2019.05.17-17.01.24:221][441]LogModuleManager: Shutting down and abandoning module GearVR (46)
[2019.05.17-17.01.24:221][441]LogModuleManager: Shutting down and abandoning module ExampleDeviceProfileSelector (44)
[2019.05.17-17.01.24:221][441]LogModuleManager: Shutting down and abandoning module OnlineBlueprintSupport (42)
[2019.05.17-17.01.24:221][441]LogModuleManager: Shutting down and abandoning module OnlineSubsystem (38)
[2019.05.17-17.01.24:221][441]LogOnline:Display: Unloading online subsystem: NULL
[2019.05.17-17.01.24:285][441]LogModuleManager: Shutting down and abandoning module XMPP (37)
[2019.05.17-17.01.24:418][441]LogModuleManager: Shutting down and abandoning module HTTP (35)
[2019.05.17-17.01.24:469][441]LogHttp:Display: Http module shutting down, but needs to wait on 1 outstanding Http requests:
[2019.05.17-17.01.24:469][441]LogHttp:Display: 	verb=[POST] url=[https://datarouter.ol.epicgames.com/datarouter/api/v1/public/data?SessionID=%7BD71ECD61-44EF-9CEF-D136-1494D85BE2A2%7D&AppID=UEEditor.Rocket.Release&AppVersion=4.15.3-3450819%2B%2B%2BUE4%2BRelease-4.15&UserID=c23ff326442d1224e4558c9192a3a968%7C75d3919b08194cf6acb7c63bb9aaf1cc%7Cd82e9d82-40bb-4b99-85ad-5276bd1e6f44&AppEnvironment=datacollector-binary&UploadType=eteventstream] status=Processing
[2019.05.17-17.01.24:795][441]LogModuleManager: Shutting down and abandoning module SSL (34)
[2019.05.17-17.01.25:163][441]LogModuleManager: Shutting down and abandoning module AudioEditor (30)
[2019.05.17-17.01.25:218][441]LogModuleManager: Shutting down and abandoning module TextureCompressor (28)
[2019.05.17-17.01.25:675][441]LogModuleManager: Shutting down and abandoning module ShaderCore (26)
[2019.05.17-17.01.25:675][441]LogModuleManager: Shutting down and abandoning module Landscape (24)
[2019.05.17-17.01.25:675][441]LogModuleManager: Shutting down and abandoning module SlateRHIRenderer (22)
[2019.05.17-17.01.25:788][441]LogModuleManager: Shutting down and abandoning module OpenGLDrv (20)
[2019.05.17-17.01.25:850][441]LogModuleManager: Shutting down and abandoning module D3D11RHI (18)
[2019.05.17-17.01.25:850][441]LogModuleManager: Shutting down and abandoning module AnimGraphRuntime (16)
[2019.05.17-17.01.25:885][441]LogModuleManager: Shutting down and abandoning module Renderer (14)
[2019.05.17-17.01.25:885][441]LogModuleManager: Shutting down and abandoning module Engine (12)
[2019.05.17-17.01.25:885][441]LogModuleManager: Shutting down and abandoning module CoreUObject (10)
[2019.05.17-17.01.25:885][441]LogModuleManager: Shutting down and abandoning module NetworkFile (8)
[2019.05.17-17.01.25:963][441]LogModuleManager: Shutting down and abandoning module StreamingFile (6)
[2019.05.17-17.01.26:001][441]LogModuleManager: Shutting down and abandoning module SandboxFile (4)
[2019.05.17-17.01.26:001][441]LogModuleManager: Shutting down and abandoning module PakFile (2)
[2019.05.17-17.01.26:201][441]LogExit: Exiting.
[2019.05.17-17.01.27:784][441]Log file closed, 05/17/19 22:31:27
