Log file open, 05/18/19 18:50:40
LogInit:Display: Running engine for game: BananaCollector
LogPlatformFile: Not using cached read wrapper
LogInit:Display: RandInit(-251095307) SRandInit(-251095306).
LogTaskGraph: Started task graph with 5 named threads and 6 total threads with 1 sets of task threads.
LogStats: Stats thread started at 0.134248
LogInit: Using libcurl 7.47.1
LogInit:  - built for x86_64-pc-win32
LogInit:  - supports SSL with OpenSSL/1.0.2g
LogInit:  - supports HTTP deflate (compression) using libz 1.2.8
LogInit:  - other features:
LogInit:      CURL_VERSION_SSL
LogInit:      CURL_VERSION_LIBZ
LogInit:      CURL_VERSION_IPV6
LogInit:      CURL_VERSION_ASYNCHDNS
LogInit:      CURL_VERSION_LARGEFILE
LogInit:      CURL_VERSION_IDN
LogInit:  CurlRequestOptions (configurable via config and command line):
LogInit:  - bVerifyPeer = false  - Libcurl will NOT verify peer certificate
LogInit:  - bUseHttpProxy = false  - Libcurl will NOT use HTTP proxy
LogInit:  - bDontReuseConnections = false  - Libcurl will reuse connections
LogInit:  - CertBundlePath = nullptr  - Libcurl will use whatever was configured at build time.
LogInit: Build: ++UE4+Release-4.15-CL-3450819
LogInit: Engine Version: 4.15.3-3450819+++UE4+Release-4.15
LogInit: Compatible Engine Version: 4.15.0-3299760+++UE4+Release-4.15
LogInit: Net CL: 3299760
LogDevObjectVersion: Number of dev versions registered: 14
LogDevObjectVersion:   Dev-Blueprints (B0D832E4-1F89-4F0D-ACCF-7EB736FD4AA2): 8
LogDevObjectVersion:   Dev-Build (E1C64328-A22C-4D53-A36C-8E866417BD8C): 0
LogDevObjectVersion:   Dev-Core (375EC13C-06E4-48FB-B500-84F0262A717E): 2
LogDevObjectVersion:   Dev-Editor (E4B068ED-F494-42E9-A231-DA0B2E46BB41): 14
LogDevObjectVersion:   Dev-Framework (CFFC743F-43B0-4480-9391-14DF171D2073): 22
LogDevObjectVersion:   Dev-Mobile (B02B49B5-BB20-44E9-A304-32B752E40360): 0
LogDevObjectVersion:   Dev-Networking (A4E4105C-59A1-49B5-A7C5-40C4547EDFEE): 0
LogDevObjectVersion:   Dev-Online (39C831C9-5AE6-47DC-9A44-9C173E1C8E7C): 0
LogDevObjectVersion:   Dev-Physics (78F01B33-EBEA-4F98-B9B4-84EACCB95AA2): 0
LogDevObjectVersion:   Dev-Platform (6631380F-2D4D-43E0-8009-CF276956A95A): 0
LogDevObjectVersion:   Dev-Rendering (12F88B9F-8875-4AFC-A67C-D90C383ABD29): 12
LogDevObjectVersion:   Dev-Sequencer (7B5AE74C-D270-4C10-A958-57980B212A5A): 3
LogDevObjectVersion:   Dev-VR (D7296918-1DD6-4BDD-9DE2-64A83CC13884): 0
LogDevObjectVersion:   Dev-LoadTimes (C2A15278-BFE7-4AFE-6C17-90FF531DF755): 1
LogInit: Compiled (64-bit): May 21 2017 11:02:34
LogInit: Compiled with Visual C++: 19.00.23026.00
LogInit: Build Configuration: Development
LogInit: Branch Name: ++UE4+Release-4.15
LogInit: Command line: -EpicPortal  -epicusername="SL RydEr" -epicuserid=75d3919b08194cf6acb7c63bb9aaf1cc -epiclocale=en-US
LogInit: Base directory: C:/Program Files/Epic Games/UE_4.15/Engine/Binaries/Win64/
LogInit: Installed Engine Build: 1
LogInit: Presizing for max 8388607 objects, including 0 objects not considered by GC, pre-allocating 0 bytes for permanent pool.
LogInit: Object subsystem initialized
[2019.05.18-13.20.42:761][  0]LogInit: Selected Device Profile: [Windows]
[2019.05.18-13.20.42:761][  0]LogInit: Applying CVar settings loaded from the selected device profile: [Windows]
[2019.05.18-13.20.42:809][  0]LogInit: Computer: LAPTOP-GOLB6O3O
[2019.05.18-13.20.42:809][  0]LogInit: User: Acer
[2019.05.18-13.20.42:809][  0]LogInit: CPU Page size=65536, Cores=2
[2019.05.18-13.20.42:809][  0]LogInit: High frequency timer resolution =10.000000 MHz
[2019.05.18-13.20.42:809][  0]LogMemory: Memory total: Physical=7.9GB (8GB approx)
[2019.05.18-13.20.42:809][  0]LogMemory: Platform Memory Stats for Windows
[2019.05.18-13.20.42:809][  0]LogMemory: Process Physical Memory: 262.08 MB used, 262.08 MB peak
[2019.05.18-13.20.42:809][  0]LogMemory: Process Virtual Memory: 262.13 MB used, 262.13 MB peak
[2019.05.18-13.20.42:809][  0]LogMemory: Physical Memory: 4567.53 MB used,  3491.06 MB free, 8058.59 MB total
[2019.05.18-13.20.42:809][  0]LogMemory: Virtual Memory: 4776.27 MB used,  3491.06 MB free, 134217728.00 MB total
[2019.05.18-13.20.43:110][  0]LogTextLocalizationManager: No specific translations for ('en-US') exist, so ('en') translations will be used.
[2019.05.18-13.20.44:626][  0]LogD3D11RHI: D3D11 adapters:
[2019.05.18-13.20.44:691][  0]LogD3D11RHI:    0. 'NVIDIA GeForce 920M' (Feature Level 11_0)
[2019.05.18-13.20.44:691][  0]LogD3D11RHI:       2020/0/4029 MB DedicatedVideo/DedicatedSystem/SharedSystem, Outputs:1, VendorId:0x10de
[2019.05.18-13.20.44:706][  0]LogD3D11RHI:    1. 'Intel(R) HD Graphics 520' (Feature Level 11_0)
[2019.05.18-13.20.44:706][  0]LogD3D11RHI:       128/0/4029 MB DedicatedVideo/DedicatedSystem/SharedSystem, Outputs:0, VendorId:0x8086
[2019.05.18-13.20.44:712][  0]LogD3D11RHI:    2. 'Microsoft Basic Render Driver' (Feature Level 11_0)
[2019.05.18-13.20.44:712][  0]LogD3D11RHI:       0/0/4029 MB DedicatedVideo/DedicatedSystem/SharedSystem, Outputs:0, VendorId:0x1414
[2019.05.18-13.20.44:712][  0]LogD3D11RHI: Chosen D3D11 Adapter: 0
[2019.05.18-13.20.44:826][  0]LogD3D11RHI: Creating new Direct3DDevice
[2019.05.18-13.20.44:826][  0]LogD3D11RHI:     GPU DeviceId: 0x1299 (for the marketing name, search the web for "GPU Device Id")
[2019.05.18-13.20.44:826][  0]LogWindows: EnumDisplayDevices:
[2019.05.18-13.20.44:827][  0]LogWindows:    0. 'Intel(R) HD Graphics 520' (P:1 D:1)
[2019.05.18-13.20.44:827][  0]LogWindows:    1. 'Intel(R) HD Graphics 520' (P:0 D:0)
[2019.05.18-13.20.44:827][  0]LogWindows:    2. 'Intel(R) HD Graphics 520' (P:0 D:0)
[2019.05.18-13.20.44:828][  0]LogWindows: DebugString: GetVideoDriverDetailsInvalid PrimaryIsNotTheChoosenAdapter GetVideoDriverDetailsInvalid PrimaryIsNotTheChoosenAdapter GetVideoDriverDetailsInvalid PrimaryIsNotTheChoosenAdapter FoundDriverCount:0 
[2019.05.18-13.20.44:828][  0]LogD3D11RHI:     Adapter Name: NVIDIA GeForce 920M
[2019.05.18-13.20.44:828][  0]LogD3D11RHI:   Driver Version: Unknown (internal:Unknown, unified:Unknown)
[2019.05.18-13.20.44:828][  0]LogD3D11RHI:      Driver Date: Unknown
[2019.05.18-13.20.44:828][  0]LogRHI: Texture pool is 1361 MB (70% of 1945 MB)
[2019.05.18-13.20.44:863][  0]LogD3D11RHI:Warning: Timestamp queries are currently disabled on this hardware due to instability. Realtime GPU stats will not be available. You can override this behaviour by setting r.NVIDIATimestampWorkaround to 0
[2019.05.18-13.20.44:869][  0]LogD3D11RHI: Async texture creation enabled
[2019.05.18-13.20.44:903][  0]LogD3D11RHI: GPU Timing Frequency: 1000.000000 (Debug: 2 1)
[2019.05.18-13.20.44:905][  0]LogShaderCompilers: Guid format shader working directory is -28 characters bigger than the processId version (E:/ACEDAMIC/3rd Year/SCS 3113 - Game development/BananaCollectorStarter/Intermediate/Shaders/WorkingDirectory/114032/).
[2019.05.18-13.20.44:906][  0]LogShaderCompilers: Cleaned the shader compiler working directory 'C:/Users/Acer/AppData/Local/Temp/UnrealShaderWorkingDir/50C62844460F9034E13C2C81D56F0648/'.
[2019.05.18-13.20.44:906][  0]LogShaderCompilers:Display: Using Local Shader Compiler.
[2019.05.18-13.20.47:817][  0]LogTemp:Display: Loaded TP AllDesktopTargetPlatform
[2019.05.18-13.20.48:075][  0]LogTemp:Display: Loaded TP MacClientTargetPlatform
[2019.05.18-13.20.48:270][  0]LogTemp:Display: Loaded TP MacNoEditorTargetPlatform
[2019.05.18-13.20.48:455][  0]LogTemp:Display: Loaded TP MacServerTargetPlatform
[2019.05.18-13.20.48:651][  0]LogTemp:Display: Loaded TP MacTargetPlatform
[2019.05.18-13.20.48:818][  0]LogTemp:Display: Loaded TP WindowsClientTargetPlatform
[2019.05.18-13.20.49:001][  0]LogTemp:Display: Loaded TP WindowsNoEditorTargetPlatform
[2019.05.18-13.20.49:182][  0]LogTemp:Display: Loaded TP WindowsServerTargetPlatform
[2019.05.18-13.20.49:331][  0]LogTemp:Display: Loaded TP WindowsTargetPlatform
[2019.05.18-13.20.49:500][  0]LogTemp:Display: Loaded TP AndroidTargetPlatform
[2019.05.18-13.20.49:684][  0]LogTemp:Display: Loaded TP Android_ASTCTargetPlatform
[2019.05.18-13.20.49:846][  0]LogTemp:Display: Loaded TP Android_ATCTargetPlatform
[2019.05.18-13.20.50:017][  0]LogTemp:Display: Loaded TP Android_DXTTargetPlatform
[2019.05.18-13.20.50:205][  0]LogTemp:Display: Loaded TP Android_ETC1TargetPlatform
[2019.05.18-13.20.50:378][  0]LogTemp:Display: Loaded TP Android_ETC2TargetPlatform
[2019.05.18-13.20.50:798][  0]LogTemp:Display: Loaded TP Android_MultiTargetPlatform
[2019.05.18-13.20.50:798][  0]LogTemp:Display: Loaded TP Android_PVRTCTargetPlatform
[2019.05.18-13.20.50:931][  0]LogTemp:Display: Loaded TP HTML5TargetPlatform
[2019.05.18-13.20.51:235][  0]LogTemp:Display: Loaded TP IOSTargetPlatform
[2019.05.18-13.20.51:349][  0]LogTemp:Display: Loaded TP TVOSTargetPlatform
[2019.05.18-13.20.51:522][  0]LogTemp:Display: Loaded TP LinuxClientTargetPlatform
[2019.05.18-13.20.51:696][  0]LogTemp:Display: Loaded TP LinuxNoEditorTargetPlatform
[2019.05.18-13.20.51:868][  0]LogTemp:Display: Loaded TP LinuxServerTargetPlatform
[2019.05.18-13.20.52:051][  0]LogTemp:Display: Loaded TP LinuxTargetPlatform
[2019.05.18-13.20.52:051][  0]LogTargetPlatformManager:Display: Building Assets For Windows
[2019.05.18-13.20.53:993][  0]LogDerivedDataCache:Display: Max Cache Size: 512 MB
[2019.05.18-13.20.54:070][  0]LogDerivedDataCache: Loaded boot cache 0.08s 50MB C:/Users/Acer/AppData/Local/UnrealEngine/4.15/DerivedDataCache/Boot.ddc.
[2019.05.18-13.20.54:070][  0]LogDerivedDataCache:Display: Loaded Boot cache: C:/Users/Acer/AppData/Local/UnrealEngine/4.15/DerivedDataCache/Boot.ddc
[2019.05.18-13.20.54:070][  0]LogDerivedDataCache: FDerivedDataBackendGraph:  Pak pak cache file E:/ACEDAMIC/3rd Year/SCS 3113 - Game development/BananaCollectorStarter/DerivedDataCache/DDC.ddp not found, will not use a pak cache.
[2019.05.18-13.20.54:070][  0]LogDerivedDataCache: Unable to find inner node Pak for hierarchical cache Hierarchy.
[2019.05.18-13.20.54:070][  0]LogDerivedDataCache: FDerivedDataBackendGraph:  CompressedPak pak cache file E:/ACEDAMIC/3rd Year/SCS 3113 - Game development/BananaCollectorStarter/DerivedDataCache/Compressed.ddp not found, will not use a pak cache.
[2019.05.18-13.20.54:070][  0]LogDerivedDataCache: Unable to find inner node CompressedPak for hierarchical cache Hierarchy.
[2019.05.18-13.20.54:106][  0]LogDerivedDataCache:Display: Pak cache opened for reading ../../../Engine/DerivedDataCache/Compressed.ddp.
[2019.05.18-13.20.54:121][  0]LogDerivedDataCache: Using Local data cache path C:/Users/Acer/AppData/Local/UnrealEngine/Common/DerivedDataCache: Writable
[2019.05.18-13.20.54:142][  0]LogSlate: Using Freetype 2.6.0
[2019.05.18-13.20.54:143][  0]LogSlate: SlateFontCache - WITH_FREETYPE: 1, WITH_HARFBUZZ: 1
[2019.05.18-13.20.54:143][  0]LogSlate: SlateFontCache - WITH_FREETYPE: 1, WITH_HARFBUZZ: 1
[2019.05.18-13.20.54:767][  0]LogInit: Selected Device Profile: [Windows]
[2019.05.18-13.20.54:775][  0]LogContentStreaming: Texture pool size is 0.00 MB
[2019.05.18-13.20.55:469][  0]LogMeshUtilities: Using QuadricMeshReduction for automatic static mesh reduction
[2019.05.18-13.20.55:632][  0]LogSimplygon: Simplygon DLL not present - disabling.
[2019.05.18-13.20.55:837][  0]LogMeshUtilities: Using SimplygonSwarm for distributed automatic mesh merging
[2019.05.18-13.20.55:837][  0]LogMeshUtilities: No automatic skeletal mesh reduction module available
[2019.05.18-13.20.55:837][  0]LogMeshUtilities: No automatic mesh merging module available
[2019.05.18-13.20.57:478][  0]LogNetVersion: GetLocalNetworkVersion: CL: 3299760, ProjectName: bananacollector, ProjectVersion: , EngineNetworkVersion: 2, GameNetworkVersion: 0, NetworkChecksum: 2521614572
[2019.05.18-13.20.57:577][  0]LogAssetRegistry: FAssetRegistry took 0.0234 seconds to start up
[2019.05.18-13.20.57:721][  0]LogPackageLocalizationCache: Processed 3 localized package path(s) for 2 prioritized culture(s) in 0.041821 seconds
[2019.05.18-13.20.57:733][  0]LogUObjectArray: 32493 objects as part of root set at end of initial load.
[2019.05.18-13.20.57:733][  0]LogUObjectAllocator: 7077024 out of 0 bytes used by permanent object pool.
[2019.05.18-13.20.57:733][  0]LogUObjectArray: CloseDisregardForGC: 0/0 objects in disregard for GC pool
[2019.05.18-13.20.57:987][  0]LogInit: WinSock: version 1.1 (2.2), MaxSocks=32767, MaxUdp=65467
[2019.05.18-13.21.03:481][  0]LogTcpMessaging: Initializing TcpMessaging bridge
[2019.05.18-13.21.03:609][  0]LogUdpMessaging: Initializing bridge on interface 0.0.0.0:0 to multicast group 230.0.0.1:6666.
[2019.05.18-13.21.05:052][  0]LogMaterial: Uniform references updated for custom material expression Custom.
[2019.05.18-13.21.06:324][  0]SourceControl: Info Source control is disabled
[2019.05.18-13.21.06:443][  0]SourceControl: Info Source control is disabled
[2019.05.18-13.21.06:628][  0]SourceControl: Info Source control is disabled
[2019.05.18-13.21.06:779][  0]SourceControl: Info Source control is disabled
[2019.05.18-13.21.11:235][  0]LogEngine: Initializing Engine...
[2019.05.18-13.21.11:238][  0]LogHMD: Failed to initialize OpenVR with code 110
[2019.05.18-13.21.11:463][  0]LogStats: UGameplayTagsManager::ConstructGameplayTagTree: Construct from data asset -  0.000 s
[2019.05.18-13.21.11:463][  0]LogStats: UGameplayTagsManager::ConstructGameplayTagTree: GameplayTagTreeChangedEvent.Broadcast -  0.000 s
[2019.05.18-13.21.11:907][  0]LogAIModule: Creating AISystem for world Untitled
[2019.05.18-13.21.11:946][  0]LogInit: XAudio2 using 'Speakers (Realtek High Definition Audio)' : 2 channels at 48 kHz using 32 bits per sample (channel mask 0x3)
[2019.05.18-13.21.12:043][  0]LogInit: FAudioDevice initialized.
[2019.05.18-13.21.12:080][  0]LogDerivedDataCache: Saved boot cache 0.04s 50MB C:/Users/Acer/AppData/Local/UnrealEngine/4.15/DerivedDataCache/Boot.ddc.
[2019.05.18-13.21.12:088][  0]LogInit: Texture streaming: Enabled
[2019.05.18-13.21.12:429][  0]LogEngineSessionManager: EngineSessionManager initialized
[2019.05.18-13.21.12:767][  0]LogInit: Transaction tracking system initialized
[2019.05.18-13.21.13:959][  0]BlueprintLog: New page: Editor Load
[2019.05.18-13.21.17:097][  0]LocalizationService: Info Localization service is disabled
[2019.05.18-13.21.19:404][  0]LogConsoleResponse:Display: 
[2019.05.18-13.21.19:764][  0]LogCook:Display: Max memory allowance for cook 16384mb min free memory 0mb
[2019.05.18-13.21.19:764][  0]LogCook:Display: Mobile HDR setting 1
[2019.05.18-13.21.20:263][  0]LogFileCache: Scanning file cache for directory 'E:/ACEDAMIC/3rd Year/SCS 3113 - Game development/BananaCollectorStarter/Content/' took 0.02s
[2019.05.18-13.21.23:329][  0]SourceControl: Info Source control is disabled
[2019.05.18-13.21.23:329][  0]Cmd: MAP LOAD FILE="E:/ACEDAMIC/3rd Year/SCS 3113 - Game development/BananaCollectorStarter/Content/BananaCollector/Maps/TutorialMap.umap" TEMPLATE=0 SHOWPROGRESS=1 FEATURELEVEL=3
[2019.05.18-13.21.23:330][  0]LightingResults: New page: Lighting Build
[2019.05.18-13.21.23:479][  0]MapCheck: New page: Map Check
[2019.05.18-13.21.23:479][  0]LightingResults: New page: Lighting Build
[2019.05.18-13.21.24:055][  0]LogAIModule: Creating AISystem for world TutorialMap
[2019.05.18-13.21.24:105][  0]LogEditorServer: Finished looking for orphan Actors (0.000 secs)
[2019.05.18-13.21.24:106][  0]Cmd: MAP CHECKDEP NOCLEARLOG
[2019.05.18-13.21.24:226][  0]MapCheck: Info Map check complete: 0 Error(s), 0 Warning(s), took 118.837ms to complete.
[2019.05.18-13.21.24:226][  0]LogFileHelpers: Loading map 'TutorialMap' took 0.897
[2019.05.18-13.21.24:729][  0]LogCollectionManager: Loaded 0 collections in 0.002958 seconds
[2019.05.18-13.21.24:956][  0]LogFileCache: Scanning file cache for directory 'E:/ACEDAMIC/3rd Year/SCS 3113 - Game development/BananaCollectorStarter/Saved/Collections/' took 0.01s
[2019.05.18-13.21.24:956][  0]LogFileCache: Scanning file cache for directory 'E:/ACEDAMIC/3rd Year/SCS 3113 - Game development/BananaCollectorStarter/Content/Developers/Acer/Collections/' took 0.01s
[2019.05.18-13.21.24:956][  0]LogFileCache: Scanning file cache for directory 'E:/ACEDAMIC/3rd Year/SCS 3113 - Game development/BananaCollectorStarter/Content/Collections/' took 0.01s
[2019.05.18-13.21.24:956][  0]LogCollectionManager: Rebuilt the GUID cache for 0 collections in 0.000003 seconds
[2019.05.18-13.21.24:973][  0]LogContentBrowser: Native class hierarchy populated in 0.0162 seconds. Added 2245 classes and 453 folders.
[2019.05.18-13.21.25:207][  0]LogContentBrowser: Native class hierarchy updated for 'WidgetCarousel' in 0.0011 seconds. Added 0 classes and 0 folders.
[2019.05.18-13.21.26:713][  0]LogContentBrowser: Native class hierarchy updated for 'AddContentDialog' in 0.0011 seconds. Added 0 classes and 0 folders.
[2019.05.18-13.21.26:872][  0]LogContentBrowser: Native class hierarchy updated for 'SceneOutliner' in 0.0011 seconds. Added 1 classes and 2 folders.
[2019.05.18-13.21.27:166][  0]LogCrashTracker: Crashtracker disabled due to settings.
[2019.05.18-13.21.30:621][  0]LogSlate: Only BGRA pngs, bmps or icos are supported in by External Image Picker
[2019.05.18-13.21.30:709][  0]LogUObjectGlobals:Warning: Failed to find object 'Class None.'
[2019.05.18-13.21.30:909][  0]LogContentBrowser: Native class hierarchy updated for 'HierarchicalLODOutliner' in 0.0007 seconds. Added 1 classes and 2 folders.
[2019.05.18-13.21.30:910][  0]LogLoad: (Engine Initialization) Total time: 53.22 seconds
[2019.05.18-13.21.30:910][  0]LogLoad: (Engine Initialization) Total Blueprint compile time: 0.28 seconds
[2019.05.18-13.21.30:910][  0]LogExternalProfiler: No external profilers were discovered.  External profiling features will not be available.
[2019.05.18-13.21.30:934][  0]LogOcInput: OculusInput pre-init called
[2019.05.18-13.21.30:975][  0]LogContentStreaming: Texture pool size now 1000 MB
[2019.05.18-13.21.30:981][  0]LogSlate: Took 0.000495 seconds to synchronously load lazily loaded font '../../../Engine/Content/Slate/Fonts/Roboto-Regular.ttf' (155K)
[2019.05.18-13.21.30:989][  0]LogSlate: Took 0.000491 seconds to synchronously load lazily loaded font '../../../Engine/Content/Slate/Fonts/Roboto-Bold.ttf' (160K)
[2019.05.18-13.21.31:185][  0]LogSlate: Took 0.185578 seconds to synchronously load lazily loaded font '../../../Engine/Content/Editor/Slate/Fonts/FontAwesome.ttf' (139K)
[2019.05.18-13.21.31:442][  0]LogTemp:Display: Executing iPhonePackager certificates Engine -bundlename com.YourCompany.BananaCollector

[2019.05.18-13.21.31:442][  0]LogTemp:Display: CWD: C:\Program Files\Epic Games\UE_4.15\Engine\Binaries\DotNET\IOS

[2019.05.18-13.21.31:442][  0]LogTemp:Display: Initial Dir: C:\Program Files\Epic Games\UE_4.15

[2019.05.18-13.21.31:442][  0]LogTemp:Display: Env CWD: C:\Program Files\Epic Games\UE_4.15\Engine\Binaries\DotNET\IOS

[2019.05.18-13.21.31:442][  0]LogTemp:Display: BranchPath = LAPTOP-GOLB6O3O/C/Program Files/Epic Games/UE_4.15/Engine/Binaries --- GameBranchPath = LAPTOP-GOLB6O3O/C/Program Files/Epic Games/UE_4.15/Engine/Binaries

[2019.05.18-13.21.31:732][  0]LogTemp:Display: IPP ERROR: Application exception: System.IO.DirectoryNotFoundException: Could not find a part of the path 'C:\Users\Acer\AppData\Local\Apple Computer\MobileDevice\Provisioning Profiles'.

[2019.05.18-13.21.31:732][  0]LogTemp:Display:    at System.IO.__Error.WinIOError(Int32 errorCode, String maybeFullPath)

[2019.05.18-13.21.31:732][  0]LogTemp:Display:    at System.IO.FileSystemEnumerableIterator`1.CommonInit()

[2019.05.18-13.21.31:733][  0]LogTemp:Display:    at System.IO.FileSystemEnumerableIterator`1..ctor(String path, String originalUserPath, String searchPattern, SearchOption searchOption, SearchResultHandler`1 resultHandler, Boolean checkHost)

[2019.05.18-13.21.31:733][  0]LogTemp:Display:    at System.IO.Directory.EnumerateFiles(String path, String searchPattern)

[2019.05.18-13.21.31:733][  0]LogTemp:Display:    at iPhonePackager.CodeSignatureBuilder.FindProvisions(String CFBundleIdentifier)

[2019.05.18-13.21.31:733][  0]LogTemp:Display:    at iPhonePackager.Program.Main(String[] args)

[2019.05.18-13.21.31:759][  0]LogRenderer: Reallocating scene render targets to support 792x380 NumSamples 1 (Frame:2).
[2019.05.18-13.21.32:148][  1]LogSlate: Took 0.020053 seconds to synchronously load lazily loaded font '../../../Engine/Content/Slate/Fonts/Roboto-Light.ttf' (159K)
[2019.05.18-13.21.32:232][  3]LogAssetRegistry: Asset discovery search completed in 34.6784 seconds
[2019.05.18-13.21.32:232][  3]LogCollectionManager: Rebuilt the object cache for 0 collections in 0.000010 seconds (found 0 objects)
[2019.05.18-13.21.32:232][  3]LogCollectionManager: Fixed up redirectors for 0 collections in 0.000036 seconds (updated 0 objects)
[2019.05.18-16.29.30:420][793]LogWindowsTextInputMethodSystem:Display: IME system now deactivated.
[2019.05.18-16.29.30:691][794]Cmd: QUIT_EDITOR
[2019.05.18-16.29.30:813][794]LogExit: Preparing to exit.
[2019.05.18-16.29.31:127][794]LogExit: Editor shut down
[2019.05.18-16.29.31:128][794]LogExit: Transaction tracking system shut down
[2019.05.18-16.29.31:237][794]LogObj: Freed 0b from 0 cluster array pools.
[2019.05.18-16.29.31:237][794]LogExit: Object subsystem successfully closed.
[2019.05.18-16.29.31:259][794]LogD3D11RHI: Shutdown
[2019.05.18-16.29.31:259][794]LogD3D11RHI: CleanupD3DDevice
[2019.05.18-16.29.31:447][794]LogD3D11RHI: ~FD3D11DynamicRHI
[2019.05.18-16.29.31:494][794]LogModuleManager: Shutting down and abandoning module HierarchicalLODOutliner (500)
[2019.05.18-16.29.31:494][794]LogModuleManager: Shutting down and abandoning module ExternalImagePicker (498)
[2019.05.18-16.29.31:494][794]LogModuleManager: Shutting down and abandoning module CrashTracker (496)
[2019.05.18-16.29.31:494][794]LogModuleManager: Shutting down and abandoning module SceneOutliner (494)
[2019.05.18-16.29.31:494][794]LogModuleManager: Shutting down and abandoning module AddContentDialog (492)
[2019.05.18-16.29.31:494][794]LogDirectoryWatcher: A directory notification for 'C:/Program Files/Epic Games/UE_4.15/FeaturePacks/' was aborted.
[2019.05.18-16.29.31:496][794]LogModuleManager: Shutting down and abandoning module WidgetCarousel (491)
[2019.05.18-16.29.31:496][794]LogModuleManager: Shutting down and abandoning module EditorWidgets (488)
[2019.05.18-16.29.31:496][794]LogModuleManager: Shutting down and abandoning module CollectionManager (486)
[2019.05.18-16.29.31:496][794]LogDirectoryWatcher: A directory notification for 'E:/ACEDAMIC/3rd Year/SCS 3113 - Game development/BananaCollectorStarter/Content/Collections/' was aborted.
[2019.05.18-16.29.31:496][794]LogDirectoryWatcher: A directory notification for 'E:/ACEDAMIC/3rd Year/SCS 3113 - Game development/BananaCollectorStarter/Content/Developers/Acer/Collections/' was aborted.
[2019.05.18-16.29.31:496][794]LogDirectoryWatcher: A directory notification for 'E:/ACEDAMIC/3rd Year/SCS 3113 - Game development/BananaCollectorStarter/Saved/Collections/' was aborted.
[2019.05.18-16.29.31:496][794]LogModuleManager: Shutting down and abandoning module StatsViewer (484)
[2019.05.18-16.29.31:496][794]LogModuleManager: Shutting down and abandoning module FoliageEdit (482)
[2019.05.18-16.29.31:496][794]LogModuleManager: Shutting down and abandoning module LandscapeEditor (480)
[2019.05.18-16.29.31:496][794]LogModuleManager: Shutting down and abandoning module SceneDepthPickerMode (478)
[2019.05.18-16.29.31:496][794]LogModuleManager: Shutting down and abandoning module ActorPickerMode (476)
[2019.05.18-16.29.31:496][794]LogModuleManager: Shutting down and abandoning module GeometryMode (474)
[2019.05.18-16.29.31:496][794]LogModuleManager: Shutting down and abandoning module TextureAlignMode (472)
[2019.05.18-16.29.31:496][794]LogModuleManager: Shutting down and abandoning module BspMode (470)
[2019.05.18-16.29.31:497][794]LogModuleManager: Shutting down and abandoning module HardwareSurvey (468)
[2019.05.18-16.29.31:497][794]LogModuleManager: Shutting down and abandoning module SequenceRecorderSections (466)
[2019.05.18-16.29.31:497][794]LogModuleManager: Shutting down and abandoning module AutomationWorker (464)
[2019.05.18-16.29.31:497][794]LogModuleManager: Shutting down and abandoning module MatineeToLevelSequence (462)
[2019.05.18-16.29.31:497][794]LogModuleManager: Shutting down and abandoning module LevelSequenceEditor (460)
[2019.05.18-16.29.31:497][794]LogModuleManager: Shutting down and abandoning module PlacementMode (459)
[2019.05.18-16.29.31:497][794]LogModuleManager: Shutting down and abandoning module WmfMediaFactory (456)
[2019.05.18-16.29.31:497][794]LogModuleManager: Shutting down and abandoning module WmfMediaEditor (454)
[2019.05.18-16.29.31:497][794]LogModuleManager: Shutting down and abandoning module MfMediaFactory (452)
[2019.05.18-16.29.31:497][794]LogModuleManager: Shutting down and abandoning module MfMediaEditor (450)
[2019.05.18-16.29.31:497][794]LogModuleManager: Shutting down and abandoning module AvfMediaFactory (448)
[2019.05.18-16.29.31:497][794]LogModuleManager: Shutting down and abandoning module AvfMediaEditor (446)
[2019.05.18-16.29.31:497][794]LogModuleManager: Shutting down and abandoning module AndroidMediaFactory (444)
[2019.05.18-16.29.31:497][794]LogModuleManager: Shutting down and abandoning module Media (443)
[2019.05.18-16.29.31:497][794]LogModuleManager: Shutting down and abandoning module AndroidMediaEditor (440)
[2019.05.18-16.29.31:497][794]LogModuleManager: Shutting down and abandoning module CharacterAI (438)
[2019.05.18-16.29.31:497][794]LogModuleManager: Shutting down and abandoning module AudioCapture (436)
[2019.05.18-16.29.31:497][794]LogModuleManager: Shutting down and abandoning module SequenceRecorder (435)
[2019.05.18-16.29.31:497][794]LogModuleManager: Shutting down and abandoning module SmartSnapping (432)
[2019.05.18-16.29.31:497][794]LogModuleManager: Shutting down and abandoning module SessionServices (430)
[2019.05.18-16.29.31:497][794]LogModuleManager: Shutting down and abandoning module ViewportSnapping (428)
[2019.05.18-16.29.31:497][794]LogModuleManager: Shutting down and abandoning module ViewportInteraction (426)
[2019.05.18-16.29.31:497][794]LogModuleManager: Shutting down and abandoning module LogVisualizer (424)
[2019.05.18-16.29.31:497][794]LogModuleManager: Shutting down and abandoning module IntroTutorials (422)
[2019.05.18-16.29.31:497][794]LogModuleManager: Shutting down and abandoning module GameProjectGeneration (421)
[2019.05.18-16.29.31:497][794]LogModuleManager: Shutting down and abandoning module EditorLiveStreaming (418)
[2019.05.18-16.29.31:497][794]LogModuleManager: Shutting down and abandoning module IOSPlatformEditor (416)
[2019.05.18-16.29.31:497][794]LogModuleManager: Shutting down and abandoning module HTML5PlatformEditor (414)
[2019.05.18-16.29.31:498][794]LogModuleManager: Shutting down and abandoning module AndroidPlatformEditor (412)
[2019.05.18-16.29.31:498][794]LogModuleManager: Shutting down and abandoning module AndroidDeviceDetection (411)
[2019.05.18-16.29.31:667][794]LogModuleManager: Shutting down and abandoning module IOSRuntimeSettings (408)
[2019.05.18-16.29.31:667][794]LogModuleManager: Shutting down and abandoning module AndroidRuntimeSettings (406)
[2019.05.18-16.29.31:667][794]LogModuleManager: Shutting down and abandoning module InputBindingEditor (404)
[2019.05.18-16.29.31:667][794]LogModuleManager: Shutting down and abandoning module NiagaraEditor (402)
[2019.05.18-16.29.31:667][794]LogModuleManager: Shutting down and abandoning module MergeActors (400)
[2019.05.18-16.29.31:667][794]LogModuleManager: Shutting down and abandoning module SizeMap (398)
[2019.05.18-16.29.31:667][794]LogModuleManager: Shutting down and abandoning module TreeMap (396)
[2019.05.18-16.29.31:667][794]LogModuleManager: Shutting down and abandoning module ReferenceViewer (394)
[2019.05.18-16.29.31:667][794]LogModuleManager: Shutting down and abandoning module LocalizationDashboard (392)
[2019.05.18-16.29.31:668][794]LogModuleManager: Shutting down and abandoning module LocalizationService (391)
[2019.05.18-16.29.31:668][794]LogModuleManager: Shutting down and abandoning module HardwareTargeting (388)
[2019.05.18-16.29.31:682][794]LogModuleManager: Shutting down and abandoning module DeviceProfileEditor (386)
[2019.05.18-16.29.31:685][794]LogModuleManager: Shutting down and abandoning module UndoHistory (384)
[2019.05.18-16.29.31:685][794]LogModuleManager: Shutting down and abandoning module UserFeedback (382)
[2019.05.18-16.29.31:685][794]LogModuleManager: Shutting down and abandoning module XmlParser (380)
[2019.05.18-16.29.31:685][794]LogModuleManager: Shutting down and abandoning module Blutility (378)
[2019.05.18-16.29.31:685][794]LogModuleManager: Shutting down and abandoning module ProjectSettingsViewer (376)
[2019.05.18-16.29.31:685][794]LogModuleManager: Shutting down and abandoning module ProjectTargetPlatformEditor (375)
[2019.05.18-16.29.31:688][794]LogModuleManager: Shutting down and abandoning module EditorSettingsViewer (372)
[2019.05.18-16.29.31:689][794]LogModuleManager: Shutting down and abandoning module SettingsEditor (370)
[2019.05.18-16.29.31:689][794]LogModuleManager: Shutting down and abandoning module ProjectLauncher (368)
[2019.05.18-16.29.31:689][794]LogModuleManager: Shutting down and abandoning module SessionFrontend (366)
[2019.05.18-16.29.31:690][794]LogModuleManager: Shutting down and abandoning module ProfilerClient (364)
[2019.05.18-16.29.31:690][794]LogModuleManager: Shutting down and abandoning module DeviceManager (362)
[2019.05.18-16.29.31:690][794]LogModuleManager: Shutting down and abandoning module TargetDeviceServices (361)
[2019.05.18-16.29.31:750][794]LogModuleManager: Shutting down and abandoning module AutomationController (358)
[2019.05.18-16.29.31:750][794]LogModuleManager: Shutting down and abandoning module AutomationWindow (356)
[2019.05.18-16.29.31:750][794]LogModuleManager: Shutting down and abandoning module Layers (354)
[2019.05.18-16.29.31:750][794]LogModuleManager: Shutting down and abandoning module ComponentVisualizers (352)
[2019.05.18-16.29.31:750][794]LogModuleManager: Shutting down and abandoning module DetailCustomizations (350)
[2019.05.18-16.29.31:750][794]LogModuleManager: Shutting down and abandoning module PackagesDialog (348)
[2019.05.18-16.29.31:750][794]LogModuleManager: Shutting down and abandoning module Persona (346)
[2019.05.18-16.29.31:750][794]LogModuleManager: Shutting down and abandoning module AnimGraph (345)
[2019.05.18-16.29.31:750][794]LogModuleManager: Shutting down and abandoning module Kismet (342)
[2019.05.18-16.29.31:751][794]LogModuleManager: Shutting down and abandoning module GraphEditor (340)
[2019.05.18-16.29.31:751][794]LogModuleManager: Shutting down and abandoning module ClassViewer (338)
[2019.05.18-16.29.31:751][794]LogModuleManager: Shutting down and abandoning module Toolbox (336)
[2019.05.18-16.29.31:751][794]LogModuleManager: Shutting down and abandoning module ModuleUI (334)
[2019.05.18-16.29.31:751][794]LogModuleManager: Shutting down and abandoning module MovieSceneTools (332)
[2019.05.18-16.29.31:751][794]LogModuleManager: Shutting down and abandoning module OutputLog (330)
[2019.05.18-16.29.31:751][794]LogModuleManager: Shutting down and abandoning module GammaUI (328)
[2019.05.18-16.29.31:751][794]LogModuleManager: Shutting down and abandoning module Documentation (326)
[2019.05.18-16.29.31:751][794]LogModuleManager: Shutting down and abandoning module Niagara (324)
[2019.05.18-16.29.31:751][794]LogModuleManager: Shutting down and abandoning module StreamingPauseRendering (322)
[2019.05.18-16.29.31:751][794]LogModuleManager: Shutting down and abandoning module AnalyticsET (320)
[2019.05.18-16.29.31:751][794]LogModuleManager: Shutting down and abandoning module PortalServices (318)
[2019.05.18-16.29.31:751][794]LogModuleManager: Shutting down and abandoning module PortalRpc (316)
[2019.05.18-16.29.31:751][794]LogModuleManager: Shutting down and abandoning module MessagingRpc (314)
[2019.05.18-16.29.31:751][794]LogModuleManager: Shutting down and abandoning module AIModule (312)
[2019.05.18-16.29.31:751][794]LogModuleManager: Shutting down and abandoning module GameplayDebugger (311)
[2019.05.18-16.29.31:751][794]LogModuleManager: Shutting down and abandoning module AITestSuite (309)
[2019.05.18-16.29.31:751][794]LogModuleManager: Shutting down and abandoning module ProfilerService (306)
[2019.05.18-16.29.31:906][794]LogModuleManager: Shutting down and abandoning module TaskGraph (304)
[2019.05.18-16.29.31:906][794]LogModuleManager: Shutting down and abandoning module SteamVRController (302)
[2019.05.18-16.29.31:906][794]LogModuleManager: Shutting down and abandoning module SteamVR (300)
[2019.05.18-16.29.31:907][794]LogModuleManager: Shutting down and abandoning module ProceduralMeshComponentEditor (298)
[2019.05.18-16.29.31:907][794]LogModuleManager: Shutting down and abandoning module ProceduralMeshComponent (296)
[2019.05.18-16.29.31:907][794]LogModuleManager: Shutting down and abandoning module OculusLibrary (294)
[2019.05.18-16.29.31:907][794]LogModuleManager: Shutting down and abandoning module OculusInput (292)
[2019.05.18-16.29.31:907][794]LogModuleManager: Shutting down and abandoning module MobilePatchingUtils (290)
[2019.05.18-16.29.31:907][794]LogModuleManager: Shutting down and abandoning module CustomMeshComponent (288)
[2019.05.18-16.29.31:907][794]LogModuleManager: Shutting down and abandoning module CableComponent (286)
[2019.05.18-16.29.31:907][794]LogModuleManager: Shutting down and abandoning module ArchVisCharacter (284)
[2019.05.18-16.29.31:907][794]LogModuleManager: Shutting down and abandoning module MediaPlayerEditor (280)
[2019.05.18-16.29.31:907][794]LogModuleManager: Shutting down and abandoning module HTML5Networking (278)
[2019.05.18-16.29.31:907][794]LogModuleManager: Shutting down and abandoning module AlembicImporter (276)
[2019.05.18-16.29.31:907][794]LogModuleManager: Shutting down and abandoning module AlembicLibrary (275)
[2019.05.18-16.29.31:907][794]LogModuleManager: Shutting down and abandoning module GeometryCache (274)
[2019.05.18-16.29.31:907][794]LogModuleManager: Shutting down and abandoning module GeometryCacheEd (273)
[2019.05.18-16.29.31:907][794]LogModuleManager: Shutting down and abandoning module SuperSearchEditor (268)
[2019.05.18-16.29.31:907][794]LogModuleManager: Shutting down and abandoning module SuperSearch (267)
[2019.05.18-16.29.31:907][794]LogModuleManager: Shutting down and abandoning module SpeedTreeImporter (264)
[2019.05.18-16.29.31:907][794]LogModuleManager: Shutting down and abandoning module PluginBrowser (262)
[2019.05.18-16.29.31:907][794]LogModuleManager: Shutting down and abandoning module MobileLauncherProfileWizard (260)
[2019.05.18-16.29.31:907][794]LogModuleManager: Shutting down and abandoning module EpicSurvey (258)
[2019.05.18-16.29.31:907][794]LogModuleManager: Shutting down and abandoning module VisualStudioSourceCodeAccess (256)
[2019.05.18-16.29.31:907][794]LogModuleManager: Shutting down and abandoning module DesktopPlatform (255)
[2019.05.18-16.29.31:907][794]LogModuleManager: Shutting down and abandoning module UObjectPlugin (252)
[2019.05.18-16.29.31:907][794]LogModuleManager: Shutting down and abandoning module SubversionSourceControl (250)
[2019.05.18-16.29.31:908][794]LogModuleManager: Shutting down and abandoning module PerforceSourceControl (248)
[2019.05.18-16.29.31:908][794]LogModuleManager: Shutting down and abandoning module GitSourceControl (246)
[2019.05.18-16.29.31:908][794]LogModuleManager: Shutting down and abandoning module SourceControl (245)
[2019.05.18-16.29.31:908][794]LogModuleManager: Shutting down and abandoning module LightPropagationVolumeEditor (242)
[2019.05.18-16.29.31:908][794]LogModuleManager: Shutting down and abandoning module PaperTiledImporter (240)
[2019.05.18-16.29.31:908][794]LogModuleManager: Shutting down and abandoning module PaperSpriteSheetImporter (238)
[2019.05.18-16.29.31:908][794]LogModuleManager: Shutting down and abandoning module Paper2DEditor (236)
[2019.05.18-16.29.31:909][794]LogModuleManager: Shutting down and abandoning module MeshPaint (235)
[2019.05.18-16.29.31:910][794]LogModuleManager: Shutting down and abandoning module LevelEditor (233)
[2019.05.18-16.29.31:911][794]LogModuleManager: Shutting down and abandoning module PixelInspectorModule (232)
[2019.05.18-16.29.31:911][794]LogModuleManager: Shutting down and abandoning module MainFrame (230)
[2019.05.18-16.29.31:911][794]LogModuleManager: Shutting down and abandoning module HotReload (229)
[2019.05.18-16.29.31:912][794]LogModuleManager: Shutting down and abandoning module ContentBrowser (225)
[2019.05.18-16.29.31:913][794]LogModuleManager: Shutting down and abandoning module PhysXVehiclesEditor (222)
[2019.05.18-16.29.31:913][794]LogModuleManager: Shutting down and abandoning module PhysXVehicles (220)
[2019.05.18-16.29.31:913][794]LogModuleManager: Shutting down and abandoning module LocationServicesBPLibrary (218)
[2019.05.18-16.29.31:913][794]LogModuleManager: Shutting down and abandoning module UdpMessaging (216)
[2019.05.18-16.29.32:014][794]LogModuleManager: Shutting down and abandoning module TcpMessaging (214)
[2019.05.18-16.29.32:115][794]LogModuleManager: Shutting down and abandoning module GameplayTagsEditor (212)
[2019.05.18-16.29.32:115][794]LogModuleManager: Shutting down and abandoning module FacialAnimationEditor (210)
[2019.05.18-16.29.32:115][794]LogModuleManager: Shutting down and abandoning module FacialAnimation (208)
[2019.05.18-16.29.32:115][794]LogModuleManager: Shutting down and abandoning module LightPropagationVolumeRuntime (206)
[2019.05.18-16.29.32:115][794]LogModuleManager: Shutting down and abandoning module Paper2D (204)
[2019.05.18-16.29.32:115][794]LogModuleManager: Shutting down and abandoning module WindowsMoviePlayer (202)
[2019.05.18-16.29.32:115][794]LogModuleManager: Shutting down and abandoning module WmfMedia (200)
[2019.05.18-16.29.32:119][794]LogModuleManager: Shutting down and abandoning module MfMedia (198)
[2019.05.18-16.29.32:119][794]LogModuleManager: Shutting down and abandoning module MediaAssets (196)
[2019.05.18-16.29.32:119][794]LogModuleManager: Shutting down and abandoning module GameLiveStreaming (194)
[2019.05.18-16.29.32:119][794]LogModuleManager: Shutting down and abandoning module VREditor (192)
[2019.05.18-16.29.32:119][794]LogModuleManager: Shutting down and abandoning module GameplayTasksEditor (190)
[2019.05.18-16.29.32:119][794]LogModuleManager: Shutting down and abandoning module BehaviorTreeEditor (188)
[2019.05.18-16.29.32:119][794]LogModuleManager: Shutting down and abandoning module FunctionalTesting (186)
[2019.05.18-16.29.32:119][794]LogModuleManager: Shutting down and abandoning module CollisionAnalyzer (184)
[2019.05.18-16.29.32:119][794]LogModuleManager: Shutting down and abandoning module UMG (182)
[2019.05.18-16.29.32:119][794]LogModuleManager: Shutting down and abandoning module UMGEditor (181)
[2019.05.18-16.29.32:119][794]LogModuleManager: Shutting down and abandoning module Sequencer (180)
[2019.05.18-16.29.32:120][794]LogModuleManager: Shutting down and abandoning module AssetTools (178)
[2019.05.18-16.29.32:120][794]LogModuleManager: Shutting down and abandoning module MessageLog (177)
[2019.05.18-16.29.32:120][794]LogModuleManager: Shutting down and abandoning module WorkspaceMenuStructure (176)
[2019.05.18-16.29.32:120][794]LogModuleManager: Shutting down and abandoning module SlateReflector (170)
[2019.05.18-16.29.32:120][794]LogModuleManager: Shutting down and abandoning module Slate (168)
[2019.05.18-16.29.32:120][794]LogModuleManager: Shutting down and abandoning module EditorStyle (166)
[2019.05.18-16.29.32:125][794]LogModuleManager: Shutting down and abandoning module SourceCodeAccess (164)
[2019.05.18-16.29.32:125][794]LogModuleManager: Shutting down and abandoning module HeadMountedDisplay (162)
[2019.05.18-16.29.32:125][794]LogModuleManager: Shutting down and abandoning module XAudio2 (160)
[2019.05.18-16.29.32:125][794]LogModuleManager: Shutting down and abandoning module Networking (158)
[2019.05.18-16.29.32:125][794]LogModuleManager: Shutting down and abandoning module Core (154)
[2019.05.18-16.29.32:125][794]LogModuleManager: Shutting down and abandoning module AssetRegistry (152)
[2019.05.18-16.29.32:302][794]LogDirectoryWatcher: A directory notification for '../../../Engine/Content/' was aborted.
[2019.05.18-16.29.32:302][794]LogDirectoryWatcher: A directory notification for 'E:/ACEDAMIC/3rd Year/SCS 3113 - Game development/BananaCollectorStarter/Content/' was aborted.
[2019.05.18-16.29.32:302][794]LogDirectoryWatcher: A directory notification for '../../../Engine/Plugins/2D/Paper2D/Content/' was aborted.
[2019.05.18-16.29.32:303][794]LogModuleManager: Shutting down and abandoning module DirectoryWatcher (151)
[2019.05.18-16.29.32:305][794]LogModuleManager: Shutting down and abandoning module KismetCompiler (148)
[2019.05.18-16.29.32:305][794]LogModuleManager: Shutting down and abandoning module PhysXFormats (146)
[2019.05.18-16.29.32:305][794]LogModuleManager: Shutting down and abandoning module MeshUtilities (144)
[2019.05.18-16.29.32:305][794]LogModuleManager: Shutting down and abandoning module SimplygonSwarm (143)
[2019.05.18-16.29.32:305][794]LogModuleManager: Shutting down and abandoning module SimplygonMeshReduction (141)
[2019.05.18-16.29.32:305][794]LogModuleManager: Shutting down and abandoning module QuadricMeshReduction (139)
[2019.05.18-16.29.32:305][794]LogModuleManager: Shutting down and abandoning module PropertyEditor (137)
[2019.05.18-16.29.32:305][794]LogModuleManager: Shutting down and abandoning module DerivedDataCache (134)
[2019.05.18-16.29.32:362][794]LogDerivedDataCache: Shutdown
[2019.05.18-16.29.32:362][794]LogModuleManager: Shutting down and abandoning module TargetPlatform (132)
[2019.05.18-16.29.32:362][794]LogModuleManager: Shutting down and abandoning module VulkanShaderFormat (131)
[2019.05.18-16.29.32:362][794]LogModuleManager: Shutting down and abandoning module ShaderFormatOpenGL (129)
[2019.05.18-16.29.32:362][794]LogModuleManager: Shutting down and abandoning module ShaderFormatD3D (127)
[2019.05.18-16.29.32:362][794]LogModuleManager: Shutting down and abandoning module MetalShaderFormat (125)
[2019.05.18-16.29.32:362][794]LogModuleManager: Shutting down and abandoning module TextureFormatUncompressed (123)
[2019.05.18-16.29.32:362][794]LogModuleManager: Shutting down and abandoning module TextureFormatPVR (121)
[2019.05.18-16.29.32:362][794]LogModuleManager: Shutting down and abandoning module TextureFormatDXT (119)
[2019.05.18-16.29.32:362][794]LogModuleManager: Shutting down and abandoning module TextureFormatIntelISPCTexComp (117)
[2019.05.18-16.29.32:362][794]LogModuleManager: Shutting down and abandoning module TextureFormatASTC (115)
[2019.05.18-16.29.32:362][794]LogModuleManager: Shutting down and abandoning module ImageWrapper (114)
[2019.05.18-16.29.32:362][794]LogModuleManager: Shutting down and abandoning module TextureFormatAndroid (111)
[2019.05.18-16.29.32:362][794]LogModuleManager: Shutting down and abandoning module AudioFormatOpus (109)
[2019.05.18-16.29.32:362][794]LogModuleManager: Shutting down and abandoning module AudioFormatOgg (107)
[2019.05.18-16.29.32:362][794]LogModuleManager: Shutting down and abandoning module AudioFormatADPCM (105)
[2019.05.18-16.29.32:362][794]LogModuleManager: Shutting down and abandoning module LinuxTargetPlatform (103)
[2019.05.18-16.29.32:362][794]LogModuleManager: Shutting down and abandoning module LinuxServerTargetPlatform (101)
[2019.05.18-16.29.32:362][794]LogModuleManager: Shutting down and abandoning module LinuxNoEditorTargetPlatform (99)
[2019.05.18-16.29.32:362][794]LogModuleManager: Shutting down and abandoning module LinuxClientTargetPlatform (97)
[2019.05.18-16.29.32:362][794]LogModuleManager: Shutting down and abandoning module TVOSTargetPlatform (95)
[2019.05.18-16.29.32:363][794]LogModuleManager: Shutting down and abandoning module Messaging (93)
[2019.05.18-16.29.32:363][794]LogModuleManager: Shutting down and abandoning module IOSTargetPlatform (91)
[2019.05.18-16.29.32:363][794]LogModuleManager: Shutting down and abandoning module HTML5TargetPlatform (89)
[2019.05.18-16.29.32:363][794]LogModuleManager: Shutting down and abandoning module Android_PVRTCTargetPlatform (87)
[2019.05.18-16.29.32:363][794]LogModuleManager: Shutting down and abandoning module Android_MultiTargetPlatform (85)
[2019.05.18-16.29.32:363][794]LogModuleManager: Shutting down and abandoning module Android_ETC2TargetPlatform (83)
[2019.05.18-16.29.32:363][794]LogModuleManager: Shutting down and abandoning module Android_ETC1TargetPlatform (81)
[2019.05.18-16.29.32:363][794]LogModuleManager: Shutting down and abandoning module Android_DXTTargetPlatform (79)
[2019.05.18-16.29.32:363][794]LogModuleManager: Shutting down and abandoning module Android_ATCTargetPlatform (77)
[2019.05.18-16.29.32:363][794]LogModuleManager: Shutting down and abandoning module Android_ASTCTargetPlatform (75)
[2019.05.18-16.29.32:363][794]LogModuleManager: Shutting down and abandoning module AndroidTargetPlatform (73)
[2019.05.18-16.29.32:363][794]LogModuleManager: Shutting down and abandoning module WindowsTargetPlatform (71)
[2019.05.18-16.29.32:363][794]LogModuleManager: Shutting down and abandoning module WindowsServerTargetPlatform (69)
[2019.05.18-16.29.32:363][794]LogModuleManager: Shutting down and abandoning module WindowsNoEditorTargetPlatform (67)
[2019.05.18-16.29.32:363][794]LogModuleManager: Shutting down and abandoning module WindowsClientTargetPlatform (65)
[2019.05.18-16.29.32:363][794]LogModuleManager: Shutting down and abandoning module MacTargetPlatform (63)
[2019.05.18-16.29.32:363][794]LogModuleManager: Shutting down and abandoning module MacServerTargetPlatform (61)
[2019.05.18-16.29.32:363][794]LogModuleManager: Shutting down and abandoning module MacNoEditorTargetPlatform (59)
[2019.05.18-16.29.32:363][794]LogModuleManager: Shutting down and abandoning module MacClientTargetPlatform (57)
[2019.05.18-16.29.32:363][794]LogModuleManager: Shutting down and abandoning module AllDesktopTargetPlatform (55)
[2019.05.18-16.29.32:363][794]LogModuleManager: Shutting down and abandoning module InputCore (52)
[2019.05.18-16.29.32:363][794]LogModuleManager: Shutting down and abandoning module Settings (50)
[2019.05.18-16.29.32:363][794]LogModuleManager: Shutting down and abandoning module OculusRift (48)
[2019.05.18-16.29.32:363][794]LogModuleManager: Shutting down and abandoning module GearVR (46)
[2019.05.18-16.29.32:363][794]LogModuleManager: Shutting down and abandoning module ExampleDeviceProfileSelector (44)
[2019.05.18-16.29.32:363][794]LogModuleManager: Shutting down and abandoning module OnlineBlueprintSupport (42)
[2019.05.18-16.29.32:363][794]LogModuleManager: Shutting down and abandoning module OnlineSubsystem (38)
[2019.05.18-16.29.32:363][794]LogOnline:Display: Unloading online subsystem: NULL
[2019.05.18-16.29.32:363][794]LogModuleManager: Shutting down and abandoning module XMPP (37)
[2019.05.18-16.29.32:363][794]LogModuleManager: Shutting down and abandoning module HTTP (35)
[2019.05.18-16.29.32:363][794]LogHttp:Display: Http module shutting down, but needs to wait on 1 outstanding Http requests:
[2019.05.18-16.29.32:363][794]LogHttp:Display: 	verb=[POST] url=[https://datarouter.ol.epicgames.com/datarouter/api/v1/public/data?SessionID=%7B7654776D-458C-F41F-02B5-48ACB816B96D%7D&AppID=UEEditor.Rocket.Release&AppVersion=4.15.3-3450819%2B%2B%2BUE4%2BRelease-4.15&UserID=c23ff326442d1224e4558c9192a3a968%7C75d3919b08194cf6acb7c63bb9aaf1cc%7Cd82e9d82-40bb-4b99-85ad-5276bd1e6f44&AppEnvironment=datacollector-binary&UploadType=eteventstream] status=Processing
[2019.05.18-16.29.32:382][794]LogModuleManager: Shutting down and abandoning module SSL (34)
[2019.05.18-16.29.32:385][794]LogModuleManager: Shutting down and abandoning module AudioEditor (30)
[2019.05.18-16.29.32:385][794]LogModuleManager: Shutting down and abandoning module TextureCompressor (28)
[2019.05.18-16.29.32:385][794]LogModuleManager: Shutting down and abandoning module ShaderCore (26)
[2019.05.18-16.29.32:385][794]LogModuleManager: Shutting down and abandoning module Landscape (24)
[2019.05.18-16.29.32:385][794]LogModuleManager: Shutting down and abandoning module SlateRHIRenderer (22)
[2019.05.18-16.29.32:387][794]LogModuleManager: Shutting down and abandoning module OpenGLDrv (20)
[2019.05.18-16.29.32:387][794]LogModuleManager: Shutting down and abandoning module D3D11RHI (18)
[2019.05.18-16.29.32:387][794]LogModuleManager: Shutting down and abandoning module AnimGraphRuntime (16)
[2019.05.18-16.29.32:387][794]LogModuleManager: Shutting down and abandoning module Renderer (14)
[2019.05.18-16.29.32:387][794]LogModuleManager: Shutting down and abandoning module Engine (12)
[2019.05.18-16.29.32:387][794]LogModuleManager: Shutting down and abandoning module CoreUObject (10)
[2019.05.18-16.29.32:387][794]LogModuleManager: Shutting down and abandoning module NetworkFile (8)
[2019.05.18-16.29.32:387][794]LogModuleManager: Shutting down and abandoning module StreamingFile (6)
[2019.05.18-16.29.32:387][794]LogModuleManager: Shutting down and abandoning module SandboxFile (4)
[2019.05.18-16.29.32:387][794]LogModuleManager: Shutting down and abandoning module PakFile (2)
[2019.05.18-16.29.32:392][794]LogExit: Exiting.
[2019.05.18-16.29.32:394][794]Log file closed, 05/18/19 21:59:32
