Log file open, 05/19/19 09:49:19
LogInit:Display: Running engine for game: BananaCollector
LogPlatformFile: Not using cached read wrapper
LogInit:Display: RandInit(-1040090679) SRandInit(-1040090679).
LogTaskGraph: Started task graph with 5 named threads and 6 total threads with 1 sets of task threads.
LogStats: Stats thread started at 0.090207
LogInit: Using libcurl 7.47.1
LogInit:  - built for x86_64-pc-win32
LogInit:  - supports SSL with OpenSSL/1.0.2g
LogInit:  - supports HTTP deflate (compression) using libz 1.2.8
LogInit:  - other features:
LogInit:      CURL_VERSION_SSL
LogInit:      CURL_VERSION_LIBZ
LogInit:      CURL_VERSION_IPV6
LogInit:      CURL_VERSION_ASYNCHDNS
LogInit:      CURL_VERSION_LARGEFILE
LogInit:      CURL_VERSION_IDN
LogInit:  CurlRequestOptions (configurable via config and command line):
LogInit:  - bVerifyPeer = false  - Libcurl will NOT verify peer certificate
LogInit:  - bUseHttpProxy = false  - Libcurl will NOT use HTTP proxy
LogInit:  - bDontReuseConnections = false  - Libcurl will reuse connections
LogInit:  - CertBundlePath = nullptr  - Libcurl will use whatever was configured at build time.
LogInit: Build: ++UE4+Release-4.15-CL-3450819
LogInit: Engine Version: 4.15.3-3450819+++UE4+Release-4.15
LogInit: Compatible Engine Version: 4.15.0-3299760+++UE4+Release-4.15
LogInit: Net CL: 3299760
LogDevObjectVersion: Number of dev versions registered: 14
LogDevObjectVersion:   Dev-Blueprints (B0D832E4-1F89-4F0D-ACCF-7EB736FD4AA2): 8
LogDevObjectVersion:   Dev-Build (E1C64328-A22C-4D53-A36C-8E866417BD8C): 0
LogDevObjectVersion:   Dev-Core (375EC13C-06E4-48FB-B500-84F0262A717E): 2
LogDevObjectVersion:   Dev-Editor (E4B068ED-F494-42E9-A231-DA0B2E46BB41): 14
LogDevObjectVersion:   Dev-Framework (CFFC743F-43B0-4480-9391-14DF171D2073): 22
LogDevObjectVersion:   Dev-Mobile (B02B49B5-BB20-44E9-A304-32B752E40360): 0
LogDevObjectVersion:   Dev-Networking (A4E4105C-59A1-49B5-A7C5-40C4547EDFEE): 0
LogDevObjectVersion:   Dev-Online (39C831C9-5AE6-47DC-9A44-9C173E1C8E7C): 0
LogDevObjectVersion:   Dev-Physics (78F01B33-EBEA-4F98-B9B4-84EACCB95AA2): 0
LogDevObjectVersion:   Dev-Platform (6631380F-2D4D-43E0-8009-CF276956A95A): 0
LogDevObjectVersion:   Dev-Rendering (12F88B9F-8875-4AFC-A67C-D90C383ABD29): 12
LogDevObjectVersion:   Dev-Sequencer (7B5AE74C-D270-4C10-A958-57980B212A5A): 3
LogDevObjectVersion:   Dev-VR (D7296918-1DD6-4BDD-9DE2-64A83CC13884): 0
LogDevObjectVersion:   Dev-LoadTimes (C2A15278-BFE7-4AFE-6C17-90FF531DF755): 1
LogInit: Compiled (64-bit): May 21 2017 11:02:34
LogInit: Compiled with Visual C++: 19.00.23026.00
LogInit: Build Configuration: Development
LogInit: Branch Name: ++UE4+Release-4.15
LogInit: Command line: -EpicPortal  -epicusername="SL RydEr" -epicuserid=75d3919b08194cf6acb7c63bb9aaf1cc -epiclocale=en-US
LogInit: Base directory: C:/Program Files/Epic Games/UE_4.15/Engine/Binaries/Win64/
LogInit: Installed Engine Build: 1
LogInit: Presizing for max 8388607 objects, including 0 objects not considered by GC, pre-allocating 0 bytes for permanent pool.
LogInit: Object subsystem initialized
[2019.05.19-04.19.21:296][  0]LogInit: Selected Device Profile: [Windows]
[2019.05.19-04.19.21:296][  0]LogInit: Applying CVar settings loaded from the selected device profile: [Windows]
[2019.05.19-04.19.21:471][  0]LogInit: Computer: LAPTOP-GOLB6O3O
[2019.05.19-04.19.21:471][  0]LogInit: User: Acer
[2019.05.19-04.19.21:471][  0]LogInit: CPU Page size=65536, Cores=2
[2019.05.19-04.19.21:471][  0]LogInit: High frequency timer resolution =10.000000 MHz
[2019.05.19-04.19.21:471][  0]LogMemory: Memory total: Physical=7.9GB (8GB approx)
[2019.05.19-04.19.21:471][  0]LogMemory: Platform Memory Stats for Windows
[2019.05.19-04.19.21:471][  0]LogMemory: Process Physical Memory: 262.23 MB used, 262.23 MB peak
[2019.05.19-04.19.21:471][  0]LogMemory: Process Virtual Memory: 262.14 MB used, 262.14 MB peak
[2019.05.19-04.19.21:471][  0]LogMemory: Physical Memory: 3905.87 MB used,  4152.72 MB free, 8058.59 MB total
[2019.05.19-04.19.21:471][  0]LogMemory: Virtual Memory: 4776.27 MB used,  4152.72 MB free, 134217728.00 MB total
[2019.05.19-04.19.21:642][  0]LogTextLocalizationManager: No specific translations for ('en-US') exist, so ('en') translations will be used.
[2019.05.19-04.19.32:423][  0]LogD3D11RHI: D3D11 adapters:
[2019.05.19-04.19.32:469][  0]LogD3D11RHI:    0. 'NVIDIA GeForce 920M' (Feature Level 11_0)
[2019.05.19-04.19.32:470][  0]LogD3D11RHI:       2020/0/4029 MB DedicatedVideo/DedicatedSystem/SharedSystem, Outputs:1, VendorId:0x10de
[2019.05.19-04.19.32:480][  0]LogD3D11RHI:    1. 'Intel(R) HD Graphics 520' (Feature Level 11_0)
[2019.05.19-04.19.32:480][  0]LogD3D11RHI:       128/0/4029 MB DedicatedVideo/DedicatedSystem/SharedSystem, Outputs:0, VendorId:0x8086
[2019.05.19-04.19.32:484][  0]LogD3D11RHI:    2. 'Microsoft Basic Render Driver' (Feature Level 11_0)
[2019.05.19-04.19.32:484][  0]LogD3D11RHI:       0/0/4029 MB DedicatedVideo/DedicatedSystem/SharedSystem, Outputs:0, VendorId:0x1414
[2019.05.19-04.19.32:484][  0]LogD3D11RHI: Chosen D3D11 Adapter: 0
[2019.05.19-04.19.32:526][  0]LogD3D11RHI: Creating new Direct3DDevice
[2019.05.19-04.19.32:527][  0]LogD3D11RHI:     GPU DeviceId: 0x1299 (for the marketing name, search the web for "GPU Device Id")
[2019.05.19-04.19.32:527][  0]LogWindows: EnumDisplayDevices:
[2019.05.19-04.19.32:527][  0]LogWindows:    0. 'Intel(R) HD Graphics 520' (P:1 D:1)
[2019.05.19-04.19.32:527][  0]LogWindows:    1. 'Intel(R) HD Graphics 520' (P:0 D:0)
[2019.05.19-04.19.32:527][  0]LogWindows:    2. 'Intel(R) HD Graphics 520' (P:0 D:0)
[2019.05.19-04.19.32:527][  0]LogWindows: DebugString: GetVideoDriverDetailsInvalid PrimaryIsNotTheChoosenAdapter GetVideoDriverDetailsInvalid PrimaryIsNotTheChoosenAdapter GetVideoDriverDetailsInvalid PrimaryIsNotTheChoosenAdapter FoundDriverCount:0 
[2019.05.19-04.19.32:527][  0]LogD3D11RHI:     Adapter Name: NVIDIA GeForce 920M
[2019.05.19-04.19.32:528][  0]LogD3D11RHI:   Driver Version: Unknown (internal:Unknown, unified:Unknown)
[2019.05.19-04.19.32:528][  0]LogD3D11RHI:      Driver Date: Unknown
[2019.05.19-04.19.32:528][  0]LogRHI: Texture pool is 1361 MB (70% of 1945 MB)
[2019.05.19-04.19.32:551][  0]LogD3D11RHI:Warning: Timestamp queries are currently disabled on this hardware due to instability. Realtime GPU stats will not be available. You can override this behaviour by setting r.NVIDIATimestampWorkaround to 0
[2019.05.19-04.19.32:554][  0]LogD3D11RHI: Async texture creation enabled
[2019.05.19-04.19.32:586][  0]LogD3D11RHI: GPU Timing Frequency: 1000.000000 (Debug: 2 1)
[2019.05.19-04.19.32:588][  0]LogShaderCompilers: Guid format shader working directory is -27 characters bigger than the processId version (E:/ACEDAMIC/3rd Year/SCS 3113 - Game development/BananaCollectorStarter/Intermediate/Shaders/WorkingDirectory/20676/).
[2019.05.19-04.19.32:588][  0]LogShaderCompilers: Cleaned the shader compiler working directory 'C:/Users/Acer/AppData/Local/Temp/UnrealShaderWorkingDir/5D19CC1C4A9DA7794E2F3FA8C9C59568/'.
[2019.05.19-04.19.32:588][  0]LogShaderCompilers:Display: Using Local Shader Compiler.
[2019.05.19-04.19.38:361][  0]LogTemp:Display: Loaded TP AllDesktopTargetPlatform
[2019.05.19-04.19.38:463][  0]LogTemp:Display: Loaded TP MacClientTargetPlatform
[2019.05.19-04.19.38:592][  0]LogTemp:Display: Loaded TP MacNoEditorTargetPlatform
[2019.05.19-04.19.38:708][  0]LogTemp:Display: Loaded TP MacServerTargetPlatform
[2019.05.19-04.19.38:803][  0]LogTemp:Display: Loaded TP MacTargetPlatform
[2019.05.19-04.19.38:901][  0]LogTemp:Display: Loaded TP WindowsClientTargetPlatform
[2019.05.19-04.19.39:003][  0]LogTemp:Display: Loaded TP WindowsNoEditorTargetPlatform
[2019.05.19-04.19.39:109][  0]LogTemp:Display: Loaded TP WindowsServerTargetPlatform
[2019.05.19-04.19.39:200][  0]LogTemp:Display: Loaded TP WindowsTargetPlatform
[2019.05.19-04.19.39:313][  0]LogTemp:Display: Loaded TP AndroidTargetPlatform
[2019.05.19-04.19.39:410][  0]LogTemp:Display: Loaded TP Android_ASTCTargetPlatform
[2019.05.19-04.19.39:505][  0]LogTemp:Display: Loaded TP Android_ATCTargetPlatform
[2019.05.19-04.19.39:603][  0]LogTemp:Display: Loaded TP Android_DXTTargetPlatform
[2019.05.19-04.19.39:704][  0]LogTemp:Display: Loaded TP Android_ETC1TargetPlatform
[2019.05.19-04.19.39:805][  0]LogTemp:Display: Loaded TP Android_ETC2TargetPlatform
[2019.05.19-04.19.40:025][  0]LogTemp:Display: Loaded TP Android_MultiTargetPlatform
[2019.05.19-04.19.40:025][  0]LogTemp:Display: Loaded TP Android_PVRTCTargetPlatform
[2019.05.19-04.19.40:101][  0]LogTemp:Display: Loaded TP HTML5TargetPlatform
[2019.05.19-04.19.40:276][  0]LogTemp:Display: Loaded TP IOSTargetPlatform
[2019.05.19-04.19.40:343][  0]LogTemp:Display: Loaded TP TVOSTargetPlatform
[2019.05.19-04.19.40:446][  0]LogTemp:Display: Loaded TP LinuxClientTargetPlatform
[2019.05.19-04.19.40:554][  0]LogTemp:Display: Loaded TP LinuxNoEditorTargetPlatform
[2019.05.19-04.19.40:658][  0]LogTemp:Display: Loaded TP LinuxServerTargetPlatform
[2019.05.19-04.19.40:793][  0]LogTemp:Display: Loaded TP LinuxTargetPlatform
[2019.05.19-04.19.40:793][  0]LogTargetPlatformManager:Display: Building Assets For Windows
[2019.05.19-04.19.41:673][  0]LogDerivedDataCache:Display: Max Cache Size: 512 MB
[2019.05.19-04.19.42:208][  0]LogDerivedDataCache: Loaded boot cache 0.54s 50MB C:/Users/Acer/AppData/Local/UnrealEngine/4.15/DerivedDataCache/Boot.ddc.
[2019.05.19-04.19.42:208][  0]LogDerivedDataCache:Display: Loaded Boot cache: C:/Users/Acer/AppData/Local/UnrealEngine/4.15/DerivedDataCache/Boot.ddc
[2019.05.19-04.19.42:208][  0]LogDerivedDataCache: FDerivedDataBackendGraph:  Pak pak cache file E:/ACEDAMIC/3rd Year/SCS 3113 - Game development/BananaCollectorStarter/DerivedDataCache/DDC.ddp not found, will not use a pak cache.
[2019.05.19-04.19.42:209][  0]LogDerivedDataCache: Unable to find inner node Pak for hierarchical cache Hierarchy.
[2019.05.19-04.19.42:209][  0]LogDerivedDataCache: FDerivedDataBackendGraph:  CompressedPak pak cache file E:/ACEDAMIC/3rd Year/SCS 3113 - Game development/BananaCollectorStarter/DerivedDataCache/Compressed.ddp not found, will not use a pak cache.
[2019.05.19-04.19.42:209][  0]LogDerivedDataCache: Unable to find inner node CompressedPak for hierarchical cache Hierarchy.
[2019.05.19-04.19.42:230][  0]LogDerivedDataCache:Display: Pak cache opened for reading ../../../Engine/DerivedDataCache/Compressed.ddp.
[2019.05.19-04.19.42:243][  0]LogDerivedDataCache: Using Local data cache path C:/Users/Acer/AppData/Local/UnrealEngine/Common/DerivedDataCache: Writable
[2019.05.19-04.19.42:259][  0]LogSlate: Using Freetype 2.6.0
[2019.05.19-04.19.42:277][  0]LogSlate: SlateFontCache - WITH_FREETYPE: 1, WITH_HARFBUZZ: 1
[2019.05.19-04.19.42:278][  0]LogSlate: SlateFontCache - WITH_FREETYPE: 1, WITH_HARFBUZZ: 1
[2019.05.19-04.19.44:797][  0]LogInit: Selected Device Profile: [Windows]
[2019.05.19-04.19.44:801][  0]LogContentStreaming: Texture pool size is 0.00 MB
[2019.05.19-04.19.45:146][  0]LogMeshUtilities: Using QuadricMeshReduction for automatic static mesh reduction
[2019.05.19-04.19.45:236][  0]LogSimplygon: Simplygon DLL not present - disabling.
[2019.05.19-04.19.45:320][  0]LogMeshUtilities: Using SimplygonSwarm for distributed automatic mesh merging
[2019.05.19-04.19.45:320][  0]LogMeshUtilities: No automatic skeletal mesh reduction module available
[2019.05.19-04.19.45:320][  0]LogMeshUtilities: No automatic mesh merging module available
[2019.05.19-04.19.46:389][  0]LogNetVersion: GetLocalNetworkVersion: CL: 3299760, ProjectName: bananacollector, ProjectVersion: , EngineNetworkVersion: 2, GameNetworkVersion: 0, NetworkChecksum: 2521614572
[2019.05.19-04.19.46:470][  0]LogAssetRegistry: FAssetRegistry took 0.0231 seconds to start up
[2019.05.19-04.19.46:657][  0]LogPackageLocalizationCache: Processed 3 localized package path(s) for 2 prioritized culture(s) in 0.131534 seconds
[2019.05.19-04.19.46:663][  0]LogUObjectArray: 32493 objects as part of root set at end of initial load.
[2019.05.19-04.19.46:663][  0]LogUObjectAllocator: 7077024 out of 0 bytes used by permanent object pool.
[2019.05.19-04.19.46:663][  0]LogUObjectArray: CloseDisregardForGC: 0/0 objects in disregard for GC pool
[2019.05.19-04.19.46:794][  0]LogInit: WinSock: version 1.1 (2.2), MaxSocks=32767, MaxUdp=65467
[2019.05.19-04.20.13:736][  0]LogTcpMessaging: Initializing TcpMessaging bridge
[2019.05.19-04.20.13:807][  0]LogUdpMessaging: Initializing bridge on interface 0.0.0.0:0 to multicast group 230.0.0.1:6666.
[2019.05.19-04.20.15:123][  0]LogMaterial: Uniform references updated for custom material expression Custom.
[2019.05.19-04.20.15:829][  0]SourceControl: Info Source control is disabled
[2019.05.19-04.20.16:009][  0]SourceControl: Info Source control is disabled
[2019.05.19-04.20.16:114][  0]SourceControl: Info Source control is disabled
[2019.05.19-04.20.16:198][  0]SourceControl: Info Source control is disabled
[2019.05.19-04.20.19:024][  0]LogEngine: Initializing Engine...
[2019.05.19-04.20.19:025][  0]LogHMD: Failed to initialize OpenVR with code 110
[2019.05.19-04.20.19:214][  0]LogStats: UGameplayTagsManager::ConstructGameplayTagTree: Construct from data asset -  0.000 s
[2019.05.19-04.20.19:214][  0]LogStats: UGameplayTagsManager::ConstructGameplayTagTree: GameplayTagTreeChangedEvent.Broadcast -  0.000 s
[2019.05.19-04.20.19:454][  0]LogAIModule: Creating AISystem for world Untitled
[2019.05.19-04.20.19:485][  0]LogInit: XAudio2 using 'Speakers (Realtek High Definition Audio)' : 2 channels at 48 kHz using 32 bits per sample (channel mask 0x3)
[2019.05.19-04.20.19:581][  0]LogInit: FAudioDevice initialized.
[2019.05.19-04.20.19:614][  0]LogDerivedDataCache: Saved boot cache 0.03s 50MB C:/Users/Acer/AppData/Local/UnrealEngine/4.15/DerivedDataCache/Boot.ddc.
[2019.05.19-04.20.19:626][  0]LogInit: Texture streaming: Enabled
[2019.05.19-04.20.19:823][  0]LogEngineSessionManager: EngineSessionManager initialized
[2019.05.19-04.20.20:014][  0]LogInit: Transaction tracking system initialized
[2019.05.19-04.20.20:708][  0]BlueprintLog: New page: Editor Load
[2019.05.19-04.20.22:503][  0]LocalizationService: Info Localization service is disabled
[2019.05.19-04.20.23:938][  0]LogConsoleResponse:Display: 
[2019.05.19-04.20.24:303][  0]LogCook:Display: Max memory allowance for cook 16384mb min free memory 0mb
[2019.05.19-04.20.24:303][  0]LogCook:Display: Mobile HDR setting 1
[2019.05.19-04.20.24:834][  0]LogFileCache: Scanning file cache for directory 'E:/ACEDAMIC/3rd Year/SCS 3113 - Game development/BananaCollectorStarter/Content/' took 0.02s
[2019.05.19-04.20.26:747][  0]SourceControl: Info Source control is disabled
[2019.05.19-04.20.26:747][  0]Cmd: MAP LOAD FILE="E:/ACEDAMIC/3rd Year/SCS 3113 - Game development/BananaCollectorStarter/Content/BananaCollector/Maps/TutorialMap.umap" TEMPLATE=0 SHOWPROGRESS=1 FEATURELEVEL=3
[2019.05.19-04.20.26:794][  0]LightingResults: New page: Lighting Build
[2019.05.19-04.20.26:890][  0]MapCheck: New page: Map Check
[2019.05.19-04.20.26:890][  0]LightingResults: New page: Lighting Build
[2019.05.19-04.20.27:674][  0]LogAIModule: Creating AISystem for world TutorialMap
[2019.05.19-04.20.27:771][  0]LogEditorServer: Finished looking for orphan Actors (0.000 secs)
[2019.05.19-04.20.27:809][  0]Cmd: MAP CHECKDEP NOCLEARLOG
[2019.05.19-04.20.27:922][  0]MapCheck: Info Map check complete: 0 Error(s), 0 Warning(s), took 112.265ms to complete.
[2019.05.19-04.20.27:922][  0]LogFileHelpers: Loading map 'TutorialMap' took 1.175
[2019.05.19-04.20.28:903][  0]LogCollectionManager: Loaded 0 collections in 0.002451 seconds
[2019.05.19-04.20.29:147][  0]LogFileCache: Scanning file cache for directory 'E:/ACEDAMIC/3rd Year/SCS 3113 - Game development/BananaCollectorStarter/Saved/Collections/' took 0.01s
[2019.05.19-04.20.29:147][  0]LogFileCache: Scanning file cache for directory 'E:/ACEDAMIC/3rd Year/SCS 3113 - Game development/BananaCollectorStarter/Content/Developers/Acer/Collections/' took 0.00s
[2019.05.19-04.20.29:147][  0]LogFileCache: Scanning file cache for directory 'E:/ACEDAMIC/3rd Year/SCS 3113 - Game development/BananaCollectorStarter/Content/Collections/' took 0.00s
[2019.05.19-04.20.29:147][  0]LogCollectionManager: Rebuilt the GUID cache for 0 collections in 0.000004 seconds
[2019.05.19-04.20.29:212][  0]LogContentBrowser: Native class hierarchy populated in 0.0562 seconds. Added 2245 classes and 453 folders.
[2019.05.19-04.20.29:421][  0]LogContentBrowser: Native class hierarchy updated for 'WidgetCarousel' in 0.0006 seconds. Added 0 classes and 0 folders.
[2019.05.19-04.20.31:171][  0]LogContentBrowser: Native class hierarchy updated for 'AddContentDialog' in 0.0011 seconds. Added 0 classes and 0 folders.
[2019.05.19-04.20.31:347][  0]LogContentBrowser: Native class hierarchy updated for 'SceneOutliner' in 0.0007 seconds. Added 1 classes and 2 folders.
[2019.05.19-04.20.32:928][  0]LogCrashTracker: Crashtracker disabled due to settings.
[2019.05.19-04.20.33:114][  0]LogUObjectGlobals:Warning: Failed to find object 'Class None.'
[2019.05.19-04.20.33:293][  0]LogContentBrowser: Native class hierarchy updated for 'HierarchicalLODOutliner' in 0.0019 seconds. Added 1 classes and 2 folders.
[2019.05.19-04.20.33:294][  0]LogLoad: (Engine Initialization) Total time: 76.33 seconds
[2019.05.19-04.20.33:294][  0]LogLoad: (Engine Initialization) Total Blueprint compile time: 0.32 seconds
[2019.05.19-04.20.33:294][  0]LogExternalProfiler: No external profilers were discovered.  External profiling features will not be available.
[2019.05.19-04.20.33:313][  0]LogOcInput: OculusInput pre-init called
[2019.05.19-04.20.33:425][  0]LogContentStreaming: Texture pool size now 1000 MB
[2019.05.19-04.20.33:450][  0]LogSlate: Took 0.022981 seconds to synchronously load lazily loaded font '../../../Engine/Content/Slate/Fonts/Roboto-Regular.ttf' (155K)
[2019.05.19-04.20.33:477][  0]LogSlate: Took 0.020917 seconds to synchronously load lazily loaded font '../../../Engine/Content/Slate/Fonts/Roboto-Bold.ttf' (160K)
[2019.05.19-04.20.33:551][  0]LogSlate: Took 0.039187 seconds to synchronously load lazily loaded font '../../../Engine/Content/Editor/Slate/Fonts/FontAwesome.ttf' (139K)
[2019.05.19-04.20.34:750][  0]LogRenderer: Reallocating scene render targets to support 792x380 NumSamples 1 (Frame:2).
[2019.05.19-04.20.36:071][  1]LogSlate: Took 0.025023 seconds to synchronously load lazily loaded font '../../../Engine/Content/Slate/Fonts/Roboto-Light.ttf' (159K)
[2019.05.19-04.20.36:280][  4]LogAssetRegistry: Asset discovery search completed in 49.8331 seconds
[2019.05.19-04.20.36:280][  4]LogCollectionManager: Rebuilt the object cache for 0 collections in 0.000013 seconds (found 0 objects)
[2019.05.19-04.20.36:280][  4]LogCollectionManager: Fixed up redirectors for 0 collections in 0.000046 seconds (updated 0 objects)
[2019.05.19-04.30.32:259][572]LogSlate: Only BGRA pngs, bmps or icos are supported in by External Image Picker
[2019.05.19-04.30.32:531][574]LogTemp:Display: Executing iPhonePackager certificates Engine -bundlename com.YourCompany.BananaCollector

[2019.05.19-04.30.32:531][574]LogTemp:Display: CWD: C:\Program Files\Epic Games\UE_4.15\Engine\Binaries\DotNET\IOS

[2019.05.19-04.30.32:531][574]LogTemp:Display: Initial Dir: C:\Program Files\Epic Games\UE_4.15

[2019.05.19-04.30.32:531][574]LogTemp:Display: Env CWD: C:\Program Files\Epic Games\UE_4.15\Engine\Binaries\DotNET\IOS

[2019.05.19-04.30.32:531][574]LogTemp:Display: BranchPath = LAPTOP-GOLB6O3O/C/Program Files/Epic Games/UE_4.15/Engine/Binaries --- GameBranchPath = LAPTOP-GOLB6O3O/C/Program Files/Epic Games/UE_4.15/Engine/Binaries

[2019.05.19-04.30.32:589][574]LogTemp:Display: IPP ERROR: Application exception: System.IO.DirectoryNotFoundException: Could not find a part of the path 'C:\Users\Acer\AppData\Local\Apple Computer\MobileDevice\Provisioning Profiles'.

[2019.05.19-04.30.32:589][574]LogTemp:Display:    at System.IO.__Error.WinIOError(Int32 errorCode, String maybeFullPath)

[2019.05.19-04.30.32:589][574]LogTemp:Display:    at System.IO.FileSystemEnumerableIterator`1.CommonInit()

[2019.05.19-04.30.32:589][574]LogTemp:Display:    at System.IO.FileSystemEnumerableIterator`1..ctor(String path, String originalUserPath, String searchPattern, SearchOption searchOption, SearchResultHandler`1 resultHandler, Boolean checkHost)

[2019.05.19-04.30.32:589][574]LogTemp:Display:    at System.IO.Directory.EnumerateFiles(String path, String searchPattern)

[2019.05.19-04.30.32:589][574]LogTemp:Display:    at iPhonePackager.CodeSignatureBuilder.FindProvisions(String CFBundleIdentifier)

[2019.05.19-04.30.32:589][574]LogTemp:Display:    at iPhonePackager.Program.Main(String[] args)

[2019.05.19-05.00.31:114][776]Cmd: TRANSACTION UNDO
[2019.05.19-05.00.31:114][776]LogEditorTransaction: Undo Edit Scale
[2019.05.19-05.00.31:308][776]LogSlate: Took 0.019382 seconds to synchronously load lazily loaded font '../../../Engine/Content/Slate/Fonts/Roboto-Light.ttf' (159K)
[2019.05.19-05.00.59:918][471]LogSlate: Took 0.000167 seconds to synchronously load lazily loaded font '../../../Engine/Content/Slate/Fonts/Roboto-Light.ttf' (159K)
[2019.05.19-05.01.00:951][471]LogSlate: Took 0.000911 seconds to synchronously load lazily loaded font '../../../Engine/Content/Slate/Fonts/Roboto-Regular.ttf' (155K)
[2019.05.19-05.01.02:001][471]LogContentBrowser: Native class hierarchy updated for 'BlueprintGraph' in 0.0018 seconds. Added 112 classes and 0 folders.
[2019.05.19-05.01.05:204][471]LogSlate: Took 0.019862 seconds to synchronously load lazily loaded font '../../../Engine/Content/Editor/Slate/Fonts/Roboto-BoldCondensed.ttf' (158K)
[2019.05.19-05.03.08:794][520]LogFileHelpers: Editor autosave (incl. sublevels) for '/Game/BananaCollector/Maps/TutorialMap' took 0.075
[2019.05.19-05.03.08:866][520]OBJ SavePackage: Generating thumbnails for [1] asset(s) in package [/Game/BananaCollector/Blueprints/BP_Player] ([1] browsable assets)...
[2019.05.19-05.03.09:005][520]OBJ SavePackage:     Rendered thumbnail for [Blueprint /Game/BananaCollector/Blueprints/BP_Player.BP_Player]
[2019.05.19-05.03.09:006][520]OBJ SavePackage: Finished generating thumbnails for package [/Game/BananaCollector/Blueprints/BP_Player]
[2019.05.19-05.03.09:312][520]LogSavePackage: Save=183.69ms
[2019.05.19-05.03.09:313][520]LogSavePackage: Moving 'E:/ACEDAMIC/3rd Year/SCS 3113 - Game development/BananaCollectorStarter/Saved/BP_Player_Auto1412A969343700A01780945B7EC0E41B1.tmp' to 'E:/ACEDAMIC/3rd Year/SCS 3113 - Game development/BananaCollectorStarter/Saved/Autosaves/Game/BananaCollector/Blueprints/BP_Player_Auto1.uasset'
[2019.05.19-05.03.09:315][520]LogSavePackage:Display: Finished SavePackage E:/ACEDAMIC/3rd Year/SCS 3113 - Game development/BananaCollectorStarter/Saved/Autosaves/Game/BananaCollector/Blueprints/BP_Player_Auto1.uasset
[2019.05.19-05.03.09:315][520]LogFileHelpers: Auto-saving content packages took 0.520
[2019.05.19-05.04.37:326][ 26]LogSlate: Took 0.027249 seconds to synchronously load lazily loaded font '../../../Engine/Content/Editor/Slate/Fonts/Roboto-BoldCondensedItalic.ttf' (160K)
[2019.05.19-05.05.37:601][464]LogSlate: Took 0.019549 seconds to synchronously load lazily loaded font '../../../Engine/Content/Editor/Slate/Fonts/Roboto-Italic.ttf' (157K)
[2019.05.19-05.05.39:759][572]BlueprintLog: New page: Compile BP_Player
[2019.05.19-05.05.50:524][844]LogD3D11RHI: Timed out while waiting for GPU to catch up. (0.5 s)
[2019.05.19-05.05.51:650][845]LogD3D11RHI: Timed out while waiting for GPU to catch up. (0.5 s)
[2019.05.19-05.05.52:153][845]LogD3D11RHI: Timed out while waiting for GPU to catch up. (0.5 s)
[2019.05.19-05.05.52:848][846]LogD3D11RHI: Timed out while waiting for GPU to catch up. (0.5 s)
[2019.05.19-05.05.53:351][846]LogD3D11RHI: Timed out while waiting for GPU to catch up. (0.5 s)
[2019.05.19-05.05.54:449][847]LogD3D11RHI: Timed out while waiting for GPU to catch up. (0.5 s)
[2019.05.19-05.05.55:324][848]LogD3D11RHI: Timed out while waiting for GPU to catch up. (0.5 s)
[2019.05.19-05.05.55:835][848]LogD3D11RHI: Timed out while waiting for GPU to catch up. (0.5 s)
[2019.05.19-05.05.56:778][849]LogD3D11RHI: Timed out while waiting for GPU to catch up. (0.5 s)
[2019.05.19-05.13.10:111][360]LogFileHelpers: Editor autosave (incl. sublevels) for '/Game/BananaCollector/Maps/TutorialMap' took 0.094
[2019.05.19-05.13.10:114][360]OBJ SavePackage: Generating thumbnails for [1] asset(s) in package [/Game/BananaCollector/Blueprints/BP_Player] ([1] browsable assets)...
[2019.05.19-05.13.10:259][360]OBJ SavePackage:     Rendered thumbnail for [Blueprint /Game/BananaCollector/Blueprints/BP_Player.BP_Player]
[2019.05.19-05.13.10:259][360]OBJ SavePackage: Finished generating thumbnails for package [/Game/BananaCollector/Blueprints/BP_Player]
[2019.05.19-05.13.10:357][360]LogSavePackage: Save=81.05ms
[2019.05.19-05.13.10:357][360]LogSavePackage: Moving 'E:/ACEDAMIC/3rd Year/SCS 3113 - Game development/BananaCollectorStarter/Saved/BP_Player_Auto2D95104604626737813C6A69D81C8E273.tmp' to 'E:/ACEDAMIC/3rd Year/SCS 3113 - Game development/BananaCollectorStarter/Saved/Autosaves/Game/BananaCollector/Blueprints/BP_Player_Auto2.uasset'
[2019.05.19-05.13.10:382][360]LogSavePackage:Display: Finished SavePackage E:/ACEDAMIC/3rd Year/SCS 3113 - Game development/BananaCollectorStarter/Saved/Autosaves/Game/BananaCollector/Blueprints/BP_Player_Auto2.uasset
[2019.05.19-05.13.10:382][360]LogFileHelpers: Auto-saving content packages took 0.270
[2019.05.19-05.23.10:551][ 70]LogFileHelpers: Editor autosave (incl. sublevels) for '/Game/BananaCollector/Maps/TutorialMap' took 0.050
[2019.05.19-05.23.10:554][ 70]OBJ SavePackage: Generating thumbnails for [1] asset(s) in package [/Game/BananaCollector/Blueprints/BP_Player] ([1] browsable assets)...
[2019.05.19-05.23.10:647][ 70]OBJ SavePackage:     Rendered thumbnail for [Blueprint /Game/BananaCollector/Blueprints/BP_Player.BP_Player]
[2019.05.19-05.23.10:647][ 70]OBJ SavePackage: Finished generating thumbnails for package [/Game/BananaCollector/Blueprints/BP_Player]
[2019.05.19-05.23.10:733][ 70]LogSavePackage: Save=74.56ms
[2019.05.19-05.23.10:734][ 70]LogSavePackage: Moving 'E:/ACEDAMIC/3rd Year/SCS 3113 - Game development/BananaCollectorStarter/Saved/BP_Player_Auto398CE1A0449640904EF0501BE36D05C44.tmp' to 'E:/ACEDAMIC/3rd Year/SCS 3113 - Game development/BananaCollectorStarter/Saved/Autosaves/Game/BananaCollector/Blueprints/BP_Player_Auto3.uasset'
[2019.05.19-05.23.10:736][ 70]LogSavePackage:Display: Finished SavePackage E:/ACEDAMIC/3rd Year/SCS 3113 - Game development/BananaCollectorStarter/Saved/Autosaves/Game/BananaCollector/Blueprints/BP_Player_Auto3.uasset
[2019.05.19-05.23.10:736][ 70]LogFileHelpers: Auto-saving content packages took 0.183
[2019.05.19-05.40.39:178][303]LogFileHelpers: Editor autosave (incl. sublevels) for '/Game/BananaCollector/Maps/TutorialMap' took 0.056
[2019.05.19-05.40.39:189][303]OBJ SavePackage: Generating thumbnails for [1] asset(s) in package [/Game/BananaCollector/Blueprints/BP_Player] ([1] browsable assets)...
[2019.05.19-05.40.39:226][303]OBJ SavePackage:     Rendered thumbnail for [Blueprint /Game/BananaCollector/Blueprints/BP_Player.BP_Player]
[2019.05.19-05.40.39:226][303]OBJ SavePackage: Finished generating thumbnails for package [/Game/BananaCollector/Blueprints/BP_Player]
[2019.05.19-05.40.39:289][303]LogSavePackage: Save=45.44ms
[2019.05.19-05.40.39:289][303]LogSavePackage: Moving 'E:/ACEDAMIC/3rd Year/SCS 3113 - Game development/BananaCollectorStarter/Saved/BP_Player_Auto4F81013EE4C6D1FE407E454A504ED6A2E.tmp' to 'E:/ACEDAMIC/3rd Year/SCS 3113 - Game development/BananaCollectorStarter/Saved/Autosaves/Game/BananaCollector/Blueprints/BP_Player_Auto4.uasset'
[2019.05.19-05.40.39:290][303]LogSavePackage:Display: Finished SavePackage E:/ACEDAMIC/3rd Year/SCS 3113 - Game development/BananaCollectorStarter/Saved/Autosaves/Game/BananaCollector/Blueprints/BP_Player_Auto4.uasset
[2019.05.19-05.40.39:290][303]LogFileHelpers: Auto-saving content packages took 0.103
[2019.05.19-05.41.46:031][891]BlueprintLog: New page: Compile BP_Player
[2019.05.19-05.41.56:956][409]LogTemp: Repeting last play command: Selected Viewport
[2019.05.19-05.41.57:005][409]LogBlueprintUserMessages: Early PlayInEditor Detection: Level '/Game/BananaCollector/Maps/TutorialMap.TutorialMap:PersistentLevel' has LevelScriptBlueprint '/Game/BananaCollector/Maps/TutorialMap.TutorialMap:PersistentLevel.TutorialMap' with GeneratedClass '/Game/BananaCollector/Maps/TutorialMap.TutorialMap_C' with ClassGeneratedBy '/Game/BananaCollector/Maps/TutorialMap.TutorialMap:PersistentLevel.TutorialMap'
[2019.05.19-05.41.57:022][409]LogPlayLevel: PlayLevel: No blueprints needed recompiling
[2019.05.19-05.41.57:119][409]PIE: New page: PIE session: TutorialMap (May 19, 2019, 4:41:57 PM)
[2019.05.19-05.41.57:158][409]LogPlayLevel: Creating play world package: /Game/BananaCollector/Maps/UEDPIE_0_TutorialMap
[2019.05.19-05.41.57:256][409]LogPlayLevel: PIE: StaticDuplicateObject took: (0.098272s)
[2019.05.19-05.41.57:261][409]LogAIModule: Creating AISystem for world TutorialMap
[2019.05.19-05.41.57:262][409]LogPlayLevel: PIE: World Init took: (0.005765s)
[2019.05.19-05.41.57:275][409]LogPlayLevel: PIE: Created PIE world by copying editor world from /Game/BananaCollector/Maps/TutorialMap.TutorialMap to /Game/BananaCollector/Maps/UEDPIE_0_TutorialMap.TutorialMap (0.120805s)
[2019.05.19-05.41.57:406][409]LogInit: XAudio2 using 'Speakers (Realtek High Definition Audio)' : 2 channels at 48 kHz using 32 bits per sample (channel mask 0x3)
[2019.05.19-05.41.57:444][409]LogInit: FAudioDevice initialized.
[2019.05.19-05.41.57:751][409]LogLoad: Game class is 'GM_Tutorial_C'
[2019.05.19-05.41.57:960][409]LogWorld: Bringing World /Game/BananaCollector/Maps/UEDPIE_0_TutorialMap.TutorialMap up for play (max tick rate 60) at 2019.05.19-11.11.57
[2019.05.19-05.41.57:980][409]LogWorld: Bringing up level for play took: 0.022567
[2019.05.19-05.41.58:338][409]LogContentBrowser: Native class hierarchy updated for 'MovieSceneCapture' in 0.0012 seconds. Added 11 classes and 0 folders.
[2019.05.19-05.41.58:450][409]PIE: Info Play in editor start time for /Game/BananaCollector/Maps/UEDPIE_0_TutorialMap 1.38
[2019.05.19-05.41.58:451][409]LogBlueprintUserMessages: Late PlayInEditor Detection: Level '/Game/BananaCollector/Maps/TutorialMap.TutorialMap:PersistentLevel' has LevelScriptBlueprint '/Game/BananaCollector/Maps/TutorialMap.TutorialMap:PersistentLevel.TutorialMap' with GeneratedClass '/Game/BananaCollector/Maps/TutorialMap.TutorialMap_C' with ClassGeneratedBy '/Game/BananaCollector/Maps/TutorialMap.TutorialMap:PersistentLevel.TutorialMap'
[2019.05.19-05.42.31:184][286]LogBlueprintUserMessages: Early EndPlayMap Detection: Level '/Game/BananaCollector/Maps/TutorialMap.TutorialMap:PersistentLevel' has LevelScriptBlueprint '/Game/BananaCollector/Maps/TutorialMap.TutorialMap:PersistentLevel.TutorialMap' with GeneratedClass '/Game/BananaCollector/Maps/TutorialMap.TutorialMap_C' with ClassGeneratedBy '/Game/BananaCollector/Maps/TutorialMap.TutorialMap:PersistentLevel.TutorialMap'
[2019.05.19-05.42.31:395][286]LogBlueprintUserMessages: Late EndPlayMap Detection: Level '/Game/BananaCollector/Maps/TutorialMap.TutorialMap:PersistentLevel' has LevelScriptBlueprint '/Game/BananaCollector/Maps/TutorialMap.TutorialMap:PersistentLevel.TutorialMap' with GeneratedClass '/Game/BananaCollector/Maps/TutorialMap.TutorialMap_C' with ClassGeneratedBy '/Game/BananaCollector/Maps/TutorialMap.TutorialMap:PersistentLevel.TutorialMap'
[2019.05.19-05.45.44:851][ 22]LogTemp: Repeting last play command: Selected Viewport
[2019.05.19-05.45.44:882][ 22]LogBlueprintUserMessages: Early PlayInEditor Detection: Level '/Game/BananaCollector/Maps/TutorialMap.TutorialMap:PersistentLevel' has LevelScriptBlueprint '/Game/BananaCollector/Maps/TutorialMap.TutorialMap:PersistentLevel.TutorialMap' with GeneratedClass '/Game/BananaCollector/Maps/TutorialMap.TutorialMap_C' with ClassGeneratedBy '/Game/BananaCollector/Maps/TutorialMap.TutorialMap:PersistentLevel.TutorialMap'
[2019.05.19-05.45.44:882][ 22]LogPlayLevel: PlayLevel: No blueprints needed recompiling
[2019.05.19-05.45.44:882][ 22]PIE: New page: PIE session: TutorialMap (May 19, 2019, 4:45:44 PM)
[2019.05.19-05.45.44:883][ 22]LogPlayLevel: Creating play world package: /Game/BananaCollector/Maps/UEDPIE_0_TutorialMap
[2019.05.19-05.45.44:886][ 22]LogPlayLevel: PIE: StaticDuplicateObject took: (0.003482s)
[2019.05.19-05.45.44:887][ 22]LogAIModule: Creating AISystem for world TutorialMap
[2019.05.19-05.45.44:887][ 22]LogPlayLevel: PIE: World Init took: (0.001263s)
[2019.05.19-05.45.44:888][ 22]LogPlayLevel: PIE: Created PIE world by copying editor world from /Game/BananaCollector/Maps/TutorialMap.TutorialMap to /Game/BananaCollector/Maps/UEDPIE_0_TutorialMap.TutorialMap (0.005211s)
[2019.05.19-05.45.44:940][ 22]LogInit: XAudio2 using 'Speakers (Realtek High Definition Audio)' : 2 channels at 48 kHz using 32 bits per sample (channel mask 0x3)
[2019.05.19-05.45.44:969][ 22]LogInit: FAudioDevice initialized.
[2019.05.19-05.45.45:018][ 22]LogLoad: Game class is 'GM_Tutorial_C'
[2019.05.19-05.45.45:020][ 22]LogWorld: Bringing World /Game/BananaCollector/Maps/UEDPIE_0_TutorialMap.TutorialMap up for play (max tick rate 60) at 2019.05.19-11.15.45
[2019.05.19-05.45.45:021][ 22]LogWorld: Bringing up level for play took: 0.001933
[2019.05.19-05.45.45:023][ 22]PIE: Info Play in editor start time for /Game/BananaCollector/Maps/UEDPIE_0_TutorialMap -0.047
[2019.05.19-05.45.45:024][ 22]LogBlueprintUserMessages: Late PlayInEditor Detection: Level '/Game/BananaCollector/Maps/TutorialMap.TutorialMap:PersistentLevel' has LevelScriptBlueprint '/Game/BananaCollector/Maps/TutorialMap.TutorialMap:PersistentLevel.TutorialMap' with GeneratedClass '/Game/BananaCollector/Maps/TutorialMap.TutorialMap_C' with ClassGeneratedBy '/Game/BananaCollector/Maps/TutorialMap.TutorialMap:PersistentLevel.TutorialMap'
[2019.05.19-05.45.47:814][179]Cmd: t.MaxFps 60
[2019.05.19-05.45.47:944][179]t.MaxFPS = "60"
[2019.05.19-05.45.56:620][689]Cmd: t.MaxFps 120
[2019.05.19-05.45.56:620][689]t.MaxFPS = "120"
[2019.05.19-05.46.01:442][ 70]LogBlueprintUserMessages: Early EndPlayMap Detection: Level '/Game/BananaCollector/Maps/TutorialMap.TutorialMap:PersistentLevel' has LevelScriptBlueprint '/Game/BananaCollector/Maps/TutorialMap.TutorialMap:PersistentLevel.TutorialMap' with GeneratedClass '/Game/BananaCollector/Maps/TutorialMap.TutorialMap_C' with ClassGeneratedBy '/Game/BananaCollector/Maps/TutorialMap.TutorialMap:PersistentLevel.TutorialMap'
[2019.05.19-05.46.01:483][ 70]LogBlueprintUserMessages: Late EndPlayMap Detection: Level '/Game/BananaCollector/Maps/TutorialMap.TutorialMap:PersistentLevel' has LevelScriptBlueprint '/Game/BananaCollector/Maps/TutorialMap.TutorialMap:PersistentLevel.TutorialMap' with GeneratedClass '/Game/BananaCollector/Maps/TutorialMap.TutorialMap_C' with ClassGeneratedBy '/Game/BananaCollector/Maps/TutorialMap.TutorialMap:PersistentLevel.TutorialMap'
[2019.05.19-05.50.11:088][177]BlueprintLog: New page: Compile BP_Player
[2019.05.19-05.50.18:492][530]LogTemp: Repeting last play command: Selected Viewport
[2019.05.19-05.50.18:522][530]LogBlueprintUserMessages: Early PlayInEditor Detection: Level '/Game/BananaCollector/Maps/TutorialMap.TutorialMap:PersistentLevel' has LevelScriptBlueprint '/Game/BananaCollector/Maps/TutorialMap.TutorialMap:PersistentLevel.TutorialMap' with GeneratedClass '/Game/BananaCollector/Maps/TutorialMap.TutorialMap_C' with ClassGeneratedBy '/Game/BananaCollector/Maps/TutorialMap.TutorialMap:PersistentLevel.TutorialMap'
[2019.05.19-05.50.18:522][530]LogPlayLevel: PlayLevel: No blueprints needed recompiling
[2019.05.19-05.50.18:522][530]PIE: New page: PIE session: TutorialMap (May 19, 2019, 4:50:18 PM)
[2019.05.19-05.50.18:523][530]LogPlayLevel: Creating play world package: /Game/BananaCollector/Maps/UEDPIE_0_TutorialMap
[2019.05.19-05.50.18:526][530]LogPlayLevel: PIE: StaticDuplicateObject took: (0.003337s)
[2019.05.19-05.50.18:527][530]LogAIModule: Creating AISystem for world TutorialMap
[2019.05.19-05.50.18:527][530]LogPlayLevel: PIE: World Init took: (0.001049s)
[2019.05.19-05.50.18:527][530]LogPlayLevel: PIE: Created PIE world by copying editor world from /Game/BananaCollector/Maps/TutorialMap.TutorialMap to /Game/BananaCollector/Maps/UEDPIE_0_TutorialMap.TutorialMap (0.004671s)
[2019.05.19-05.50.18:580][530]LogInit: XAudio2 using 'Speakers (Realtek High Definition Audio)' : 2 channels at 48 kHz using 32 bits per sample (channel mask 0x3)
[2019.05.19-05.50.18:618][530]LogInit: FAudioDevice initialized.
[2019.05.19-05.50.18:647][530]LogLoad: Game class is 'GM_Tutorial_C'
[2019.05.19-05.50.18:654][530]LogWorld: Bringing World /Game/BananaCollector/Maps/UEDPIE_0_TutorialMap.TutorialMap up for play (max tick rate 120) at 2019.05.19-11.20.18
[2019.05.19-05.50.18:655][530]LogWorld: Bringing up level for play took: 0.006899
[2019.05.19-05.50.18:662][530]PIE: Info Play in editor start time for /Game/BananaCollector/Maps/UEDPIE_0_TutorialMap -0.409
[2019.05.19-05.50.18:662][530]LogBlueprintUserMessages: Late PlayInEditor Detection: Level '/Game/BananaCollector/Maps/TutorialMap.TutorialMap:PersistentLevel' has LevelScriptBlueprint '/Game/BananaCollector/Maps/TutorialMap.TutorialMap:PersistentLevel.TutorialMap' with GeneratedClass '/Game/BananaCollector/Maps/TutorialMap.TutorialMap_C' with ClassGeneratedBy '/Game/BananaCollector/Maps/TutorialMap.TutorialMap:PersistentLevel.TutorialMap'
[2019.05.19-05.50.29:337][366]LogBlueprintUserMessages: Early EndPlayMap Detection: Level '/Game/BananaCollector/Maps/TutorialMap.TutorialMap:PersistentLevel' has LevelScriptBlueprint '/Game/BananaCollector/Maps/TutorialMap.TutorialMap:PersistentLevel.TutorialMap' with GeneratedClass '/Game/BananaCollector/Maps/TutorialMap.TutorialMap_C' with ClassGeneratedBy '/Game/BananaCollector/Maps/TutorialMap.TutorialMap:PersistentLevel.TutorialMap'
[2019.05.19-05.50.29:387][366]LogBlueprintUserMessages: Late EndPlayMap Detection: Level '/Game/BananaCollector/Maps/TutorialMap.TutorialMap:PersistentLevel' has LevelScriptBlueprint '/Game/BananaCollector/Maps/TutorialMap.TutorialMap:PersistentLevel.TutorialMap' with GeneratedClass '/Game/BananaCollector/Maps/TutorialMap.TutorialMap_C' with ClassGeneratedBy '/Game/BananaCollector/Maps/TutorialMap.TutorialMap:PersistentLevel.TutorialMap'
[2019.05.19-05.51.41:469][665]LogFileHelpers: Editor autosave (incl. sublevels) for '/Game/BananaCollector/Maps/TutorialMap' took 0.050
[2019.05.19-05.51.41:471][665]OBJ SavePackage: Generating thumbnails for [1] asset(s) in package [/Game/BananaCollector/Blueprints/BP_Player] ([1] browsable assets)...
[2019.05.19-05.51.41:552][665]OBJ SavePackage:     Rendered thumbnail for [Blueprint /Game/BananaCollector/Blueprints/BP_Player.BP_Player]
[2019.05.19-05.51.41:552][665]OBJ SavePackage: Finished generating thumbnails for package [/Game/BananaCollector/Blueprints/BP_Player]
[2019.05.19-05.51.41:605][665]LogSavePackage: Save=41.64ms
[2019.05.19-05.51.41:605][665]LogSavePackage: Moving 'E:/ACEDAMIC/3rd Year/SCS 3113 - Game development/BananaCollectorStarter/Saved/BP_Player_Auto55B333CEE4161795B8D5625BCD89165E2.tmp' to 'E:/ACEDAMIC/3rd Year/SCS 3113 - Game development/BananaCollectorStarter/Saved/Autosaves/Game/BananaCollector/Blueprints/BP_Player_Auto5.uasset'
[2019.05.19-05.51.41:606][665]LogSavePackage:Display: Finished SavePackage E:/ACEDAMIC/3rd Year/SCS 3113 - Game development/BananaCollectorStarter/Saved/Autosaves/Game/BananaCollector/Blueprints/BP_Player_Auto5.uasset
[2019.05.19-05.51.41:606][665]LogFileHelpers: Auto-saving content packages took 0.136
[2019.05.19-06.00.53:911][358]LogTemp: Dropped DefaultSceneRoot on Category Components
[2019.05.19-06.02.09:764][116]LogFileHelpers: Editor autosave (incl. sublevels) for '/Game/BananaCollector/Maps/TutorialMap' took 0.051
[2019.05.19-06.02.09:772][116]OBJ SavePackage: Generating thumbnails for [1] asset(s) in package [/Game/BananaCollector/Blueprints/BP_Player] ([1] browsable assets)...
[2019.05.19-06.02.09:818][116]OBJ SavePackage:     Rendered thumbnail for [Blueprint /Game/BananaCollector/Blueprints/BP_Player.BP_Player]
[2019.05.19-06.02.09:818][116]OBJ SavePackage: Finished generating thumbnails for package [/Game/BananaCollector/Blueprints/BP_Player]
[2019.05.19-06.02.09:887][116]LogSavePackage: Save=57.46ms
[2019.05.19-06.02.09:887][116]LogSavePackage: Moving 'E:/ACEDAMIC/3rd Year/SCS 3113 - Game development/BananaCollectorStarter/Saved/BP_Player_Auto6CEFD50A349B2E43ACB1C3A84DD064F59.tmp' to 'E:/ACEDAMIC/3rd Year/SCS 3113 - Game development/BananaCollectorStarter/Saved/Autosaves/Game/BananaCollector/Blueprints/BP_Player_Auto6.uasset'
[2019.05.19-06.02.09:888][116]LogSavePackage:Display: Finished SavePackage E:/ACEDAMIC/3rd Year/SCS 3113 - Game development/BananaCollectorStarter/Saved/Autosaves/Game/BananaCollector/Blueprints/BP_Player_Auto6.uasset
[2019.05.19-06.02.09:888][116]LogFileHelpers: Auto-saving content packages took 0.117
[2019.05.19-06.05.19:716][108]BlueprintLog: New page: Compile BP_Player
[2019.05.19-06.05.26:096][371]LogTemp: Repeting last play command: Selected Viewport
[2019.05.19-06.05.26:143][371]LogBlueprintUserMessages: Early PlayInEditor Detection: Level '/Game/BananaCollector/Maps/TutorialMap.TutorialMap:PersistentLevel' has LevelScriptBlueprint '/Game/BananaCollector/Maps/TutorialMap.TutorialMap:PersistentLevel.TutorialMap' with GeneratedClass '/Game/BananaCollector/Maps/TutorialMap.TutorialMap_C' with ClassGeneratedBy '/Game/BananaCollector/Maps/TutorialMap.TutorialMap:PersistentLevel.TutorialMap'
[2019.05.19-06.05.26:143][371]LogPlayLevel: PlayLevel: No blueprints needed recompiling
[2019.05.19-06.05.26:143][371]PIE: New page: PIE session: TutorialMap (May 19, 2019, 5:05:26 PM)
[2019.05.19-06.05.26:143][371]LogPlayLevel: Creating play world package: /Game/BananaCollector/Maps/UEDPIE_0_TutorialMap
[2019.05.19-06.05.26:149][371]LogPlayLevel: PIE: StaticDuplicateObject took: (0.005600s)
[2019.05.19-06.05.26:153][371]LogAIModule: Creating AISystem for world TutorialMap
[2019.05.19-06.05.26:153][371]LogPlayLevel: PIE: World Init took: (0.004139s)
[2019.05.19-06.05.26:153][371]LogPlayLevel: PIE: Created PIE world by copying editor world from /Game/BananaCollector/Maps/TutorialMap.TutorialMap to /Game/BananaCollector/Maps/UEDPIE_0_TutorialMap.TutorialMap (0.010249s)
[2019.05.19-06.05.26:205][371]LogInit: XAudio2 using 'Speakers (Realtek High Definition Audio)' : 2 channels at 48 kHz using 32 bits per sample (channel mask 0x3)
[2019.05.19-06.05.26:233][371]LogInit: FAudioDevice initialized.
[2019.05.19-06.05.26:273][371]LogLoad: Game class is 'GM_Tutorial_C'
[2019.05.19-06.05.26:277][371]LogWorld: Bringing World /Game/BananaCollector/Maps/UEDPIE_0_TutorialMap.TutorialMap up for play (max tick rate 120) at 2019.05.19-11.35.26
[2019.05.19-06.05.26:278][371]LogWorld: Bringing up level for play took: 0.003973
[2019.05.19-06.05.26:286][371]PIE: Info Play in editor start time for /Game/BananaCollector/Maps/UEDPIE_0_TutorialMap -0.784
[2019.05.19-06.05.26:287][371]LogBlueprintUserMessages: Late PlayInEditor Detection: Level '/Game/BananaCollector/Maps/TutorialMap.TutorialMap:PersistentLevel' has LevelScriptBlueprint '/Game/BananaCollector/Maps/TutorialMap.TutorialMap:PersistentLevel.TutorialMap' with GeneratedClass '/Game/BananaCollector/Maps/TutorialMap.TutorialMap_C' with ClassGeneratedBy '/Game/BananaCollector/Maps/TutorialMap.TutorialMap:PersistentLevel.TutorialMap'
[2019.05.19-06.06.09:776][668]LogBlueprintUserMessages: Early EndPlayMap Detection: Level '/Game/BananaCollector/Maps/TutorialMap.TutorialMap:PersistentLevel' has LevelScriptBlueprint '/Game/BananaCollector/Maps/TutorialMap.TutorialMap:PersistentLevel.TutorialMap' with GeneratedClass '/Game/BananaCollector/Maps/TutorialMap.TutorialMap_C' with ClassGeneratedBy '/Game/BananaCollector/Maps/TutorialMap.TutorialMap:PersistentLevel.TutorialMap'
[2019.05.19-06.06.09:824][668]LogBlueprintUserMessages: Late EndPlayMap Detection: Level '/Game/BananaCollector/Maps/TutorialMap.TutorialMap:PersistentLevel' has LevelScriptBlueprint '/Game/BananaCollector/Maps/TutorialMap.TutorialMap:PersistentLevel.TutorialMap' with GeneratedClass '/Game/BananaCollector/Maps/TutorialMap.TutorialMap_C' with ClassGeneratedBy '/Game/BananaCollector/Maps/TutorialMap.TutorialMap:PersistentLevel.TutorialMap'
[2019.05.19-06.12.54:347][152]LogFileHelpers: Editor autosave (incl. sublevels) for '/Game/BananaCollector/Maps/TutorialMap' took 0.091
[2019.05.19-06.12.54:355][152]OBJ SavePackage: Generating thumbnails for [1] asset(s) in package [/Game/BananaCollector/Blueprints/BP_Player] ([1] browsable assets)...
[2019.05.19-06.12.54:453][152]OBJ SavePackage:     Rendered thumbnail for [Blueprint /Game/BananaCollector/Blueprints/BP_Player.BP_Player]
[2019.05.19-06.12.54:453][152]OBJ SavePackage: Finished generating thumbnails for package [/Game/BananaCollector/Blueprints/BP_Player]
[2019.05.19-06.12.56:213][152]LogSavePackage: Save=1418.19ms
[2019.05.19-06.12.56:226][152]LogSavePackage: Moving 'E:/ACEDAMIC/3rd Year/SCS 3113 - Game development/BananaCollectorStarter/Saved/BP_Player_Auto75B56EC0C4EA972FDD62C459F2F2E4EE4.tmp' to 'E:/ACEDAMIC/3rd Year/SCS 3113 - Game development/BananaCollectorStarter/Saved/Autosaves/Game/BananaCollector/Blueprints/BP_Player_Auto7.uasset'
[2019.05.19-06.12.56:229][152]LogSavePackage:Display: Finished SavePackage E:/ACEDAMIC/3rd Year/SCS 3113 - Game development/BananaCollectorStarter/Saved/Autosaves/Game/BananaCollector/Blueprints/BP_Player_Auto7.uasset
[2019.05.19-06.12.56:230][152]LogFileHelpers: Auto-saving content packages took 1.881
[2019.05.19-06.23.30:501][412]LogFileHelpers: Editor autosave (incl. sublevels) for '/Game/BananaCollector/Maps/TutorialMap' took 0.051
[2019.05.19-06.23.30:503][412]OBJ SavePackage: Generating thumbnails for [1] asset(s) in package [/Game/BananaCollector/Blueprints/BP_Banana] ([1] browsable assets)...
[2019.05.19-06.23.30:587][412]OBJ SavePackage:     Rendered thumbnail for [Blueprint /Game/BananaCollector/Blueprints/BP_Banana.BP_Banana]
[2019.05.19-06.23.30:587][412]OBJ SavePackage: Finished generating thumbnails for package [/Game/BananaCollector/Blueprints/BP_Banana]
[2019.05.19-06.23.30:639][412]LogSavePackage: Save=39.74ms
[2019.05.19-06.23.30:639][412]LogSavePackage: Moving 'E:/ACEDAMIC/3rd Year/SCS 3113 - Game development/BananaCollectorStarter/Saved/BP_Banana_Auto85F1FB32540B031FBB9E29BB1798BE50B.tmp' to 'E:/ACEDAMIC/3rd Year/SCS 3113 - Game development/BananaCollectorStarter/Saved/Autosaves/Game/BananaCollector/Blueprints/BP_Banana_Auto8.uasset'
[2019.05.19-06.23.30:640][412]LogSavePackage:Display: Finished SavePackage E:/ACEDAMIC/3rd Year/SCS 3113 - Game development/BananaCollectorStarter/Saved/Autosaves/Game/BananaCollector/Blueprints/BP_Banana_Auto8.uasset
[2019.05.19-06.23.30:640][412]LogFileHelpers: Auto-saving content packages took 0.138
[2019.05.19-06.23.36:584][633]LogActorComponent: ReregisterComponent: (/Engine/Transient.World_4:PersistentLevel.BP_Banana_C_1.StaticMesh) Not currently registered. Aborting.
[2019.05.19-06.23.36:584][633]LogActorComponent: ReregisterComponent: (/Engine/Transient.World_5:PersistentLevel.BP_Banana_C_0.StaticMesh) Not currently registered. Aborting.
[2019.05.19-06.23.52:432][937]LogActorComponent: ReregisterComponent: (/Engine/Transient.World_5:PersistentLevel.BP_Banana_C_0.StaticMesh) Not currently registered. Aborting.
[2019.05.19-06.23.52:433][937]LogActorComponent: ReregisterComponent: (/Engine/Transient.World_4:PersistentLevel.BP_Banana_C_1.StaticMesh) Not currently registered. Aborting.
[2019.05.19-06.23.55:006][ 69]LogActorComponent: ReregisterComponent: (/Engine/Transient.World_4:PersistentLevel.BP_Banana_C_1.StaticMesh) Not currently registered. Aborting.
[2019.05.19-06.23.55:006][ 69]LogActorComponent: ReregisterComponent: (/Engine/Transient.World_5:PersistentLevel.BP_Banana_C_0.StaticMesh) Not currently registered. Aborting.
[2019.05.19-06.23.56:145][132]LogActorComponent: ReregisterComponent: (/Engine/Transient.World_4:PersistentLevel.BP_Banana_C_1.StaticMesh) Not currently registered. Aborting.
[2019.05.19-06.23.56:145][132]LogActorComponent: ReregisterComponent: (/Engine/Transient.World_5:PersistentLevel.BP_Banana_C_0.StaticMesh) Not currently registered. Aborting.
[2019.05.19-06.23.58:233][242]LogActorComponent: ReregisterComponent: (/Engine/Transient.World_4:PersistentLevel.BP_Banana_C_1.StaticMesh) Not currently registered. Aborting.
[2019.05.19-06.23.58:233][242]LogActorComponent: ReregisterComponent: (/Engine/Transient.World_5:PersistentLevel.BP_Banana_C_0.StaticMesh) Not currently registered. Aborting.
[2019.05.19-06.23.59:531][311]LogActorComponent: ReregisterComponent: (/Engine/Transient.World_4:PersistentLevel.BP_Banana_C_1.StaticMesh) Not currently registered. Aborting.
[2019.05.19-06.23.59:532][311]LogActorComponent: ReregisterComponent: (/Engine/Transient.World_5:PersistentLevel.BP_Banana_C_0.StaticMesh) Not currently registered. Aborting.
[2019.05.19-06.24.10:827][616]LogActorComponent: ReregisterComponent: (/Engine/Transient.World_4:PersistentLevel.BP_Banana_C_1.StaticMesh) Not currently registered. Aborting.
[2019.05.19-06.24.10:827][616]LogActorComponent: ReregisterComponent: (/Engine/Transient.World_5:PersistentLevel.BP_Banana_C_0.StaticMesh) Not currently registered. Aborting.
[2019.05.19-06.24.19:772][859]LogActorComponent: ReregisterComponent: (/Engine/Transient.World_4:PersistentLevel.BP_Banana_C_1.StaticMesh) Not currently registered. Aborting.
[2019.05.19-06.24.19:772][859]LogActorComponent: ReregisterComponent: (/Engine/Transient.World_5:PersistentLevel.BP_Banana_C_0.StaticMesh) Not currently registered. Aborting.
[2019.05.19-06.24.20:529][899]LogActorComponent: ReregisterComponent: (/Engine/Transient.World_4:PersistentLevel.BP_Banana_C_1.StaticMesh) Not currently registered. Aborting.
[2019.05.19-06.24.20:530][899]LogActorComponent: ReregisterComponent: (/Engine/Transient.World_5:PersistentLevel.BP_Banana_C_0.StaticMesh) Not currently registered. Aborting.
[2019.05.19-06.24.21:158][934]LogActorComponent: ReregisterComponent: (/Engine/Transient.World_4:PersistentLevel.BP_Banana_C_1.StaticMesh) Not currently registered. Aborting.
[2019.05.19-06.24.21:158][934]LogActorComponent: ReregisterComponent: (/Engine/Transient.World_5:PersistentLevel.BP_Banana_C_0.StaticMesh) Not currently registered. Aborting.
[2019.05.19-06.24.22:131][987]LogActorComponent: ReregisterComponent: (/Engine/Transient.World_4:PersistentLevel.BP_Banana_C_1.StaticMesh) Not currently registered. Aborting.
[2019.05.19-06.24.22:131][987]LogActorComponent: ReregisterComponent: (/Engine/Transient.World_5:PersistentLevel.BP_Banana_C_0.StaticMesh) Not currently registered. Aborting.
[2019.05.19-06.24.23:615][ 69]LogActorComponent: ReregisterComponent: (/Engine/Transient.World_4:PersistentLevel.BP_Banana_C_1.StaticMesh) Not currently registered. Aborting.
[2019.05.19-06.24.23:615][ 69]LogActorComponent: ReregisterComponent: (/Engine/Transient.World_5:PersistentLevel.BP_Banana_C_0.StaticMesh) Not currently registered. Aborting.
[2019.05.19-06.26.42:032][ 84]BlueprintLog: New page: Compile BP_Banana
[2019.05.19-06.26.47:637][345]LogActorComponent: UnregisterComponent: (/Engine/Transient.EditorFloorComp) Not registered. Aborting.
[2019.05.19-06.27.57:524][743]LogTemp: Repeting last play command: Selected Viewport
[2019.05.19-06.27.57:574][743]LogBlueprintUserMessages: Early PlayInEditor Detection: Level '/Game/BananaCollector/Maps/TutorialMap.TutorialMap:PersistentLevel' has LevelScriptBlueprint '/Game/BananaCollector/Maps/TutorialMap.TutorialMap:PersistentLevel.TutorialMap' with GeneratedClass '/Game/BananaCollector/Maps/TutorialMap.TutorialMap_C' with ClassGeneratedBy '/Game/BananaCollector/Maps/TutorialMap.TutorialMap:PersistentLevel.TutorialMap'
[2019.05.19-06.27.57:576][743]LogPlayLevel: PlayLevel: No blueprints needed recompiling
[2019.05.19-06.27.57:578][743]PIE: New page: PIE session: TutorialMap (May 19, 2019, 5:27:57 PM)
[2019.05.19-06.27.57:578][743]LogPlayLevel: Creating play world package: /Game/BananaCollector/Maps/UEDPIE_0_TutorialMap
[2019.05.19-06.27.57:583][743]LogPlayLevel: PIE: StaticDuplicateObject took: (0.005258s)
[2019.05.19-06.27.57:584][743]LogAIModule: Creating AISystem for world TutorialMap
[2019.05.19-06.27.57:584][743]LogPlayLevel: PIE: World Init took: (0.001348s)
[2019.05.19-06.27.57:585][743]LogPlayLevel: PIE: Created PIE world by copying editor world from /Game/BananaCollector/Maps/TutorialMap.TutorialMap to /Game/BananaCollector/Maps/UEDPIE_0_TutorialMap.TutorialMap (0.006978s)
[2019.05.19-06.27.57:775][743]LogInit: XAudio2 using 'Speakers (Realtek High Definition Audio)' : 2 channels at 48 kHz using 32 bits per sample (channel mask 0x3)
[2019.05.19-06.27.57:824][743]LogInit: FAudioDevice initialized.
[2019.05.19-06.27.57:857][743]LogLoad: Game class is 'GM_Tutorial_C'
[2019.05.19-06.27.57:861][743]LogWorld: Bringing World /Game/BananaCollector/Maps/UEDPIE_0_TutorialMap.TutorialMap up for play (max tick rate 120) at 2019.05.19-11.57.57
[2019.05.19-06.27.57:861][743]LogWorld: Bringing up level for play took: 0.003043
[2019.05.19-06.27.57:863][743]PIE: Info Play in editor start time for /Game/BananaCollector/Maps/UEDPIE_0_TutorialMap 0.794
[2019.05.19-06.27.57:864][743]LogBlueprintUserMessages: Late PlayInEditor Detection: Level '/Game/BananaCollector/Maps/TutorialMap.TutorialMap:PersistentLevel' has LevelScriptBlueprint '/Game/BananaCollector/Maps/TutorialMap.TutorialMap:PersistentLevel.TutorialMap' with GeneratedClass '/Game/BananaCollector/Maps/TutorialMap.TutorialMap_C' with ClassGeneratedBy '/Game/BananaCollector/Maps/TutorialMap.TutorialMap:PersistentLevel.TutorialMap'
[2019.05.19-06.28.29:164][ 60]LogBlueprintUserMessages: Early EndPlayMap Detection: Level '/Game/BananaCollector/Maps/TutorialMap.TutorialMap:PersistentLevel' has LevelScriptBlueprint '/Game/BananaCollector/Maps/TutorialMap.TutorialMap:PersistentLevel.TutorialMap' with GeneratedClass '/Game/BananaCollector/Maps/TutorialMap.TutorialMap_C' with ClassGeneratedBy '/Game/BananaCollector/Maps/TutorialMap.TutorialMap:PersistentLevel.TutorialMap'
[2019.05.19-06.28.29:241][ 60]LogBlueprintUserMessages: Late EndPlayMap Detection: Level '/Game/BananaCollector/Maps/TutorialMap.TutorialMap:PersistentLevel' has LevelScriptBlueprint '/Game/BananaCollector/Maps/TutorialMap.TutorialMap:PersistentLevel.TutorialMap' with GeneratedClass '/Game/BananaCollector/Maps/TutorialMap.TutorialMap_C' with ClassGeneratedBy '/Game/BananaCollector/Maps/TutorialMap.TutorialMap:PersistentLevel.TutorialMap'
[2019.05.19-06.29.05:143][700]LogSavePackage: Save=308.24ms
[2019.05.19-06.29.05:143][700]LogSavePackage: Moving 'E:/ACEDAMIC/3rd Year/SCS 3113 - Game development/BananaCollectorStarter/Saved/TutorialMapC4009B7A450CBE79EE9583923AA99764.tmp' to 'E:/ACEDAMIC/3rd Year/SCS 3113 - Game development/BananaCollectorStarter/Content/BananaCollector/Maps/TutorialMap.umap'
[2019.05.19-06.29.05:152][700]LogSavePackage:Display: Finished SavePackage E:/ACEDAMIC/3rd Year/SCS 3113 - Game development/BananaCollectorStarter/Content/BananaCollector/Maps/TutorialMap.umap
[2019.05.19-06.29.05:374][700]LogFileHelpers: Saving map 'TutorialMap' took 0.692
[2019.05.19-06.29.05:452][700]LogSavePackage: Save=54.04ms
[2019.05.19-06.29.05:452][700]LogSavePackage: Moving 'E:/ACEDAMIC/3rd Year/SCS 3113 - Game development/BananaCollectorStarter/Saved/BP_PlayerD93794BD4902453B5BF07EB31691FDAC.tmp' to 'E:/ACEDAMIC/3rd Year/SCS 3113 - Game development/BananaCollectorStarter/Content/BananaCollector/Blueprints/BP_Player.uasset'
[2019.05.19-06.29.05:458][700]LogSavePackage:Display: Finished SavePackage E:/ACEDAMIC/3rd Year/SCS 3113 - Game development/BananaCollectorStarter/Content/BananaCollector/Blueprints/BP_Player.uasset
[2019.05.19-06.29.05:623][700]LogSavePackage: Save=50.12ms
[2019.05.19-06.29.05:623][700]LogSavePackage: Moving 'E:/ACEDAMIC/3rd Year/SCS 3113 - Game development/BananaCollectorStarter/Saved/BP_Banana9C2677FF4EEC738F80EB8FA2DAEDF787.tmp' to 'E:/ACEDAMIC/3rd Year/SCS 3113 - Game development/BananaCollectorStarter/Content/BananaCollector/Blueprints/BP_Banana.uasset'
[2019.05.19-06.29.05:637][700]LogSavePackage:Display: Finished SavePackage E:/ACEDAMIC/3rd Year/SCS 3113 - Game development/BananaCollectorStarter/Content/BananaCollector/Blueprints/BP_Banana.uasset
[2019.05.19-06.29.09:108][830]Cmd: QUIT_EDITOR
[2019.05.19-06.29.10:038][830]LogWindowsTextInputMethodSystem:Display: IME system now deactivated.
[2019.05.19-06.29.10:403][830]LogExit: Preparing to exit.
[2019.05.19-06.29.12:145][830]LogExit: Editor shut down
[2019.05.19-06.29.12:147][830]LogExit: Transaction tracking system shut down
[2019.05.19-06.29.12:441][830]LogObj: Freed 0b from 0 cluster array pools.
[2019.05.19-06.29.12:442][830]LogExit: Object subsystem successfully closed.
[2019.05.19-06.29.12:499][830]LogD3D11RHI: Shutdown
[2019.05.19-06.29.12:499][830]LogD3D11RHI: CleanupD3DDevice
[2019.05.19-06.29.12:843][830]LogD3D11RHI: ~FD3D11DynamicRHI
[2019.05.19-06.29.12:883][830]LogModuleManager: Shutting down and abandoning module MovieSceneCapture (506)
[2019.05.19-06.29.12:892][830]LogModuleManager: Shutting down and abandoning module BlueprintGraph (504)
[2019.05.19-06.29.12:892][830]LogModuleManager: Shutting down and abandoning module BlueprintProfiler (502)
[2019.05.19-06.29.12:926][830]LogModuleManager: Shutting down and abandoning module ExternalImagePicker (500)
[2019.05.19-06.29.12:926][830]LogModuleManager: Shutting down and abandoning module HierarchicalLODOutliner (498)
[2019.05.19-06.29.12:926][830]LogModuleManager: Shutting down and abandoning module CrashTracker (496)
[2019.05.19-06.29.12:926][830]LogModuleManager: Shutting down and abandoning module SceneOutliner (494)
[2019.05.19-06.29.12:926][830]LogModuleManager: Shutting down and abandoning module AddContentDialog (492)
[2019.05.19-06.29.12:941][830]LogDirectoryWatcher: A directory notification for 'C:/Program Files/Epic Games/UE_4.15/FeaturePacks/' was aborted.
[2019.05.19-06.29.12:951][830]LogModuleManager: Shutting down and abandoning module WidgetCarousel (491)
[2019.05.19-06.29.12:951][830]LogModuleManager: Shutting down and abandoning module EditorWidgets (488)
[2019.05.19-06.29.12:951][830]LogModuleManager: Shutting down and abandoning module CollectionManager (486)
[2019.05.19-06.29.12:951][830]LogDirectoryWatcher: A directory notification for 'E:/ACEDAMIC/3rd Year/SCS 3113 - Game development/BananaCollectorStarter/Content/Collections/' was aborted.
[2019.05.19-06.29.12:951][830]LogDirectoryWatcher: A directory notification for 'E:/ACEDAMIC/3rd Year/SCS 3113 - Game development/BananaCollectorStarter/Content/Developers/Acer/Collections/' was aborted.
[2019.05.19-06.29.12:951][830]LogDirectoryWatcher: A directory notification for 'E:/ACEDAMIC/3rd Year/SCS 3113 - Game development/BananaCollectorStarter/Saved/Collections/' was aborted.
[2019.05.19-06.29.12:951][830]LogModuleManager: Shutting down and abandoning module StatsViewer (484)
[2019.05.19-06.29.12:951][830]LogModuleManager: Shutting down and abandoning module FoliageEdit (482)
[2019.05.19-06.29.12:951][830]LogModuleManager: Shutting down and abandoning module LandscapeEditor (480)
[2019.05.19-06.29.12:951][830]LogModuleManager: Shutting down and abandoning module SceneDepthPickerMode (478)
[2019.05.19-06.29.12:951][830]LogModuleManager: Shutting down and abandoning module ActorPickerMode (476)
[2019.05.19-06.29.12:951][830]LogModuleManager: Shutting down and abandoning module GeometryMode (474)
[2019.05.19-06.29.12:951][830]LogModuleManager: Shutting down and abandoning module TextureAlignMode (472)
[2019.05.19-06.29.12:951][830]LogModuleManager: Shutting down and abandoning module BspMode (470)
[2019.05.19-06.29.12:951][830]LogModuleManager: Shutting down and abandoning module HardwareSurvey (468)
[2019.05.19-06.29.12:951][830]LogModuleManager: Shutting down and abandoning module SequenceRecorderSections (466)
[2019.05.19-06.29.12:952][830]LogModuleManager: Shutting down and abandoning module AutomationWorker (464)
[2019.05.19-06.29.12:952][830]LogModuleManager: Shutting down and abandoning module MatineeToLevelSequence (462)
[2019.05.19-06.29.12:952][830]LogModuleManager: Shutting down and abandoning module LevelSequenceEditor (460)
[2019.05.19-06.29.12:952][830]LogModuleManager: Shutting down and abandoning module PlacementMode (459)
[2019.05.19-06.29.12:952][830]LogModuleManager: Shutting down and abandoning module WmfMediaFactory (456)
[2019.05.19-06.29.12:952][830]LogModuleManager: Shutting down and abandoning module WmfMediaEditor (454)
[2019.05.19-06.29.12:952][830]LogModuleManager: Shutting down and abandoning module MfMediaFactory (452)
[2019.05.19-06.29.12:952][830]LogModuleManager: Shutting down and abandoning module MfMediaEditor (450)
[2019.05.19-06.29.12:952][830]LogModuleManager: Shutting down and abandoning module AvfMediaFactory (448)
[2019.05.19-06.29.12:952][830]LogModuleManager: Shutting down and abandoning module AvfMediaEditor (446)
[2019.05.19-06.29.12:952][830]LogModuleManager: Shutting down and abandoning module AndroidMediaFactory (444)
[2019.05.19-06.29.12:952][830]LogModuleManager: Shutting down and abandoning module Media (443)
[2019.05.19-06.29.12:952][830]LogModuleManager: Shutting down and abandoning module AndroidMediaEditor (440)
[2019.05.19-06.29.12:952][830]LogModuleManager: Shutting down and abandoning module CharacterAI (438)
[2019.05.19-06.29.12:952][830]LogModuleManager: Shutting down and abandoning module AudioCapture (436)
[2019.05.19-06.29.12:952][830]LogModuleManager: Shutting down and abandoning module SequenceRecorder (435)
[2019.05.19-06.29.12:952][830]LogModuleManager: Shutting down and abandoning module SmartSnapping (432)
[2019.05.19-06.29.12:952][830]LogModuleManager: Shutting down and abandoning module SessionServices (430)
[2019.05.19-06.29.12:952][830]LogModuleManager: Shutting down and abandoning module ViewportSnapping (428)
[2019.05.19-06.29.12:952][830]LogModuleManager: Shutting down and abandoning module ViewportInteraction (426)
[2019.05.19-06.29.12:952][830]LogModuleManager: Shutting down and abandoning module LogVisualizer (424)
[2019.05.19-06.29.12:952][830]LogModuleManager: Shutting down and abandoning module IntroTutorials (422)
[2019.05.19-06.29.12:952][830]LogModuleManager: Shutting down and abandoning module GameProjectGeneration (421)
[2019.05.19-06.29.12:952][830]LogModuleManager: Shutting down and abandoning module EditorLiveStreaming (418)
[2019.05.19-06.29.12:952][830]LogModuleManager: Shutting down and abandoning module IOSPlatformEditor (416)
[2019.05.19-06.29.12:952][830]LogModuleManager: Shutting down and abandoning module HTML5PlatformEditor (414)
[2019.05.19-06.29.12:953][830]LogModuleManager: Shutting down and abandoning module AndroidPlatformEditor (412)
[2019.05.19-06.29.12:953][830]LogModuleManager: Shutting down and abandoning module AndroidDeviceDetection (411)
[2019.05.19-06.29.13:474][830]LogModuleManager: Shutting down and abandoning module IOSRuntimeSettings (408)
[2019.05.19-06.29.13:474][830]LogModuleManager: Shutting down and abandoning module AndroidRuntimeSettings (406)
[2019.05.19-06.29.13:474][830]LogModuleManager: Shutting down and abandoning module InputBindingEditor (404)
[2019.05.19-06.29.13:474][830]LogModuleManager: Shutting down and abandoning module NiagaraEditor (402)
[2019.05.19-06.29.13:474][830]LogModuleManager: Shutting down and abandoning module MergeActors (400)
[2019.05.19-06.29.13:474][830]LogModuleManager: Shutting down and abandoning module SizeMap (398)
[2019.05.19-06.29.13:474][830]LogModuleManager: Shutting down and abandoning module TreeMap (396)
[2019.05.19-06.29.13:474][830]LogModuleManager: Shutting down and abandoning module ReferenceViewer (394)
[2019.05.19-06.29.13:474][830]LogModuleManager: Shutting down and abandoning module LocalizationDashboard (392)
[2019.05.19-06.29.13:474][830]LogModuleManager: Shutting down and abandoning module LocalizationService (391)
[2019.05.19-06.29.13:474][830]LogModuleManager: Shutting down and abandoning module HardwareTargeting (388)
[2019.05.19-06.29.13:474][830]LogModuleManager: Shutting down and abandoning module DeviceProfileEditor (386)
[2019.05.19-06.29.13:474][830]LogModuleManager: Shutting down and abandoning module UndoHistory (384)
[2019.05.19-06.29.13:474][830]LogModuleManager: Shutting down and abandoning module UserFeedback (382)
[2019.05.19-06.29.13:474][830]LogModuleManager: Shutting down and abandoning module XmlParser (380)
[2019.05.19-06.29.13:474][830]LogModuleManager: Shutting down and abandoning module Blutility (378)
[2019.05.19-06.29.13:474][830]LogModuleManager: Shutting down and abandoning module ProjectSettingsViewer (376)
[2019.05.19-06.29.13:475][830]LogModuleManager: Shutting down and abandoning module ProjectTargetPlatformEditor (375)
[2019.05.19-06.29.13:475][830]LogModuleManager: Shutting down and abandoning module EditorSettingsViewer (372)
[2019.05.19-06.29.13:475][830]LogModuleManager: Shutting down and abandoning module SettingsEditor (370)
[2019.05.19-06.29.13:475][830]LogModuleManager: Shutting down and abandoning module ProjectLauncher (368)
[2019.05.19-06.29.13:475][830]LogModuleManager: Shutting down and abandoning module SessionFrontend (366)
[2019.05.19-06.29.13:475][830]LogModuleManager: Shutting down and abandoning module ProfilerClient (364)
[2019.05.19-06.29.13:475][830]LogModuleManager: Shutting down and abandoning module DeviceManager (362)
[2019.05.19-06.29.13:476][830]LogModuleManager: Shutting down and abandoning module TargetDeviceServices (361)
[2019.05.19-06.29.13:531][830]LogModuleManager: Shutting down and abandoning module AutomationController (358)
[2019.05.19-06.29.13:531][830]LogModuleManager: Shutting down and abandoning module AutomationWindow (356)
[2019.05.19-06.29.13:531][830]LogModuleManager: Shutting down and abandoning module Layers (354)
[2019.05.19-06.29.13:531][830]LogModuleManager: Shutting down and abandoning module ComponentVisualizers (352)
[2019.05.19-06.29.13:531][830]LogModuleManager: Shutting down and abandoning module DetailCustomizations (350)
[2019.05.19-06.29.13:531][830]LogModuleManager: Shutting down and abandoning module PackagesDialog (348)
[2019.05.19-06.29.13:531][830]LogModuleManager: Shutting down and abandoning module Persona (346)
[2019.05.19-06.29.13:531][830]LogModuleManager: Shutting down and abandoning module AnimGraph (345)
[2019.05.19-06.29.13:531][830]LogModuleManager: Shutting down and abandoning module Kismet (342)
[2019.05.19-06.29.13:549][830]LogModuleManager: Shutting down and abandoning module GraphEditor (340)
[2019.05.19-06.29.13:549][830]LogModuleManager: Shutting down and abandoning module ClassViewer (338)
[2019.05.19-06.29.13:549][830]LogModuleManager: Shutting down and abandoning module Toolbox (336)
[2019.05.19-06.29.13:549][830]LogModuleManager: Shutting down and abandoning module ModuleUI (334)
[2019.05.19-06.29.13:549][830]LogModuleManager: Shutting down and abandoning module MovieSceneTools (332)
[2019.05.19-06.29.13:549][830]LogModuleManager: Shutting down and abandoning module OutputLog (330)
[2019.05.19-06.29.13:550][830]LogModuleManager: Shutting down and abandoning module GammaUI (328)
[2019.05.19-06.29.13:550][830]LogModuleManager: Shutting down and abandoning module Documentation (326)
[2019.05.19-06.29.13:602][830]LogModuleManager: Shutting down and abandoning module Niagara (324)
[2019.05.19-06.29.13:602][830]LogModuleManager: Shutting down and abandoning module StreamingPauseRendering (322)
[2019.05.19-06.29.13:602][830]LogModuleManager: Shutting down and abandoning module AnalyticsET (320)
[2019.05.19-06.29.13:602][830]LogModuleManager: Shutting down and abandoning module PortalServices (318)
[2019.05.19-06.29.13:602][830]LogModuleManager: Shutting down and abandoning module PortalRpc (316)
[2019.05.19-06.29.13:602][830]LogModuleManager: Shutting down and abandoning module MessagingRpc (314)
[2019.05.19-06.29.13:602][830]LogModuleManager: Shutting down and abandoning module AIModule (312)
[2019.05.19-06.29.13:602][830]LogModuleManager: Shutting down and abandoning module GameplayDebugger (311)
[2019.05.19-06.29.13:602][830]LogModuleManager: Shutting down and abandoning module AITestSuite (309)
[2019.05.19-06.29.13:602][830]LogModuleManager: Shutting down and abandoning module ProfilerService (306)
[2019.05.19-06.29.13:809][830]LogModuleManager: Shutting down and abandoning module TaskGraph (304)
[2019.05.19-06.29.13:809][830]LogModuleManager: Shutting down and abandoning module SteamVRController (302)
[2019.05.19-06.29.13:809][830]LogModuleManager: Shutting down and abandoning module SteamVR (300)
[2019.05.19-06.29.13:809][830]LogModuleManager: Shutting down and abandoning module ProceduralMeshComponentEditor (298)
[2019.05.19-06.29.13:809][830]LogModuleManager: Shutting down and abandoning module ProceduralMeshComponent (296)
[2019.05.19-06.29.13:809][830]LogModuleManager: Shutting down and abandoning module OculusLibrary (294)
[2019.05.19-06.29.13:809][830]LogModuleManager: Shutting down and abandoning module OculusInput (292)
[2019.05.19-06.29.13:809][830]LogModuleManager: Shutting down and abandoning module MobilePatchingUtils (290)
[2019.05.19-06.29.13:809][830]LogModuleManager: Shutting down and abandoning module CustomMeshComponent (288)
[2019.05.19-06.29.13:809][830]LogModuleManager: Shutting down and abandoning module CableComponent (286)
[2019.05.19-06.29.13:810][830]LogModuleManager: Shutting down and abandoning module ArchVisCharacter (284)
[2019.05.19-06.29.13:810][830]LogModuleManager: Shutting down and abandoning module MediaPlayerEditor (280)
[2019.05.19-06.29.13:810][830]LogModuleManager: Shutting down and abandoning module HTML5Networking (278)
[2019.05.19-06.29.13:810][830]LogModuleManager: Shutting down and abandoning module AlembicImporter (276)
[2019.05.19-06.29.13:810][830]LogModuleManager: Shutting down and abandoning module AlembicLibrary (275)
[2019.05.19-06.29.13:810][830]LogModuleManager: Shutting down and abandoning module GeometryCache (274)
[2019.05.19-06.29.13:810][830]LogModuleManager: Shutting down and abandoning module GeometryCacheEd (273)
[2019.05.19-06.29.13:810][830]LogModuleManager: Shutting down and abandoning module SuperSearchEditor (268)
[2019.05.19-06.29.13:810][830]LogModuleManager: Shutting down and abandoning module SuperSearch (267)
[2019.05.19-06.29.13:810][830]LogModuleManager: Shutting down and abandoning module SpeedTreeImporter (264)
[2019.05.19-06.29.13:810][830]LogModuleManager: Shutting down and abandoning module PluginBrowser (262)
[2019.05.19-06.29.13:811][830]LogModuleManager: Shutting down and abandoning module MobileLauncherProfileWizard (260)
[2019.05.19-06.29.13:811][830]LogModuleManager: Shutting down and abandoning module EpicSurvey (258)
[2019.05.19-06.29.13:811][830]LogModuleManager: Shutting down and abandoning module VisualStudioSourceCodeAccess (256)
[2019.05.19-06.29.13:811][830]LogModuleManager: Shutting down and abandoning module DesktopPlatform (255)
[2019.05.19-06.29.13:811][830]LogModuleManager: Shutting down and abandoning module UObjectPlugin (252)
[2019.05.19-06.29.13:811][830]LogModuleManager: Shutting down and abandoning module SubversionSourceControl (250)
[2019.05.19-06.29.13:811][830]LogModuleManager: Shutting down and abandoning module PerforceSourceControl (248)
[2019.05.19-06.29.13:811][830]LogModuleManager: Shutting down and abandoning module GitSourceControl (246)
[2019.05.19-06.29.13:812][830]LogModuleManager: Shutting down and abandoning module SourceControl (245)
[2019.05.19-06.29.13:812][830]LogModuleManager: Shutting down and abandoning module LightPropagationVolumeEditor (242)
[2019.05.19-06.29.13:812][830]LogModuleManager: Shutting down and abandoning module PaperTiledImporter (240)
[2019.05.19-06.29.13:812][830]LogModuleManager: Shutting down and abandoning module PaperSpriteSheetImporter (238)
[2019.05.19-06.29.13:812][830]LogModuleManager: Shutting down and abandoning module Paper2DEditor (236)
[2019.05.19-06.29.13:812][830]LogModuleManager: Shutting down and abandoning module MeshPaint (235)
[2019.05.19-06.29.13:812][830]LogModuleManager: Shutting down and abandoning module LevelEditor (233)
[2019.05.19-06.29.13:816][830]LogModuleManager: Shutting down and abandoning module PixelInspectorModule (232)
[2019.05.19-06.29.13:816][830]LogModuleManager: Shutting down and abandoning module MainFrame (230)
[2019.05.19-06.29.13:816][830]LogModuleManager: Shutting down and abandoning module HotReload (229)
[2019.05.19-06.29.13:817][830]LogModuleManager: Shutting down and abandoning module ContentBrowser (225)
[2019.05.19-06.29.13:821][830]LogModuleManager: Shutting down and abandoning module PhysXVehiclesEditor (222)
[2019.05.19-06.29.13:821][830]LogModuleManager: Shutting down and abandoning module PhysXVehicles (220)
[2019.05.19-06.29.13:821][830]LogModuleManager: Shutting down and abandoning module LocationServicesBPLibrary (218)
[2019.05.19-06.29.13:821][830]LogModuleManager: Shutting down and abandoning module UdpMessaging (216)
[2019.05.19-06.29.13:922][830]LogModuleManager: Shutting down and abandoning module TcpMessaging (214)
[2019.05.19-06.29.14:023][830]LogModuleManager: Shutting down and abandoning module GameplayTagsEditor (212)
[2019.05.19-06.29.14:023][830]LogModuleManager: Shutting down and abandoning module FacialAnimationEditor (210)
[2019.05.19-06.29.14:023][830]LogModuleManager: Shutting down and abandoning module FacialAnimation (208)
[2019.05.19-06.29.14:023][830]LogModuleManager: Shutting down and abandoning module LightPropagationVolumeRuntime (206)
[2019.05.19-06.29.14:023][830]LogModuleManager: Shutting down and abandoning module Paper2D (204)
[2019.05.19-06.29.14:023][830]LogModuleManager: Shutting down and abandoning module WindowsMoviePlayer (202)
[2019.05.19-06.29.14:023][830]LogModuleManager: Shutting down and abandoning module WmfMedia (200)
[2019.05.19-06.29.14:025][830]LogModuleManager: Shutting down and abandoning module MfMedia (198)
[2019.05.19-06.29.14:025][830]LogModuleManager: Shutting down and abandoning module MediaAssets (196)
[2019.05.19-06.29.14:025][830]LogModuleManager: Shutting down and abandoning module GameLiveStreaming (194)
[2019.05.19-06.29.14:025][830]LogModuleManager: Shutting down and abandoning module VREditor (192)
[2019.05.19-06.29.14:026][830]LogModuleManager: Shutting down and abandoning module GameplayTasksEditor (190)
[2019.05.19-06.29.14:026][830]LogModuleManager: Shutting down and abandoning module BehaviorTreeEditor (188)
[2019.05.19-06.29.14:026][830]LogModuleManager: Shutting down and abandoning module FunctionalTesting (186)
[2019.05.19-06.29.14:026][830]LogModuleManager: Shutting down and abandoning module CollisionAnalyzer (184)
[2019.05.19-06.29.14:026][830]LogModuleManager: Shutting down and abandoning module UMG (182)
[2019.05.19-06.29.14:026][830]LogModuleManager: Shutting down and abandoning module UMGEditor (181)
[2019.05.19-06.29.14:026][830]LogModuleManager: Shutting down and abandoning module Sequencer (180)
[2019.05.19-06.29.14:026][830]LogModuleManager: Shutting down and abandoning module AssetTools (178)
[2019.05.19-06.29.14:026][830]LogModuleManager: Shutting down and abandoning module MessageLog (177)
[2019.05.19-06.29.14:026][830]LogModuleManager: Shutting down and abandoning module WorkspaceMenuStructure (176)
[2019.05.19-06.29.14:026][830]LogModuleManager: Shutting down and abandoning module SlateReflector (170)
[2019.05.19-06.29.14:026][830]LogModuleManager: Shutting down and abandoning module Slate (168)
[2019.05.19-06.29.14:026][830]LogModuleManager: Shutting down and abandoning module EditorStyle (166)
[2019.05.19-06.29.14:031][830]LogModuleManager: Shutting down and abandoning module SourceCodeAccess (164)
[2019.05.19-06.29.14:031][830]LogModuleManager: Shutting down and abandoning module HeadMountedDisplay (162)
[2019.05.19-06.29.14:031][830]LogModuleManager: Shutting down and abandoning module XAudio2 (160)
[2019.05.19-06.29.14:031][830]LogModuleManager: Shutting down and abandoning module Networking (158)
[2019.05.19-06.29.14:031][830]LogModuleManager: Shutting down and abandoning module Core (154)
[2019.05.19-06.29.14:031][830]LogModuleManager: Shutting down and abandoning module AssetRegistry (152)
[2019.05.19-06.29.14:303][830]LogDirectoryWatcher: A directory notification for '../../../Engine/Content/' was aborted.
[2019.05.19-06.29.14:303][830]LogDirectoryWatcher: A directory notification for 'E:/ACEDAMIC/3rd Year/SCS 3113 - Game development/BananaCollectorStarter/Content/' was aborted.
[2019.05.19-06.29.14:303][830]LogDirectoryWatcher: A directory notification for '../../../Engine/Plugins/2D/Paper2D/Content/' was aborted.
[2019.05.19-06.29.14:303][830]LogModuleManager: Shutting down and abandoning module DirectoryWatcher (151)
[2019.05.19-06.29.14:308][830]LogModuleManager: Shutting down and abandoning module KismetCompiler (148)
[2019.05.19-06.29.14:308][830]LogModuleManager: Shutting down and abandoning module PhysXFormats (146)
[2019.05.19-06.29.14:308][830]LogModuleManager: Shutting down and abandoning module MeshUtilities (144)
[2019.05.19-06.29.14:309][830]LogModuleManager: Shutting down and abandoning module SimplygonSwarm (143)
[2019.05.19-06.29.14:309][830]LogModuleManager: Shutting down and abandoning module SimplygonMeshReduction (141)
[2019.05.19-06.29.14:309][830]LogModuleManager: Shutting down and abandoning module QuadricMeshReduction (139)
[2019.05.19-06.29.14:309][830]LogModuleManager: Shutting down and abandoning module PropertyEditor (137)
[2019.05.19-06.29.14:309][830]LogModuleManager: Shutting down and abandoning module DerivedDataCache (134)
[2019.05.19-06.29.14:397][830]LogDerivedDataCache: Shutdown
[2019.05.19-06.29.14:397][830]LogModuleManager: Shutting down and abandoning module TargetPlatform (132)
[2019.05.19-06.29.14:397][830]LogModuleManager: Shutting down and abandoning module VulkanShaderFormat (131)
[2019.05.19-06.29.14:397][830]LogModuleManager: Shutting down and abandoning module ShaderFormatOpenGL (129)
[2019.05.19-06.29.14:397][830]LogModuleManager: Shutting down and abandoning module ShaderFormatD3D (127)
[2019.05.19-06.29.14:397][830]LogModuleManager: Shutting down and abandoning module MetalShaderFormat (125)
[2019.05.19-06.29.14:397][830]LogModuleManager: Shutting down and abandoning module TextureFormatUncompressed (123)
[2019.05.19-06.29.14:397][830]LogModuleManager: Shutting down and abandoning module TextureFormatPVR (121)
[2019.05.19-06.29.14:397][830]LogModuleManager: Shutting down and abandoning module TextureFormatDXT (119)
[2019.05.19-06.29.14:397][830]LogModuleManager: Shutting down and abandoning module TextureFormatIntelISPCTexComp (117)
[2019.05.19-06.29.14:398][830]LogModuleManager: Shutting down and abandoning module TextureFormatASTC (115)
[2019.05.19-06.29.14:398][830]LogModuleManager: Shutting down and abandoning module ImageWrapper (114)
[2019.05.19-06.29.14:398][830]LogModuleManager: Shutting down and abandoning module TextureFormatAndroid (111)
[2019.05.19-06.29.14:398][830]LogModuleManager: Shutting down and abandoning module AudioFormatOpus (109)
[2019.05.19-06.29.14:398][830]LogModuleManager: Shutting down and abandoning module AudioFormatOgg (107)
[2019.05.19-06.29.14:398][830]LogModuleManager: Shutting down and abandoning module AudioFormatADPCM (105)
[2019.05.19-06.29.14:398][830]LogModuleManager: Shutting down and abandoning module LinuxTargetPlatform (103)
[2019.05.19-06.29.14:398][830]LogModuleManager: Shutting down and abandoning module LinuxServerTargetPlatform (101)
[2019.05.19-06.29.14:398][830]LogModuleManager: Shutting down and abandoning module LinuxNoEditorTargetPlatform (99)
[2019.05.19-06.29.14:398][830]LogModuleManager: Shutting down and abandoning module LinuxClientTargetPlatform (97)
[2019.05.19-06.29.14:398][830]LogModuleManager: Shutting down and abandoning module TVOSTargetPlatform (95)
[2019.05.19-06.29.14:398][830]LogModuleManager: Shutting down and abandoning module Messaging (93)
[2019.05.19-06.29.14:398][830]LogModuleManager: Shutting down and abandoning module IOSTargetPlatform (91)
[2019.05.19-06.29.14:398][830]LogModuleManager: Shutting down and abandoning module HTML5TargetPlatform (89)
[2019.05.19-06.29.14:398][830]LogModuleManager: Shutting down and abandoning module Android_PVRTCTargetPlatform (87)
[2019.05.19-06.29.14:398][830]LogModuleManager: Shutting down and abandoning module Android_MultiTargetPlatform (85)
[2019.05.19-06.29.14:398][830]LogModuleManager: Shutting down and abandoning module Android_ETC2TargetPlatform (83)
[2019.05.19-06.29.14:398][830]LogModuleManager: Shutting down and abandoning module Android_ETC1TargetPlatform (81)
[2019.05.19-06.29.14:398][830]LogModuleManager: Shutting down and abandoning module Android_DXTTargetPlatform (79)
[2019.05.19-06.29.14:398][830]LogModuleManager: Shutting down and abandoning module Android_ATCTargetPlatform (77)
[2019.05.19-06.29.14:398][830]LogModuleManager: Shutting down and abandoning module Android_ASTCTargetPlatform (75)
[2019.05.19-06.29.14:398][830]LogModuleManager: Shutting down and abandoning module AndroidTargetPlatform (73)
[2019.05.19-06.29.14:398][830]LogModuleManager: Shutting down and abandoning module WindowsTargetPlatform (71)
[2019.05.19-06.29.14:398][830]LogModuleManager: Shutting down and abandoning module WindowsServerTargetPlatform (69)
[2019.05.19-06.29.14:398][830]LogModuleManager: Shutting down and abandoning module WindowsNoEditorTargetPlatform (67)
[2019.05.19-06.29.14:398][830]LogModuleManager: Shutting down and abandoning module WindowsClientTargetPlatform (65)
[2019.05.19-06.29.14:398][830]LogModuleManager: Shutting down and abandoning module MacTargetPlatform (63)
[2019.05.19-06.29.14:398][830]LogModuleManager: Shutting down and abandoning module MacServerTargetPlatform (61)
[2019.05.19-06.29.14:398][830]LogModuleManager: Shutting down and abandoning module MacNoEditorTargetPlatform (59)
[2019.05.19-06.29.14:398][830]LogModuleManager: Shutting down and abandoning module MacClientTargetPlatform (57)
[2019.05.19-06.29.14:398][830]LogModuleManager: Shutting down and abandoning module AllDesktopTargetPlatform (55)
[2019.05.19-06.29.14:398][830]LogModuleManager: Shutting down and abandoning module InputCore (52)
[2019.05.19-06.29.14:398][830]LogModuleManager: Shutting down and abandoning module Settings (50)
[2019.05.19-06.29.14:398][830]LogModuleManager: Shutting down and abandoning module OculusRift (48)
[2019.05.19-06.29.14:398][830]LogModuleManager: Shutting down and abandoning module GearVR (46)
[2019.05.19-06.29.14:398][830]LogModuleManager: Shutting down and abandoning module ExampleDeviceProfileSelector (44)
[2019.05.19-06.29.14:398][830]LogModuleManager: Shutting down and abandoning module OnlineBlueprintSupport (42)
[2019.05.19-06.29.14:398][830]LogModuleManager: Shutting down and abandoning module OnlineSubsystem (38)
[2019.05.19-06.29.14:398][830]LogOnline:Display: Unloading online subsystem: NULL
[2019.05.19-06.29.14:398][830]LogModuleManager: Shutting down and abandoning module XMPP (37)
[2019.05.19-06.29.14:399][830]LogModuleManager: Shutting down and abandoning module HTTP (35)
[2019.05.19-06.29.14:399][830]LogHttp:Display: Http module shutting down, but needs to wait on 1 outstanding Http requests:
[2019.05.19-06.29.14:399][830]LogHttp:Display: 	verb=[POST] url=[https://datarouter.ol.epicgames.com/datarouter/api/v1/public/data?SessionID=%7BA1DF1324-4616-0C38-69DD-6490D3382DC1%7D&AppID=UEEditor.Rocket.Release&AppVersion=4.15.3-3450819%2B%2B%2BUE4%2BRelease-4.15&UserID=c23ff326442d1224e4558c9192a3a968%7C75d3919b08194cf6acb7c63bb9aaf1cc%7Cd82e9d82-40bb-4b99-85ad-5276bd1e6f44&AppEnvironment=datacollector-binary&UploadType=eteventstream] status=Processing
[2019.05.19-06.29.14:427][830]LogModuleManager: Shutting down and abandoning module SSL (34)
[2019.05.19-06.29.14:430][830]LogModuleManager: Shutting down and abandoning module AudioEditor (30)
[2019.05.19-06.29.14:430][830]LogModuleManager: Shutting down and abandoning module TextureCompressor (28)
[2019.05.19-06.29.14:430][830]LogModuleManager: Shutting down and abandoning module ShaderCore (26)
[2019.05.19-06.29.14:430][830]LogModuleManager: Shutting down and abandoning module Landscape (24)
[2019.05.19-06.29.14:430][830]LogModuleManager: Shutting down and abandoning module SlateRHIRenderer (22)
[2019.05.19-06.29.14:502][830]LogModuleManager: Shutting down and abandoning module OpenGLDrv (20)
[2019.05.19-06.29.14:503][830]LogModuleManager: Shutting down and abandoning module D3D11RHI (18)
[2019.05.19-06.29.14:503][830]LogModuleManager: Shutting down and abandoning module AnimGraphRuntime (16)
[2019.05.19-06.29.14:503][830]LogModuleManager: Shutting down and abandoning module Renderer (14)
[2019.05.19-06.29.14:503][830]LogModuleManager: Shutting down and abandoning module Engine (12)
[2019.05.19-06.29.14:503][830]LogModuleManager: Shutting down and abandoning module CoreUObject (10)
[2019.05.19-06.29.14:503][830]LogModuleManager: Shutting down and abandoning module NetworkFile (8)
[2019.05.19-06.29.14:503][830]LogModuleManager: Shutting down and abandoning module StreamingFile (6)
[2019.05.19-06.29.14:503][830]LogModuleManager: Shutting down and abandoning module SandboxFile (4)
[2019.05.19-06.29.14:503][830]LogModuleManager: Shutting down and abandoning module PakFile (2)
[2019.05.19-06.29.14:513][830]LogExit: Exiting.
[2019.05.19-06.29.14:524][830]Log file closed, 05/19/19 11:59:14
